0.075 0.07 [0.933333333333333] 46339 -5.80209679551539 5035 50.4
0.075 0.07 [0.933333333333333] 46352 -5.80237729739983 5037 50.3
0.078169 0.08 [1.02342360782407] 44528 -5.6700847045145 4988 49.3
0.078169 0.08 [1.02342360782407] 45080 -5.68240518890254 5160 50.9
0.081473 0.08 [0.981920390804316] 41903 -5.6507224506375 4837 47.9
0.081473 0.08 [0.981920390804316] 42641 -5.66818125896734 4950 49.9
0.084916 0.08 [0.942107494465118] 39917 -5.64355818110049 5017 50.6
0.084916 0.08 [0.942107494465118] 40460 -5.65706971452135 5366 51.6
0.088505 0.09 [1.01689170103384] 38215 -5.52359747084358 5133 50.5
0.088505 0.09 [1.01689170103384] 38285 -5.52542753671382 5014 49.9
0.092245 0.09 [0.97566263754133] 36546 -5.52033013654775 4968 49.3
0.092245 0.09 [0.97566263754133] 36550 -5.52043958166113 5077 50.5
0.096143 0.10 [1.04011732523429] 34778 -5.40677146833008 5052 49.6
0.096143 0.10 [1.04011732523429] 34798 -5.40734637923473 4962 50.2
0.100207 0.10 [0.997934276048579] 33505 -5.41088252681301 4760 49.2
0.100207 0.10 [0.997934276048579] 33682 -5.41615141542174 5264 51.0
0.104442 0.10 [0.957469217364662] 32256 -5.41428576474532 4869 49.3
0.104442 0.11 [1.05321613910113] 32372 -5.32256536412555 4757 49.0
0.108856 0.10 [0.918644815168663] 30400 -5.39641831519852 5188 52.0
0.108856 0.10 [0.918644815168663] 30660 -5.40493458023002 5059 51.6
0.113456 0.11 [0.969538852065999] 28784 -5.28787439286328 5139 52.1
0.113456 0.11 [0.969538852065999] 28966 -5.29417744403377 4948 49.7
0.118251 0.12 [1.01479057259558] 26599 -5.16331134719576 4829 47.9
0.118251 0.12 [1.01479057259558] 27131 -5.18311471165634 4967 49.7
0.123248 0.12 [0.973646631182656] 26224 -5.19050184971592 4811 49.7
0.123248 0.12 [0.973646631182656] 26528 -5.20202760666733 4940 51.0
0.128457 0.13 [1.01201180161455] 24516 -5.08450571803763 4911 48.8
0.128457 0.13 [1.01201180161455] 25032 -5.10533475878073 4861 49.6
0.133886 0.13 [0.97097530735103] 23717 -5.09276631660533 5296 52.1
0.133886 0.14 [1.0456657156088] 23506 -5.00972196157951 4832 48.0
0.139544 0.13 [0.931605801754285] 22414 -5.07765126177597 5207 51.4
0.139544 0.14 [1.00326778650462] 22452 -5.00523722307236 4874 50.3
0.145442 0.14 [0.962583022785715] 21372 -4.99733659808186 4929 50.3
0.145442 0.14 [0.962583022785715] 21782 -5.01633888463983 4973 51.5
0.151588 0.15 [0.989524236746972] 20442 -4.92524261309898 5052 50.1
0.151588 0.16 [1.05549251919677] 20187 -4.84815131692882 4742 48.3
0.157995 0.16 [1.0126902750087] 19364 -4.84792522868612 4830 49.7
0.157995 0.16 [1.0126902750087] 19365 -4.84797686957538 5059 49.6
0.164672 0.16 [0.971628449280995] 18307 -4.83318528668021 5191 51.5
0.164672 0.17 [1.03235522736106] 18531 -4.78472216987677 4904 49.0
0.171631 0.17 [0.990497054727876] 17270 -4.75563926341299 5124 50.6
0.171631 0.17 [0.990497054727876] 17441 -4.76549212754094 4862 48.2
0.178885 0.17 [0.950331218380524] 16987 -4.78051303474835 5082 51.2
0.178885 0.18 [1.00623305475585] 16839 -4.7146038998994 4941 50.3
0.186445 0.18 [0.96543216498163] 15832 -4.69433263172021 5230 51.8
0.186445 0.18 [0.96543216498163] 15962 -4.70251032087376 5047 50.1
0.194324 0.19 [0.977748502500978] 14977 -4.62613847282043 4848 50.2
0.194324 0.19 [0.977748502500978] 15071 -4.63239514924771 4867 50.5
0.202537 0.20 [0.987473893658936] 14254 -4.56676277332296 5118 51.0
0.202537 0.21 [1.03684758834188] 14002 -4.50013521662885 4691 48.0
0.211096 0.21 [0.994808049418274] 13322 -4.49174226446845 5149 52.0
0.211096 0.21 [0.994808049418274] 13515 -4.50612564020587 4953 49.3
0.220017 0.21 [0.954471699914098] 12706 -4.48579159310701 5161 50.7
0.220017 0.22 [0.99992273324334] 12553 -4.42715693546384 4937 49.7
0.229316 0.22 [0.959374836470198] 12318 -4.44965501081184 5144 51.9
0.229316 0.22 [0.959374836470198] 12324 -4.45014198428141 4974 51.3
0.239007 0.24 [1.00415469003] 11179 -4.30701092003761 5005 49.4
0.239007 0.24 [1.00415469003] 11565 -4.34095719743283 4747 48.7
0.249108 0.25 [1.00358077620952] 10472 -4.24225063299989 5188 50.6
0.249108 0.25 [1.00358077620952] 10898 -4.2821248905532 4884 48.6
0.259636 0.26 [1.00140196274785] 9974 -4.19570071109418 5150 49.4
0.259636 0.26 [1.00140196274785] 9977 -4.19600144790162 5228 50.1
0.270608 0.27 [0.997753207591793] 9447 -4.14506653590619 4869 49.6
0.270608 0.27 [0.997753207591793] 9611 -4.16227758096034 4857 48.8
0.282045 0.28 [0.992749383963552] 8997 -4.10128820282716 4924 49.0
0.282045 0.28 [0.992749383963552] 9249 -4.1289124519643 4919 48.7
0.293964 0.28 [0.952497584738267] 8733 -4.11289664600983 5152 51.5
0.293964 0.29 [0.986515355621777] 8569 -4.05884741245394 4943 49.3
0.306388 0.29 [0.946512265493427] 8363 -4.07590854891338 5051 51.3
0.306388 0.29 [0.946512265493427] 8405 -4.08091810137457 5171 51.8
0.319336 0.31 [0.970764335997194] 7546 -3.94780914894738 4850 49.2
0.319336 0.31 [0.970764335997194] 7563 -3.95005946427915 4984 49.3
0.332832 0.32 [0.961446014806269] 6987 -3.88048812683315 4881 49.6
0.332832 0.33 [0.991491202768965] 6973 -3.84771073683495 4931 48.4
0.346898 0.33 [0.951288274939608] 6673 -3.84512765295566 4986 50.5
0.346898 0.33 [0.951288274939608] 6806 -3.86486269511291 5026 49.8
0.361559 0.34 [0.940372110775835] 6279 -3.79581033654136 5128 50.9
0.361559 0.34 [0.940372110775835] 6461 -3.82438370898541 5214 51.4
0.376839 0.37 [0.981851666096131] 5615 -3.64087660796885 4813 48.7
0.376839 0.37 [0.981851666096131] 5644 -3.64602805376901 4714 47.9
0.392765 0.37 [0.942039132814787] 5341 -3.63224134924592 4993 49.1
0.392765 0.37 [0.942039132814787] 5534 -3.66773932925302 4917 48.7
0.409364 0.38 [0.928269217615618] 5209 -3.621941366728 5085 50.7
0.409364 0.39 [0.952697354921293] 5073 -3.56951034014624 5022 49.3
0.426664 0.40 [0.937505859411621] 4664 -3.50152570505211 4800 49.1
0.426664 0.40 [0.937505859411621] 4714 -3.51218906051786 4970 49.0
0.444696 0.41 [0.921978160361236] 4382 -3.45585896900903 4805 48.1
0.444696 0.41 [0.921978160361236] 4431 -3.4669790200531 5418 52.2
0.463489 0.42 [0.90617037297541] 4117 -3.41077266865019 5222 50.9
0.463489 0.43 [0.927745858046254] 4205 -3.40839172187714 4847 49.6
0.483077 0.45 [0.931528514087816] 3601 -3.24926004802462 4709 48.3
0.483077 0.45 [0.931528514087816] 3657 -3.26469160252512 4837 48.3
0.503493 0.45 [0.893756219053691] 3700 -3.31777503115244 5140 49.3
0.503493 0.46 [0.913617468365995] 3540 -3.25159003192917 4930 50.4
0.524772 0.46 [0.876571158522177] 3371 -3.24406681420265 5326 52.3
0.524772 0.47 [0.895627053272659] 3391 -3.22847603587326 4801 49.3
0.546949 0.49 [0.895878774803501] 2998 -3.10501555570506 4843 48.8
0.546949 0.49 [0.895878774803501] 3076 -3.13070020766805 5119 50.6
0.570064 0.50 [0.877094501669988] 2782 -3.05143061519228 5064 49.5
0.570064 0.51 [0.894636391703388] 2851 -3.05612770432539 4925 50.5
0.594156 0.52 [0.875191027272299] 2532 -2.95944258873737 5200 52.0
0.594156 0.52 [0.875191027272299] 2558 -2.96965878761209 4860 48.4
0.619266 0.53 [0.855851927927579] 2398 -2.92741294068762 5069 51.1
0.619266 0.53 [0.855851927927579] 2515 -2.975050687634 5134 51.0
0.645438 0.55 [0.852134519504585] 2276 -2.87955037902312 5193 50.5
0.645438 0.56 [0.867627874404668] 2170 -2.81383952480872 5090 49.6
0.672715 0.57 [0.84731275502999] 2073 -2.79180222049517 5114 49.3
0.672715 0.58 [0.862177891083148] 2038 -2.75738257913019 4887 50.1
0.701145 0.60 [0.855743105919603] 1855 -2.67078973873467 4795 48.5
0.701145 0.61 [0.870005491018263] 1772 -2.60848459290695 4687 47.8
0.730777 0.61 [0.834727967628976] 1723 -2.62183633691384 5084 50.7
0.730777 0.61 [0.834727967628976] 1731 -2.62646865556212 5167 51.3
0.761661 0.63 [0.827139632986329] 1588 -2.54937710313282 5195 49.7
0.761661 0.64 [0.840268833509921] 1544 -2.50552983494232 4778 49.6
0.79385 0.65 [0.818794482584871] 1474 -2.48502194228686 4923 49.5
0.79385 0.66 [0.831391320778485] 1477 -2.47178767993817 4806 50.7
0.827399 0.68 [0.821852576568258] 1385 -2.41901437177634 4989 50.1
0.827399 0.68 [0.821852576568258] 1398 -2.42835687594866 5055 50.6
0.862367 0.70 [0.811719372378581] 1248 -2.32726285390619 4933 50.6
0.862367 0.70 [0.811719372378581] 1281 -2.35336160687355 4902 48.7
0.898812 0.74 [0.82330899008914] 1135 -2.21817634097793 5180 48.4
0.898812 0.74 [0.82330899008914] 1136 -2.21905701034352 4908 48.2
0.936797 0.76 [0.811275014757733] 1080 -2.18322920262889 4722 49.1
0.936797 0.77 [0.821949686004545] 1093 -2.18212228911981 4667 49.7
0.976388 0.79 [0.809104577278705] 1029 -2.13753454467495 5010 50.7
0.976388 0.79 [0.809104577278705] 1072 -2.17847315047164 4839 49.4
1.017652 0.81 [0.795949892497632] 995 -2.12032648730505 4896 50.1
1.017652 0.82 [0.805776434380319] 978 -2.09082332758946 4860 49.8
1.06066 0.85 [0.801387815133973] 924 -2.03948706291581 4710 49.9
1.06066 0.85 [0.801387815133973] 942 -2.05878026585049 4621 48.1
1.105485 0.87 [0.786984898031181] 917 -2.050018398196 5107 51.1
1.105485 0.88 [0.796030701456827] 905 -2.02541717381583 5132 51.4
1.152205 0.91 [0.789790011326109] 848 -1.96823351899801 4922 48.7
1.152205 0.92 [0.798469022439583] 831 -1.93705360752936 5055 50.9
1.200899 0.96 [0.799401115331098] 774 -1.86482901698908 5097 50.2
1.200899 0.96 [0.799401115331098] 791 -1.88655511116701 4696 47.8
1.251651 1.01 [0.806934201306914] 867 -1.9689168316563 4948 48.7
1.251651 1.02 [0.814923648844606] 859 -1.949794480417 4801 49.9
1.304548 1.03 [0.789545497750945] 742 -1.83501176745445 4744 46.8
1.304548 1.05 [0.804876478289798] 720 -1.78568237436928 5051 51.1
1.359681 1.06 [0.77959462550407] 700 -1.78942624623438 5015 49.1
1.359681 1.07 [0.786949291782411] 698 -1.77717527360351 5020 50.4
1.417143 1.12 [0.790322500975554] 758 -1.85536227928703 5077 50.0
1.417143 1.13 [0.797378951877122] 748 -1.83319292420189 5178 51.9
1.477034 1.14 [0.771817033324893] 735 -1.84824296562887 5031 49.6
1.477034 1.16 [0.785357683032347] 718 -1.80745029275238 5393 52.3
1.539456 1.22 [0.792487735927496] 679 -1.74256408198323 4862 48.9
1.539456 1.22 [0.792487735927496] 679 -1.74256408198323 4958 49.1
1.604516 1.25 [0.779051128190682] 631 -1.68634917060268 5091 50.9
1.604516 1.25 [0.779051128190682] 637 -1.69581296363363 4954 50.0
1.672326 1.31 [0.783340090389075] 579 -1.59485551799738 4618 47.6
1.672326 1.32 [0.789319785735556] 582 -1.5924188887706 5016 50.5
1.743001 1.35 [0.774526233777261] 538 -1.53272701387638 4910 48.9
1.743001 1.36 [0.780263465138574] 546 -1.54010732216187 4961 48.7
1.816664 1.39 [0.765138737818331] 509 -1.48951082742772 4920 49.6
1.816664 1.41 [0.776147928290537] 508 -1.47325830120821 4923 51.0
1.893439 1.46 [0.771083726489208] 475 -1.41263782658493 4871 48.5
1.893439 1.48 [0.781646517263033] 473 -1.39481275898645 4965 50.3
1.973459 1.52 [0.770221220709424] 447 -1.35300080629172 5004 49.3
1.973459 1.52 [0.770221220709424] 454 -1.3685394097195 5119 49.2
2.056861 1.54 [0.748713695286167] 428 -1.3378865193105 4933 50.6
2.056861 1.55 [0.753575472528285] 424 -1.32202426445504 5085 51.8
2.143787 1.64 [0.765001373737223] 385 -1.21048568961381 4974 49.5
2.143787 1.64 [0.765001373737223] 390 -1.22338909444972 5168 49.9
2.234388 1.69 [0.756359235728083] 369 -1.17940018607442 4798 50.0
2.234388 1.69 [0.756359235728083] 376 -1.19819268542378 5093 50.3
2.328817 1.78 [0.764336570885561] 351 -1.11889797838519 5010 49.5
2.328817 1.78 [0.764336570885561] 357 -1.13584753669896 4686 49.0
2.427237 1.84 [0.758063592471604] 344 -1.10699436505463 4771 48.0
2.427237 1.86 [0.766303414128904] 340 -1.08448740918722 4868 50.4
2.529816 1.91 [0.754995620234831] 333 -1.07855052664759 4924 50.0
2.529816 1.91 [0.754995620234831] 334 -1.08154902964385 5157 49.9
2.63673 1.98 [0.750930129364781] 311 -1.01560028642707 4762 48.2
2.63673 1.99 [0.754722705775715] 311 -1.01056249239711 4771 48.9
2.748163 2.04 [0.74231404760198] 298 -0.984441073020095 5024 50.1
2.748163 2.04 [0.74231404760198] 298 -0.984441073020095 5035 49.9
2.864305 2.09 [0.729670897477748] 289 -0.970953065881137 5142 50.3
2.864305 2.10 [0.733162145791038] 286 -0.955744909835899 5070 51.4
2.985356 2.17 [0.726881484151304] 278 -0.935977654756889 4956 49.3
2.985356 2.18 [0.730231168410066] 279 -0.934970613638988 4790 49.1
3.111522 2.22 [0.713477198618554] 271 -0.92908832644615 4982 49.3
3.111522 2.23 [0.716691059873592] 269 -0.917186495580449 5286 50.2
3.243021 2.29 [0.706131721009515] 262 -0.905662694888569 4932 49.8
3.243021 2.30 [0.709215265642745] 261 -0.89748129308121 5022 50.7
3.380076 2.34 [0.692292125975866] 255 -0.8983755161418 5221 51.5
3.380076 2.34 [0.692292125975866] 256 -0.902289415462936 5205 51.3
3.522924 2.45 [0.695445033727665] 244 -0.849736233243303 4778 49.0
3.522924 2.47 [0.701122136043809] 243 -0.8374993252074 4705 49.6
3.671809 2.45 [0.667246035945769] 245 -0.895219348046695 4995 49.8
3.671809 2.48 [0.675416395569595] 242 -0.870728328038399 5201 52.3
3.826986 2.54 [0.663707680143068] 237 -0.867338314227379 4949 49.8
3.826986 2.54 [0.663707680143068] 237 -0.867338314227379 4990 49.9
3.988721 2.64 [0.661866297492354] 229 -0.83577842043551 5060 50.0
3.988721 2.65 [0.664373366801037] 228 -0.827621322995805 5179 50.7
4.157292 2.70 [0.649461235823705] 221 -0.819139535178468 5119 50.1
4.157292 2.71 [0.651866647808237] 222 -0.819957353651669 4929 49.5
4.332986 2.76 [0.636974132849725] 211 -0.792249071385534 5013 49.3
4.332986 2.77 [0.639282010142659] 210 -0.783881828156748 5048 50.6
4.516106 2.85 [0.631074647052129] 204 -0.767815823578555 5080 50.9
4.516106 2.85 [0.631074647052129] 204 -0.767815823578555 5085 50.2
4.706964 2.95 [0.626730945892087] 199 -0.74990747448271 4650 48.7
4.706964 2.96 [0.628855457573077] 198 -0.741485582468512 4752 49.8
4.905889 3.31 [0.674699325647197] 200 -0.681170203286444 5105 49.3
4.905889 3.32 [0.676737692189937] 200 -0.678153609747018 5037 49.8
5.11322 3.45 [0.674721603999046] 200 -0.68113718415748 5084 50.7
5.11322 3.46 [0.676677318793246] 200 -0.678242826131116 5062 51.2
5.329314 3.84 [0.720543019232869] 191 -0.569388291804335 4679 48.6
5.329314 3.88 [0.728048675683212] 190 -0.553776148882645 4980 50.2
5.55454 4.02 [0.723732298264123] 185 -0.53305423973311 4815 49.1
5.55454 4.06 [0.730933614664761] 184 -0.517733101281059 4996 50.4
5.789285 4.12 [0.711659557268298] 183 -0.53900649056952 5159 49.4
5.789285 4.13 [0.713386886290794] 182 -0.531102781193388 5003 50.1
6.03395 4.15 [0.687775006421996] 180 -0.556615076876689 4840 48.5
6.03395 4.20 [0.696061452282501] 180 -0.544638885829973 5108 50.4
6.288955 4.15 [0.659887055957627] 179 -0.592437097687047 4719 49.0
6.288955 4.15 [0.659887055957627] 179 -0.592437097687047 4949 49.0
6.554737 4.17 [0.636181131294818] 176 -0.612120659497697 4805 49.4
6.554737 4.23 [0.645334816637189] 175 -0.592136681135583 5247 51.5
6.831752 4.34 [0.635268961753881] 172 -0.590565990666492 4697 47.3
6.831752 4.37 [0.639660221858171] 171 -0.577846409360514 4881 48.5
7.120474 4.28 [0.601083579548215] 171 -0.640049549054405 4810 49.0
7.120474 4.31 [0.6052967822086] 171 -0.633064654532454 5140 50.3
7.421397 4.34 [0.584795558033076] 169 -0.655756387104907 4913 48.7
7.421397 4.36 [0.587490468438759] 169 -0.651158677856278 5039 49.5
7.735039 4.31 [0.557204688948562] 168 -0.698151307220472 4813 48.5
7.735039 4.38 [0.566254417075337] 167 -0.67607031996127 5065 51.4
8.061935 4.40 [0.545774680644287] 165 -0.700859241027076 4900 48.9
8.061935 4.44 [0.550736268650144] 164 -0.685730359430776 5039 50.3
8.402646 4.40 [0.523644575768157] 163 -0.730057022033475 4918 47.9
8.402646 4.48 [0.533165386236669] 162 -0.705884650956419 4997 51.7
8.757757 4.49 [0.512688351595049] 162 -0.745048161315499 4765 48.6
8.757757 4.51 [0.514972041357165] 161 -0.734411739307153 4949 49.8
9.127875 4.50 [0.492995357627049] 160 -0.771794042699348 4890 49.8
9.127875 4.51 [0.49409090286622] 160 -0.769574285961035 4847 50.8
9.513635 4.51 [0.47405644635305] 159 -0.804697787368091 4714 49.4
9.513635 4.54 [0.477209815175798] 159 -0.798067928829421 5133 50.6
9.915697 4.96 [0.500216979199748] 160 -0.757251837430735 4955 50.4
9.915697 4.96 [0.500216979199748] 160 -0.757251837430735 4956 50.0
10.334752 5.17 [0.500253900625772] 160 -0.757178029333397 5269 50.2
10.334752 5.18 [0.501221509717892] 159 -0.748976048568748 5172 51.9
10.771517 5.40 [0.501322144318205] 155 -0.723296204726733 5072 49.8
10.771517 5.41 [0.502250518659535] 155 -0.721446065438571 5154 50.8
11.22674 5.51 [0.490792518576185] 151 -0.718378352305036 4881 48.2
11.22674 5.52 [0.491683249099917] 151 -0.716565115180855 5158 50.9
11.701202 5.54 [0.473455633019582] 150 -0.74769707081037 4983 51.7
11.701202 5.55 [0.474310246075574] 150 -0.745893643811219 5325 51.1
12.195715 5.55 [0.455077869563203] 150 -0.787286732777141 4835 49.0
12.195715 5.55 [0.455077869563203] 150 -0.787286732777141 5025 50.3
12.711127 5.56 [0.437412040647537] 150 -0.826879643346206 5005 49.2
12.711127 5.56 [0.437412040647537] 150 -0.826879643346206 5108 50.0
13.248321 5.56 [0.419675821562597] 150 -0.868272719159333 4854 47.3
13.248321 5.56 [0.419675821562597] 150 -0.868272719159333 5054 51.6
13.808218 5.57 [0.403382970923547] 150 -0.907868868226266 5002 50.5
13.808218 5.58 [0.404107177334541] 150 -0.906075145772239 4999 50.1
14.391778 5.57 [0.387026536957421] 150 -0.949262017353827 4629 48.6
14.391778 5.58 [0.387721378136878] 150 -0.9474682948998 5200 51.2
14.999999 5.58 [0.372000024800002] 150 -0.988861358042322 4959 50.2
14.999999 5.58 [0.372000024800002] 150 -0.988861358042322 5256 52.9
15.633926 5.57 [0.356276472077455] 150 -1.03204824257411 4647 48.3
15.633926 5.59 [0.357555741277015] 150 -1.02846400934629 4824 49.5
16.294643 5.57 [0.341830133989434] 150 -1.07344134954943 4861 49.4
16.294643 5.59 [0.343057531238948] 150 -1.06985711632161 4992 49.1
16.983283 5.59 [0.329147197276286] 150 -1.11125022013933 5024 48.6
16.983283 5.59 [0.329147197276286] 150 -1.11125022013933 5077 50.3
17.701026 5.57 [0.314671025284071] 150 -1.15622755006232 4968 50.8
17.701026 5.62 [0.317495720304574] 150 -1.14729094009591 4985 50.2
18.449102 5.58 [0.302453745445171] 150 -1.19582692082207 5084 48.6
18.449102 5.59 [0.302995777247044] 150 -1.19403641004828 5114 51.3
19.228793 5.58 [0.290189821066772] 150 -1.23722001472691 4944 48.0
19.228793 5.58 [0.290189821066772] 150 -1.23722001472691 5089 51.3
20.041436 5.58 [0.278423162891122] 150 -1.27861315394285 4987 50.1
20.041436 5.61 [0.279920061616343] 150 -1.27325121080147 4905 49.7
20.888422 5.59 [0.267612364399762] 150 -1.3182157470131 4860 49.6
20.888422 5.59 [0.267612364399762] 150 -1.3182157470131 5063 49.9
21.771203 5.61 [0.257679835147373] 150 -1.35603741371656 5106 50.6
21.771203 5.62 [0.258139157491665] 150 -1.35425646934557 4924 49.4
22.691292 5.58 [0.245909311818825] 150 -1.4027924621613 4850 48.9
22.691292 5.60 [0.246790707201688] 150 -1.39921464081342 5004 50.5
23.650265 5.59 [0.236360987921277] 150 -1.44239503278215 5023 49.9
23.650265 5.65 [0.238897957380182] 150 -1.43171877479081 5268 51.0
24.649767 5.61 [0.227588358137422] 150 -1.48021672857676 5215 51.6
24.649767 5.61 [0.227588358137422] 150 -1.48021672857676 5329 52.1
25.691509 5.60 [0.217970847878184] 150 -1.52339395046451 5368 51.6
25.691509 5.64 [0.219527782505886] 150 -1.51627648269564 5068 50.1
26.777277 5.63 [0.210252894646457] 150 -1.55944421258315 5179 51.3
26.777277 5.68 [0.212120149483459] 150 -1.55060242200169 4956 49.7
27.908931 5.60 [0.200652615465637] 150 -1.60618014738961 5190 50.5
27.908931 5.61 [0.20101092370754] 150 -1.60439602559611 4950 49.8
29.088411 5.60 [0.19251653175555] 150 -1.6475732496921 5055 50.2
29.088411 5.69 [0.195610547444479] 150 -1.63162959929496 5131 50.4
30.317738 6.64 [0.21901370082425] 152 -1.53186621703118 4830 48.3
30.317738 6.80 [0.224291139398328] 152 -1.50805556833746 4958 50.4
31.599019 6.53 [0.206651984987255] 151 -1.58336367523751 4768 49.1
31.599019 6.59 [0.208550778111181] 151 -1.57421727001144 4994 49.2
32.934448 8.73 [0.265071999992227] 153 -1.34755641911146 5194 49.6
32.934448 9.45 [0.286933608239009] 153 -1.26830704745732 4512 46.4
34.326315 10.25 [0.298604729345402] 155 -1.24142437842827 4965 48.9
34.326315 11.37 [0.331232758308021] 155 -1.13772377625024 4847 49.1
35.777005 14.02 [0.391871818225142] 156 -0.976041200142874 4932 49.5
35.777005 14.47 [0.404449729651769] 156 -0.944448541105926 4846 50.2
37.289004 11.81 [0.316715351260119] 152 -1.16299708080116 5178 50.3
37.289004 12.09 [0.324224267293382] 152 -1.13956504638373 5003 51.0
38.864902 12.19 [0.31365060434219] 151 -1.16612018035554 4835 48.0
38.864902 12.93 [0.332690919946228] 152 -1.11378661509631 4840 49.7
40.507401 12.88 [0.317966585908585] 152 -1.15905420423199 5086 51.0
40.507401 13.46 [0.332284957013164] 152 -1.11500760069162 4991 49.5
42.219314 12.47 [0.295362449517773] 151 -1.2261965770913 5258 51.6
42.219314 13.75 [0.325680327254962] 151 -1.12848351267067 4962 51.0
44.003576 14.92 [0.339063352487534] 152 -1.09481353531749 4938 49.0
44.003576 15.12 [0.343608437641523] 152 -1.08149775934172 4958 49.0
45.863244 15.27 [0.332946356781915] 151 -1.10641843544187 5056 50.8
45.863244 15.72 [0.342758135469004] 151 -1.07737476767135 4942 49.1
47.801505 16.41 [0.343294630577008] 151 -1.07581076197407 5128 50.4
47.801505 16.58 [0.346851003958976] 151 -1.06550451736893 5162 51.4
49.821679 18.59 [0.373130740937093] 151 -0.992470951576243 4964 49.8
49.821679 19.04 [0.382162953600982] 151 -0.968552723946376 4966 51.2
51.92723 20.79 [0.400367976493258] 151 -0.922015756246281 5169 51.8
51.92723 21.27 [0.409611681578239] 151 -0.899190228904057 5171 51.0
54.121766 22.32 [0.412403394227749] 152 -0.89899852319706 4848 48.4
54.121766 24.56 [0.453791548487165] 152 -0.803362557431229 4887 49.4
56.409046 20.78 [0.368380631716409] 151 -1.00528309276141 4845 50.9
56.409046 21.36 [0.378662670522738] 151 -0.977754064340497 5047 50.5
58.792991 20.13 [0.342387751628421] 151 -1.07845595018631 4899 50.8
58.792991 24.15 [0.410763248972994] 151 -0.89638280973943 4905 50.2
61.277685 20.96 [0.342049475269831] 151 -1.07944443056943 5150 51.8
61.277685 22.30 [0.36391714210483] 151 -1.0174736115562 5069 48.5
63.867387 19.96 [0.312522571183318] 150 -1.16307858462737 5159 51.0
63.867387 22.46 [0.351666179798463] 150 -1.04507290620039 4803 49.9
66.566534 19.22 [0.288733675092652] 150 -1.24225055522004 4837 49.6
66.566534 19.32 [0.290235931466704] 150 -1.23706112997782 5077 50.3
69.379751 20.17 [0.290718829475188] 150 -1.23539870063852 4832 48.7
69.379751 21.42 [0.308735613651885] 150 -1.17526998758503 5017 50.0
72.311861 20.32 [0.281005076055227] 150 -1.26938254555807 5091 50.8
72.311861 21.08 [0.291515108427371] 150 -1.23266344459519 4796 49.4
75.367886 21.06 [0.279429358015959] 150 -1.27500576246111 5020 50.1
75.367886 21.41 [0.284073245732274] 150 -1.25852316656535 4955 50.7
78.553064 19.01 [0.242002017897099] 150 -1.41880921444245 4852 48.7
78.553064 22.90 [0.291522683316338] 150 -1.23263746038259 4913 51.0
81.872853 21.22 [0.259182369032627] 150 -1.35022333752499 4884 48.9
81.872853 22.26 [0.27188499220859] 150 -1.30237612486343 4911 49.2
85.332943 21.19 [0.248321448376625] 150 -1.39303120930203 4844 48.7
85.332943 21.57 [0.252774593746286] 150 -1.37525712118118 5148 52.1
88.939262 23.27 [0.261639229702626] 150 -1.34078871000512 4663 48.1
88.939262 23.29 [0.261864102267905] 150 -1.33992960342307 5173 51.8
92.69799 25.34 [0.273360835547783] 150 -1.29696261459584 4879 48.6
92.69799 25.48 [0.274871116407163] 150 -1.29145295878487 5200 50.6
96.615569 25.57 [0.264657138229968] 150 -1.32932010870118 4862 49.0
96.615569 28.72 [0.297260579192987] 150 -1.21314615382425 5044 49.5
100.698711 28.44 [0.282426653902253] 150 -1.26433639431033 4941 50.5
100.698711 29.05 [0.288484328265135] 150 -1.24311451594745 5189 49.9
104.954414 31.58 [0.300892537973677] 150 -1.20100209467764 5111 50.3
104.954414 31.98 [0.304703716415395] 150 -1.18841539609933 5133 51.0
109.389971 33.91 [0.309991854737762] 150 -1.17120925688762 4916 49.7
109.389971 34.30 [0.313557081023451] 150 -1.15977385885327 4696 47.7
114.012981 36.05 [0.316192065884147] 150 -1.15140544660207 4868 50.9
114.012981 36.29 [0.318297089346344] 150 -1.14477008910805 5135 48.9
118.831369 24.33 [0.204743917407869] 150 -1.58599526409991 5143 52.2
118.831369 25.13 [0.211476146504716] 150 -1.55364306933984 5251 52.0
123.853389 24.42 [0.197168605535695] 150 -1.6236960506249 5207 49.6
123.853389 26.86 [0.216869317964323] 150 -1.52846032821236 5043 50.3
129.08765 25.07 [0.194209128448771] 150 -1.63881971882916 5164 51.6
129.08765 25.12 [0.194596462171246] 150 -1.63682728939937 5012 50.1
134.543119 24.80 [0.184327524025959] 150 -1.6910410818544 4901 49.6
134.543119 25.33 [0.188266781595869] 150 -1.66989527101176 4914 50.1
140.229145 25.54 [0.182130469382809] 150 -1.70303198398943 4807 49.1
140.229145 26.77 [0.1909018271487] 150 -1.65599597706156 5088 50.6
146.155473 25.29 [0.173034916044506] 150 -1.7542618780018 5147 50.1
146.155473 25.45 [0.174129640701173] 150 -1.74795519568715 4980 49.8
152.332258 22.61 [0.148425555406656] 150 -1.90767175683034 5222 51.5
152.332258 24.01 [0.157615992273941] 150 -1.84759363288706 5076 50.8
158.770085 23.41 [0.147445912118772] 150 -1.91429386795208 5292 52.3
158.770085 24.79 [0.156137725819067] 150 -1.8570168034078 5184 51.8
165.479986 22.82 [0.13790187291894] 150 -1.98121291255691 5201 50.6
165.479986 24.49 [0.147993727773218] 150 -1.91058538602676 5197 50.8
172.473458 20.63 [0.119612607291726] 150 -2.1234970308829 4901 50.6
172.473458 21.06 [0.12210574452563] 150 -2.10286785126023 5154 50.6
179.762487 20.66 [0.114929429074933] 150 -2.16343699920336 5024 50.1
179.762487 20.91 [0.116320153047282] 150 -2.15140894945431 4944 50.0
187.359563 21.62 [0.115393095787697] 150 -2.15941075522743 5007 50.1
187.359563 22.41 [0.1196095872619] 150 -2.12352227962565 5028 51.3
195.277705 21.87 [0.111994351838578] 150 -2.18930683897138 4979 49.8
195.277705 22.72 [0.116347127287265] 150 -2.1511770798071 4958 50.3
203.530481 21.92 [0.107698856172801] 150 -2.22841631537015 5079 51.7
203.530481 23.55 [0.115707484619957] 150 -2.15668995698754 5027 49.1
212.132034 22.00 [0.103708994748054] 150 -2.26616642933988 4851 50.1
212.132034 22.03 [0.103850416104529] 150 -2.26480372188395 5178 50.8
221.097103 20.18 [0.0912721140448412] 150 -2.39390997018362 5209 50.3
221.097103 23.74 [0.107373636641453] 150 -2.23144059592756 5074 49.7
230.441052 20.00 [0.0867900915501809] 150 -2.44426281647943 5086 49.2
230.441052 23.11 [0.100285950786234] 150 -2.29972966574713 5031 50.9
240.179893 22.38 [0.0931801564255006] 150 -2.37322049384945 5181 51.1
240.179893 22.52 [0.0937630528463929] 150 -2.36698439346174 4877 48.9
250.330314 20.24 [0.0808531722610311] 150 -2.51512045735236 5164 49.8
250.330314 22.59 [0.0902407688427219] 150 -2.40527397129171 4955 50.6
260.909709 21.83 [0.0836687913365462] 150 -2.48088923438018 5134 50.5
260.909709 25.32 [0.0970450662684998] 150 -2.33257980766606 5158 50.0
271.936208 20.80 [0.0764885270445486] 150 -2.57061452267064 4639 48.1
271.936208 23.71 [0.0871895661647235] 150 -2.4396706093006 5183 50.1
283.428706 22.47 [0.0792791962293332] 150 -2.53477952739054 4937 49.2
283.428706 22.92 [0.0808668970883987] 150 -2.51495072174124 4773 48.6
295.406897 21.44 [0.0725778586002344] 150 -2.62309538162483 4949 50.5
295.406897 22.08 [0.0747443618420324] 150 -2.59368149641853 5092 50.3
307.891307 21.91 [0.071161476475203] 150 -2.64280366773192 5085 50.3
307.891307 23.51 [0.076358115560567] 150 -2.57232095878732 4814 49.0
320.903331 21.61 [0.0673411520306095] 150 -2.69798375772388 4579 48.1
320.903331 23.93 [0.074570743548935] 150 -2.5960070263224 5225 51.3
334.465265 23.06 [0.0689458739459836] 150 -2.6744335177809 4787 49.0
334.465265 23.88 [0.0713975485615823] 150 -2.63949174409742 5033 50.5
348.60035 22.12 [0.0634537515524583] 150 -2.75744396044735 5162 50.9
348.60035 23.84 [0.0683877684001178] 150 -2.68256129490433 5103 50.0
363.332808 21.52 [0.0592294434363329] 150 -2.82633650538889 4673 46.8
363.332808 21.64 [0.0595597191432269] 150 -2.82077578670419 5016 51.6
378.687886 22.92 [0.0605247773888389] 150 -2.80470245416827 5205 50.7
378.687886 23.73 [0.0626637420347795] 150 -2.76997227556713 5195 49.5
394.691896 21.43 [0.054295515608965] 150 -2.91331364092287 4971 52.5
394.691896 25.38 [0.0643033217991382] 150 -2.74414398812212 5000 51.1
411.372263 23.04 [0.05600766525185] 150 -2.88226671811681 4949 50.5
411.372263 24.49 [0.0595324532125784] 150 -2.82123368298042 4914 49.7
428.757572 23.39 [0.0545529724195751] 150 -2.90858307836951 5191 51.6
428.757572 24.00 [0.05597568781829] 150 -2.88283782861766 4991 50.2
446.877614 23.29 [0.0521171776575051] 150 -2.9542606790454 4840 49.1
446.877614 23.37 [0.0522961975893471] 150 -2.95083161439089 4853 49.4
465.763441 23.61 [0.050690968679957] 150 -2.98200751679771 5106 51.8
465.763441 24.15 [0.0518503555112648] 150 -2.95939348779655 5100 50.5
485.447415 23.35 [0.0480999574382325] 150 -3.03447398673084 5262 50.0
485.447415 23.56 [0.048532548061874] 150 -3.02552061206236 5007 49.4
505.963269 23.04 [0.0455369024030873] 150 -3.08923223991584 5055 51.6
505.963269 24.51 [0.0484422516449509] 150 -3.02738287820351 5026 51.0
527.346159 21.73 [0.0412063302806762] 150 -3.18916338684001 4996 50.2
527.346159 23.33 [0.0442403904946239] 150 -3.11811709507501 4867 50.4
549.632727 23.78 [0.0432652548362536] 150 -3.14040539481589 4980 51.1
549.632727 24.80 [0.0451210395264545] 150 -3.09840663290759 4714 48.6
572.861163 23.48 [0.0409872435356558] 150 -3.19449439396652 5050 49.6
572.861163 24.05 [0.041982249021828] 150 -3.17050839237464 5205 50.8
597.071275 23.92 [0.0400622187024489] 150 -3.21732156579363 5088 49.9
597.071275 24.49 [0.0410168785962781] 150 -3.19377162391199 4998 50.6
622.304547 22.69 [0.03646124732558] 150 -3.31150529952195 4735 48.3
622.304547 25.94 [0.0416837706313594] 150 -3.17764341942541 4924 49.1
648.604222 24.50 [0.0377734204758229] 150 -3.27614958570622 5159 49.6
648.604222 25.50 [0.0393151927401422] 150 -3.23614425109252 5146 50.8
676.015367 25.01 [0.0369962004132962] 150 -3.29694006314358 4871 48.9
676.015367 25.01 [0.0369962004132962] 150 -3.29694006314358 5079 50.6
704.584954 25.98 [0.0368727714841325] 150 -3.30028190047699 5269 51.4
704.584954 27.05 [0.0383913960217777] 150 -3.25992190642695 4957 49.1
734.361942 24.71 [0.033648257877721] 150 -3.39179399606754 5261 51.6
734.361942 26.29 [0.0357997854959646] 150 -3.32981337732627 5141 51.2
765.397358 25.88 [0.0338125023943446] 150 -3.38692465156303 4913 50.0
765.397358 28.19 [0.0368305426003313] 150 -3.30142781606971 5494 52.3
797.744384 26.39 [0.0330807718979818] 150 -3.4088030748189 5211 50.4
797.744384 28.07 [0.0351867096315403] 150 -3.34708683496035 4606 49.5
831.458452 27.33 [0.0328699527129228] 150 -3.41519632991602 5143 50.7
831.458452 27.50 [0.033074412718821] 150 -3.40899532518348 4755 48.0
866.597335 27.56 [0.0318025441423727] 150 -3.44820898791907 4840 49.2
866.597335 28.66 [0.0330718764557475] 150 -3.4090720116645 4936 49.7
903.221249 27.12 [0.0300258657887266] 150 -3.50569607583727 4886 50.3
903.221249 27.31 [0.0302362239929986] 150 -3.49871460342385 5087 52.0
941.392953 27.85 [0.0295838203496728] 150 -3.52052767690608 4831 49.5
941.392953 27.94 [0.0296794233597795] 150 -3.51730128945055 5055 50.7
981.17786 27.33 [0.0278542771032359] 150 -3.58076874798269 4677 48.7
981.17786 28.37 [0.0289142276406441] 150 -3.54342149910191 4715 48.8
1022.644146 26.34 [0.0257567601623957] 150 -3.65905815574904 5091 49.1
1022.644146 26.96 [0.0263630316620421] 150 -3.63579256602007 5092 50.3
1065.86287 27.00 [0.0253315888562663] 150 -3.6757030906718 5044 49.3
1065.86287 29.18 [0.0273768801046611] 150 -3.59805641358149 4871 50.3
1110.908092 28.75 [0.0258797286715596] 150 -3.65429529350178 4944 49.9
1110.908092 30.53 [0.0274820214380075] 150 -3.59422325399836 5113 49.8
1157.857004 29.64 [0.0255990160249529] 150 -3.6652013647606 4973 48.7
1157.857004 29.91 [0.0258322054421843] 150 -3.65613329254663 5024 49.6
1206.790059 27.97 [0.0231771879387018] 150 -3.76458676254954 4980 49.4
1206.790059 28.79 [0.023856676466043] 150 -3.73569116513932 5007 49.3
1257.79111 27.64 [0.0219750320862102] 150 -3.81784837528863 4935 49.8
1257.79111 29.82 [0.0237082292623296] 150 -3.74193306485151 4832 49.9
1310.947554 28.90 [0.0220451229431868] 150 -3.81466388326845 5054 50.3
1310.947554 31.39 [0.0239445124286032] 150 -3.73201610753297 4899 49.8
1366.350483 29.34 [0.021473260605566] 150 -3.84094681064057 5103 50.5
1366.350483 30.51 [0.0223295562738861] 150 -3.80184408462683 4968 48.3
1424.094835 28.19 [0.0197950300128713] 150 -3.92232438224074 5221 50.3
1424.094835 29.55 [0.020750022592421] 150 -3.87520794351465 4777 50.2
1484.279565 28.44 [0.0191608108543891] 150 -3.95488818716845 4653 46.9
1484.279565 31.34 [0.0211146206813135] 150 -3.85778955517561 5179 52.2
1547.007806 29.56 [0.0191078544564241] 150 -3.95765580037562 5038 50.7
1547.007806 30.41 [0.0196573022334187] 150 -3.92930639476634 5145 51.6
1612.387052 26.91 [0.0166895411164589] 150 -4.09297303620651 4896 49.8
1612.387052 29.19 [0.0181035936525246] 150 -4.0116448160793 4558 48.1
1680.529339 32.09 [0.0190951739165085] 150 -3.95831965038549 4901 49.3
1680.529339 32.10 [0.0191011244225591] 150 -3.95800807537129 4957 49.5
1751.551437 30.63 [0.0174873539839984] 150 -4.04627728876102 5052 50.2
1751.551437 30.87 [0.0176243753668309] 150 -4.03847237109163 4962 51.1
1825.575054 29.92 [0.0163893562932089] 150 -4.11112316135953 4952 49.7
1825.575054 30.38 [0.0166413316907649] 150 -4.09586581729818 5071 51.3
1902.727037 30.68 [0.0161242256001011] 150 -4.12743244225346 5507 51.9
1902.727037 31.52 [0.016565697226701] 150 -4.10042115376283 5149 50.9
1983.139597 31.38 [0.0158233944032332] 150 -4.14626577561059 4972 47.8
1983.139597 32.76 [0.0165192606963008] 150 -4.10322826393061 5222 53.3
2066.950533 30.67 [0.0148382844728679] 150 -4.21054464948404 5103 51.6
2066.950533 32.36 [0.0156559141030977] 150 -4.15690653541991 5108 49.2
2154.303465 29.67 [0.0137724329380866] 150 -4.28508629789144 4929 50.1
2154.303465 32.59 [0.0151278594355322] 150 -4.1912172393447 5328 51.8
2245.348083 29.59 [0.0131783576114688] 150 -4.32917936985243 5156 52.0
2245.348083 29.67 [0.0132139868311011] 150 -4.32647940196181 4965 49.4
2340.240406 31.12 [0.0132977791171425] 150 -4.32015824137125 4994 49.8
2340.240406 31.98 [0.013665262730277] 150 -4.29289823327563 4973 49.9
2439.143044 30.57 [0.0125330902897223] 150 -4.3793829092199 4999 50.1
2439.143044 31.62 [0.0129635693477598] 150 -4.34561221334132 5027 50.6
2542.22548 30.77 [0.0121035684057419] 150 -4.41425496029127 4770 50.4
2542.22548 32.78 [0.012894214245701] 150 -4.35097657630954 4878 48.4
2649.66436 29.34 [0.0110731005945221] 150 -4.50323648164003 4811 47.9
2649.66436 31.89 [0.0120354866380133] 150 -4.4198957733329 5118 51.5
2761.643793 31.88 [0.0115438493844887] 150 -4.4616025046774 5384 53.0
2761.643793 31.98 [0.0115800597025078] 150 -4.4584706511936 5103 49.9
2878.355673 32.63 [0.0113363335553285] 150 -4.47974235259753 4941 49.1
2878.355673 33.57 [0.0116629089013907] 150 -4.45134165221082 5030 50.3
2999.999999 31.67 [0.0105566666701856] 150 -4.55099770676637 4976 50.2
2999.999999 32.23 [0.0107433333369144] 150 -4.53346987148957 5297 52.1
