0.075 0.05 [0.666666666666667] 101000 -6.91770560983531 4855 49.4
0.075 0.05 [0.666666666666667] 99596 -6.90370709613557 4743 49.3
0.078169 0.05 [0.639639754890046] 96109 -6.9094530930132 4916 49.3
0.078169 0.05 [0.639639754890046] 96419 -6.91267340660813 5073 50.9
0.081473 0.05 [0.613700244252697] 92930 -6.91721517804214 5043 51.0
0.081473 0.05 [0.613700244252697] 95061 -6.93988744727521 4828 50.3
0.084916 0.06 [0.706580620848839] 85192 -6.68934548794662 5004 49.2
0.084916 0.07 [0.824344057656979] 86094 -6.5457269980006 4951 49.2
0.088505 0.08 [0.903903734252302] 76271 -6.33244518521038 5039 50.9
0.088505 0.08 [0.903903734252302] 76956 -6.34138622775985 4837 50.4
0.092245 0.08 [0.867255677814516] 71758 -6.31284077780383 5215 50.5
0.092245 0.09 [0.97566263754133] 72505 -6.2054139204652 4905 50.1
0.096143 0.09 [0.936105592710858] 66995 -6.1677649707686 5082 50.5
0.096143 0.10 [1.04011732523429] 65877 -6.04557583230217 4717 48.8
0.100207 0.09 [0.898140848443722] 64259 -6.16747015283207 4743 49.3
0.100207 0.10 [0.997934276048579] 63995 -6.05799280069564 4855 49.4
0.104442 0.08 [0.765975373891729] 66274 -6.35752290702609 5039 50.9
0.104442 0.09 [0.861722295628196] 65462 -6.22741202957002 4837 50.4
0.108856 0.09 [0.826780333651797] 62638 -6.22470834513679 5092 50.1
0.108856 0.09 [0.826780333651797] 63538 -6.23897437455471 5266 51.4
0.113456 0.10 [0.881398956423636] 60728 -6.1297697721739 5006 50.2
0.113456 0.10 [0.881398956423636] 60960 -6.13358280683782 5008 50.3
0.118251 0.10 [0.845658810496317] 57712 -6.12022440705488 4928 49.3
0.118251 0.11 [0.930224691545949] 58053 -6.03080548948449 4732 47.5
0.123248 0.11 [0.892509411917435] 55104 -6.02006051350934 5122 49.4
0.123248 0.11 [0.892509411917435] 55566 -6.02840970812026 5013 49.5
0.128457 0.11 [0.856317678289233] 52749 -6.01777865190783 5054 50.7
0.128457 0.12 [0.934164739951891] 51707 -5.91081562895516 4861 49.7
0.133886 0.12 [0.896284899093258] 49576 -5.91012377935591 4876 49.7
0.133886 0.12 [0.896284899093258] 50274 -5.92410497855531 5169 52.2
0.139544 0.13 [0.931605801754285] 46964 -5.8173468489141 5014 48.1
0.139544 0.13 [0.931605801754285] 47034 -5.81883624258077 4838 48.8
0.145442 0.14 [0.962583022785715] 44090 -5.72148794335618 4838 48.8
0.145442 0.14 [0.962583022785715] 45988 -5.76363543687783 5019 48.1
0.151588 0.14 [0.923555954297174] 44130 -5.76378369996051 4846 47.2
0.151588 0.14 [0.923555954297174] 44417 -5.77026615571917 5076 49.4
0.157995 0.14 [0.886103990632615] 41573 -5.74549186732223 5180 50.6
0.157995 0.14 [0.886103990632615] 42785 -5.77422852310321 5122 51.5
0.164672 0.15 [0.910901671200933] 39966 -5.678469400108 5223 51.9
0.164672 0.15 [0.910901671200933] 40178 -5.68375988958886 4998 49.1
0.171631 0.16 [0.932232522096824] 37595 -5.59416405590083 5268 49.7
0.171631 0.17 [0.990497054727876] 36922 -5.51547595060278 5020 49.6
0.178885 0.17 [0.950331218380524] 36016 -5.53202797327555 4924 49.8
0.178885 0.17 [0.950331218380524] 36397 -5.54255104277494 4925 47.7
0.186445 0.18 [0.96543216498163] 34528 -5.47407001249567 5004 50.8
0.186445 0.18 [0.96543216498163] 34828 -5.48272108438632 4929 48.6
0.194324 0.17 [0.874827607500875] 32250 -5.50436646016218 5392 52.2
0.194324 0.19 [0.977748502500978] 32410 -5.39808979896362 4784 49.3
0.202537 0.19 [0.93810019897599] 30723 -5.38603005839224 5035 49.7
0.202537 0.20 [0.987473893658936] 30519 -5.328074644723 5083 49.1
0.211096 0.19 [0.900064425664153] 28841 -5.36420690491386 5196 51.1
0.211096 0.20 [0.947436237541213] 28813 -5.31194229883237 5128 50.0
0.220017 0.21 [0.954471699914098] 27181 -5.24623547006751 5395 50.4
0.220017 0.22 [0.99992273324334] 26828 -5.18664337286526 4912 50.0
0.229316 0.22 [0.959374836470198] 25576 -5.18024781530453 4919 48.7
0.229316 0.24 [1.04659073069476] 25943 -5.10748385026201 4677 47.5
0.239007 0.23 [0.962314911278749] 24913 -5.15092327175159 5049 49.7
0.239007 0.24 [1.00415469003] 24710 -5.10018192174994 4914 49.6
0.249108 0.23 [0.923294314112754] 23623 -5.13914802704297 5323 52.1
0.249108 0.23 [0.923294314112754] 23642 -5.13995200465953 4921 51.2
0.259636 0.25 [0.962886502642161] 22949 -5.06821407969601 5031 50.2
0.259636 0.25 [0.962886502642161] 22990 -5.06999905589863 4885 49.1
0.270608 0.26 [0.960799385088394] 20944 -4.97896184226958 5455 50.5
0.270608 0.26 [0.960799385088394] 21143 -4.98841851454477 4868 49.1
0.282045 0.27 [0.957294048821997] 20276 -4.95020257917316 4964 50.5
0.282045 0.27 [0.957294048821997] 20514 -4.96187223844827 4784 49.4
0.293964 0.28 [0.952497584738267] 19501 -4.91625343888434 5167 50.0
0.293964 0.29 [0.986515355621777] 19453 -4.87869767258264 4875 49.8
0.306388 0.29 [0.946512265493427] 19058 -4.89957829543998 5092 50.4
0.306388 0.30 [0.979150619475959] 18513 -4.83666297084535 4832 48.9
0.319336 0.31 [0.970764335997194] 17499 -4.78893526384487 4965 49.6
0.319336 0.31 [0.970764335997194] 17980 -4.81605155644874 4895 49.0
0.332832 0.31 [0.931400826843573] 16435 -4.76759875269359 5148 50.4
0.332832 0.33 [0.991491202768965] 16433 -4.70495669679523 5006 49.4
0.346898 0.33 [0.951288274939608] 15577 -4.69285358637866 4901 50.5
0.346898 0.34 [0.98011519236202] 15535 -4.66030069872952 5070 48.9
0.361559 0.34 [0.940372110775835] 14658 -4.64358586591304 5194 52.5
0.361559 0.36 [0.99568811729206] 14865 -4.6004506470195 4742 48.4
0.376839 0.36 [0.95531513458002] 14102 -4.58915062526341 4998 49.5
0.376839 0.37 [0.981851666096131] 13943 -4.55041260999133 4923 50.7
0.392765 0.38 [0.96749964991789] 13219 -4.51181538940338 4776 49.5
0.392765 0.38 [0.96749964991789] 13275 -4.51604276793412 5155 51.0
0.409364 0.39 [0.952697354921293] 12422 -4.4650470756988 5027 50.6
0.409364 0.40 [0.977125492226967] 12688 -4.46091683846989 4811 49.7
0.426664 0.40 [0.937505859411621] 12458 -4.48401524283588 4928 50.7
0.426664 0.41 [0.960943505896912] 12108 -4.43082603457302 5066 50.9
0.444696 0.43 [0.966952704769101] 11149 -4.34207548663193 4830 49.3
0.444696 0.43 [0.966952704769101] 11370 -4.36170398660894 4893 49.5
0.463489 0.42 [0.90617037297541] 10928 -4.38697622869086 5300 51.1
0.463489 0.44 [0.949321343117097] 10633 -4.31309028289648 5028 50.7
0.483077 0.46 [0.952229147734212] 10227 -4.27110083846298 4851 48.6
0.483077 0.47 [0.972929781380608] 10070 -4.23412405814861 4987 50.6
0.503493 0.48 [0.953339966990604] 9575 -4.2040592254314 4986 50.4
0.503493 0.48 [0.953339966990604] 9617 -4.20843605609503 5088 50.8
0.524772 0.50 [0.952794737524106] 8896 -4.1310775065199 5215 50.8
0.524772 0.51 [0.971850632274588] 8737 -4.09324002303145 4673 49.3
0.546949 0.51 [0.932445255407725] 8462 -4.10265037370883 5309 50.8
0.546949 0.53 [0.96901173601195] 8360 -4.05205696767977 5043 50.3
0.570064 0.55 [0.964803951836987] 8165 -4.03280706830914 4899 48.5
0.570064 0.55 [0.964803951836987] 8212 -4.0385468410434 4819 49.3
0.594156 0.55 [0.925682817307239] 7808 -4.02949246691519 5173 50.7
0.594156 0.57 [0.959344010663866] 7674 -3.97646352702708 4851 49.5
0.619266 0.57 [0.920444526261736] 7299 -3.96775588226937 5098 51.6
0.619266 0.58 [0.936592675845275] 7518 -3.97992693222999 5081 50.8
0.645438 0.62 [0.960588003805168] 6637 -3.8299897171102 5229 49.4
0.645438 0.62 [0.960588003805168] 6641 -3.83059221750499 4878 49.1
0.672715 0.61 [0.906773299242621] 6718 -3.89977328189286 5002 50.5
0.672715 0.63 [0.936503571348937] 6690 -3.86333580262468 5037 50.7
0.701145 0.64 [0.912792646314243] 6480 -3.85708703190188 5405 51.5
0.701145 0.66 [0.941317416511563] 6340 -3.80447363132008 5181 50.1
0.730777 0.68 [0.930516422930662] 5711 -3.71152967804798 4816 48.9
0.730777 0.68 [0.930516422930662] 5789 -3.72509510346212 5188 51.2
0.761661 0.69 [0.905914836127884] 5361 -3.67508048694755 5229 51.2
0.761661 0.72 [0.945302437698661] 5391 -3.63810124415289 4847 47.9
0.79385 0.72 [0.906972349940165] 5156 -3.63492438447624 5120 50.9
0.79385 0.74 [0.932166026327392] 5115 -3.59954172461478 4914 50.1
0.827399 0.75 [0.906455047685578] 4827 -3.56955898045519 4983 51.4
0.827399 0.77 [0.930627182290527] 4833 -3.54448390832241 4939 48.9
0.862367 0.77 [0.892891309616439] 4696 -3.55712148668042 5089 51.6
0.862367 0.78 [0.904487300650419] 4815 -3.56924304456881 4975 50.6
0.898812 0.81 [0.901189570232707] 4269 -3.45253923635212 5061 50.1
0.898812 0.83 [0.923441164559441] 4399 -3.45814541781872 4989 49.7
0.936797 0.83 [0.885997713485419] 4113 -3.43231358323079 5160 50.7
0.936797 0.84 [0.896672384732231] 3958 -3.38192355011616 4947 50.9
0.976388 0.86 [0.880797387923653] 3860 -3.37471482751329 4843 50.4
0.976388 0.88 [0.901281048107924] 3892 -3.35998129013561 5091 50.7
1.017652 0.92 [0.904041853207187] 3438 -3.23288951371265 4966 49.9
1.017652 0.94 [0.92369493697256] 3420 -3.20613395260554 4853 48.6
1.06066 0.92 [0.867384458733242] 3363 -3.25222638245567 5099 50.8
1.06066 0.94 [0.886240642618747] 3307 -3.21392817847623 5032 50.2
1.105485 0.96 [0.868397128861993] 3119 -3.17573856973408 5245 51.6
1.105485 0.98 [0.886488735713284] 3202 -3.1813824594802 4981 50.3
1.152205 1.00 [0.867901111347373] 2807 -3.07091378009674 5184 51.8
1.152205 1.02 [0.885259133574321] 2890 -3.08025135754516 4669 48.0
1.200899 1.04 [0.866017874942023] 2645 -3.01364078001821 5026 51.0
1.200899 1.05 [0.874344969893388] 2716 -3.03056047338825 4872 50.6
1.251651 1.08 [0.862860334070759] 2440 -2.93662046288004 5102 50.2
1.251651 1.09 [0.870849781608452] 2390 -2.90669913441343 4716 49.2
1.304548 1.11 [0.850869419906358] 2305 -2.89369726663512 5115 49.9
1.304548 1.13 [0.866200400445212] 2283 -2.86624934033416 5069 50.7
1.359681 1.14 [0.838431955730793] 2227 -2.87399722416592 4979 49.4
1.359681 1.17 [0.860495954565814] 2212 -2.84126343314751 5070 51.5
1.417143 1.20 [0.846774108188094] 2056 -2.78420364873276 5274 50.2
1.417143 1.22 [0.860887009991229] 2053 -2.76621413722543 4849 49.8
1.477034 1.26 [0.853060931569619] 1832 -2.66145255309312 4984 49.6
1.477034 1.26 [0.853060931569619] 1878 -2.68625166762725 4760 48.8
1.539456 1.28 [0.831462542612455] 1761 -2.64757084373438 5110 50.2
1.539456 1.29 [0.837958343726615] 1730 -2.62202828228795 4978 50.0
1.604516 1.33 [0.828910400394885] 1678 -2.60236580416917 5137 51.5
1.604516 1.33 [0.828910400394885] 1717 -2.62534177803949 5027 49.8
1.672326 1.39 [0.831177653160927] 1632 -2.5718379660189 4962 50.6
1.672326 1.39 [0.831177653160927] 1637 -2.57489700786598 5050 50.0
1.743001 1.44 [0.826161316029079] 1518 -2.50547889053259 4896 49.8
1.743001 1.45 [0.831898547390392] 1501 -2.48729632136591 4892 50.5
1.816664 1.48 [0.814680094943259] 1405 -2.44211705201162 4977 50.0
1.816664 1.50 [0.825689285415465] 1420 -2.43931360050694 4864 50.0
1.893439 1.54 [0.813334889584507] 1284 -2.35371252609491 5262 51.0
1.893439 1.55 [0.81861628497142] 1276 -2.34098999124412 4968 49.9
1.973459 1.56 [0.790490200201778] 1226 -2.33597884177105 5369 52.2
1.973459 1.60 [0.810759179694131] 1211 -2.2983506608437 4986 50.6
2.056861 1.65 [0.802193244949464] 1089 -2.20278557517471 5053 49.4
2.056861 1.68 [0.816778576675818] 1083 -2.17924219374006 5032 50.2
2.143787 1.68 [0.783659943828375] 997 -2.1378955737088 5277 51.5
2.143787 1.70 [0.792989228873951] 1004 -2.13305764635164 5168 51.2
2.234388 1.73 [0.774261229473126] 871 -2.01485263931169 5313 51.3
2.234388 1.76 [0.787687724781909] 892 -2.02148439449882 4772 49.8
2.328817 1.78 [0.764336570885561] 827 -1.97591644994302 4958 50.4
2.328817 1.81 [0.777218647922958] 803 -1.92975298789235 4912 51.4
2.427237 1.82 [0.749823770814304] 770 -1.92367229306115 5236 50.3
2.427237 1.87 [0.770423324957555] 735 -1.85005034764847 5010 51.6
2.529816 1.94 [0.766854190186164] 679 -1.77544443320915 4822 48.7
2.529816 1.97 [0.778712760137496] 656 -1.72563852491988 5140 50.5
2.63673 2.02 [0.766100435008514] 627 -1.69675324817408 5025 49.5
2.63673 2.03 [0.769893011419447] 616 -1.6741153894341 5152 50.8
2.748163 2.08 [0.75686922500594] 589 -1.64635568430918 5067 49.0
2.748163 2.11 [0.767785608058911] 580 -1.61663755042331 5137 50.7
2.864305 2.16 [0.754109635670782] 556 -1.59235051629993 4648 49.0
2.864305 2.17 [0.757600883984073] 551 -1.57869808534597 5058 51.8
2.985356 2.26 [0.75702864248016] 517 -1.51576176984285 4822 49.0
2.985356 2.27 [0.760378326738922] 512 -1.50162850216482 4915 50.1
3.111522 2.32 [0.745615811168939] 504 -1.50548578384379 4999 50.6
3.111522 2.33 [0.748829672423978] 501 -1.49521453495789 5157 51.5
3.243021 2.38 [0.733883622708579] 497 -1.50735954710687 4962 49.6
3.243021 2.39 [0.736967167341809] 486 -1.4807852666507 5299 52.0
3.380076 2.52 [0.745545366435548] 454 -1.401101196871 4908 49.9
3.380076 2.52 [0.745545366435548] 456 -1.40549680834404 4814 49.3
3.522924 2.57 [0.72950764762453] 454 -1.42284733164096 4756 48.5
3.522924 2.59 [0.735184749940674] 446 -1.39731710881535 5128 50.9
3.671809 2.67 [0.727162006520492] 436 -1.38561293299548 4657 49.2
3.671809 2.68 [0.729885459728434] 430 -1.36801757622345 4843 50.5
3.826986 2.79 [0.729033239212268] 410 -1.32155781798777 4847 48.7
3.826986 2.79 [0.729033239212268] 410 -1.32155781798777 4891 48.8
3.988721 2.84 [0.712007683666017] 395 -1.3079170467675 4970 47.3
3.988721 2.89 [0.724543030209433] 384 -1.26222138450288 5057 50.2
4.157292 2.92 [0.702380299483414] 342 -1.17745572745341 4707 47.4
4.157292 2.96 [0.712001947421543] 333 -1.13718182831547 5061 50.2
4.332986 3.01 [0.69467106517307] 284 -1.00265577703895 5018 50.5
4.332986 3.03 [0.699286819758938] 281 -0.985413667450994 5053 51.9
4.516106 3.07 [0.679789181210538] 254 -0.912671529434328 5254 51.5
4.516106 3.08 [0.682003478217739] 254 -0.909419494047951 4923 50.8
4.706964 3.14 [0.667096667830899] 237 -0.862245161324915 4953 50.8
4.706964 3.17 [0.673470202873869] 235 -0.844261746364915 5097 52.6
4.905889 3.29 [0.670622592561715] 221 -0.787076162867851 4935 49.6
4.905889 3.31 [0.674699325647197] 220 -0.776480383090768 5163 51.3
5.11322 3.37 [0.659075885645445] 214 -0.772257319310293 4988 49.7
5.11322 3.39 [0.662987315233845] 212 -0.756950401932366 5358 51.6
5.329314 3.53 [0.662374181742716] 208 -0.738827439113453 4996 49.6
5.329314 3.56 [0.668003424080473] 207 -0.725545478758771 5399 51.7
5.55454 3.67 [0.66072077975854] 204 -0.721908649063452 5081 50.0
5.55454 3.70 [0.666121767059018] 203 -0.708853476677323 4973 51.2
5.789285 3.93 [0.678840305840877] 198 -0.665001105902899 4960 48.9
5.789285 3.97 [0.68574962193086] 196 -0.644722065620952 4924 50.5
6.03395 4.04 [0.669544825528882] 193 -0.653212057160912 4848 47.8
6.03395 4.09 [0.677831271389388] 192 -0.635716962202157 5023 49.7
6.288955 4.14 [0.658296966666163] 190 -0.654487910412162 5020 49.4
6.288955 4.16 [0.661477145249092] 189 -0.644391566875369 5061 50.2
6.554737 4.23 [0.645334816637189] 185 -0.647706532290394 4821 49.3
6.554737 4.23 [0.645334816637189] 185 -0.647706532290394 4897 49.6
6.831752 4.58 [0.670399042588197] 191 -0.641520291885889 4916 48.6
6.831752 4.62 [0.676254056060583] 190 -0.627575229032191 5153 50.1
7.120474 4.88 [0.685347632755909] 200 -0.665511148828431 4980 49.0
7.120474 4.89 [0.686752033642704] 200 -0.663464065206706 5178 49.5
7.421397 4.97 [0.669685235812072] 198 -0.678579210880145 4991 49.3
7.421397 4.99 [0.672380146217754] 198 -0.674563141225255 4948 49.8
7.735039 5.08 [0.656751698343085] 193 -0.672504159247365 4958 49.4
7.735039 5.14 [0.664508608166035] 192 -0.655567524493577 5166 51.5
8.061935 5.43 [0.673535571795109] 186 -0.610325847818068 4993 49.6
8.061935 5.50 [0.682218350805359] 186 -0.597516889525487 5304 51.7
8.402646 5.70 [0.678357745881476] 178 -0.559228737602509 4970 49.2
8.402646 5.72 [0.680737948498604] 178 -0.555726107051307 4949 49.0
8.757757 5.66 [0.646284202678837] 176 -0.596364630660338 4997 50.3
8.757757 5.69 [0.649709737322011] 176 -0.59107827473719 5213 50.9
9.127875 5.64 [0.617887514892568] 173 -0.624105153229607 4985 49.0
9.127875 5.70 [0.624460786327595] 173 -0.61352304389907 5106 50.8
9.513635 5.73 [0.602293445144784] 170 -0.63217364498606 5068 51.0
9.513635 5.75 [0.604395691026616] 170 -0.628689320903449 5253 51.7
9.915697 5.77 [0.581905639109384] 167 -0.648805494830491 5002 49.8
9.915697 5.84 [0.588965152928735] 167 -0.636746778510364 5101 51.9
10.334752 6.03 [0.583468282548048] 164 -0.627996319705012 4828 50.0
10.334752 6.05 [0.585403500732287] 164 -0.624685058401356 4985 50.8
10.771517 6.15 [0.570950219917956] 162 -0.637414294791673 4864 48.2
10.771517 6.20 [0.575592091624606] 161 -0.623125114311132 4856 50.0
11.22674 6.29 [0.56026949942726] 159 -0.637606270162817 4937 49.2
11.22674 6.30 [0.561160229950992] 159 -0.636017707477679 5222 49.5
11.701202 6.39 [0.546097742778904] 157 -0.650567814432171 4704 48.1
11.701202 6.48 [0.553789260282832] 157 -0.636581572457431 5301 51.4
12.195715 6.65 [0.545273483350505] 155 -0.639257628690712 4958 49.1
12.195715 6.65 [0.545273483350505] 155 -0.639257628690712 5010 49.6
12.711127 7.21 [0.567219570695816] 155 -0.59979862313483 5012 49.6
12.711127 7.28 [0.572726556819077] 155 -0.590136712223093 5112 50.3
13.248321 9.15 [0.690653555269381] 163 -0.453231854844901 5110 49.8
13.248321 9.28 [0.700466119442607] 163 -0.439124187334222 4971 51.4
13.808218 9.56 [0.692341328910074] 165 -0.462986374906474 5029 49.8
13.808218 9.56 [0.692341328910074] 165 -0.462986374906474 5409 49.9
14.391778 10.01 [0.695536020636227] 165 -0.458382657770215 5149 50.4
14.391778 9.78 [0.679554673508721] 165 -0.481627767050618 4830 47.5
14.999999 10.07 [0.671333378088892] 165 -0.493799607509395 4614 48.0
14.999999 10.13 [0.675333378355559] 165 -0.487858995979274 4953 48.3
15.633926 10.17 [0.650508387976251] 163 -0.51311599316334 4991 50.4
15.633926 10.23 [0.654346195574931] 163 -0.507233623260274 5189 51.6
16.294643 10.45 [0.641315062870662] 162 -0.521195466213929 5126 49.7
16.294643 10.51 [0.644997254619202] 162 -0.515470259735889 4944 50.4
16.983283 10.79 [0.635330636603064] 161 -0.524378798924504 5058 51.4
16.983283 10.84 [0.638274708135053] 161 -0.519755582183047 5188 51.7
17.701026 11.27 [0.636686257621451] 161 -0.522247346838031 4781 48.2
17.701026 11.48 [0.648549976707565] 161 -0.503785283998296 5106 51.0
18.449102 12.08 [0.654774416662665] 161 -0.494233575596829 4827 47.8
18.449102 12.31 [0.667241148105745] 161 -0.475372827907136 4988 50.5
19.228793 13.35 [0.694271346100611] 158 -0.41685214520458 5129 52.1
19.228793 13.70 [0.71247321659763] 158 -0.39097269721676 5318 51.2
20.041436 13.86 [0.691567211052142] 158 -0.420754675505027 5117 50.5
20.041436 14.20 [0.708532063271314] 158 -0.396519704659569 5269 50.2
20.888422 13.43 [0.642939902305689] 162 -0.518665064781094 5039 49.4
20.888422 13.64 [0.652993318499598] 162 -0.503149422900924 5129 50.7
21.771203 14.86 [0.68255300361675] 160 -0.446453615099128 4880 49.0
21.771203 15.11 [0.69403606222403] 160 -0.429769878104093 5353 51.0
22.691292 13.92 [0.613451186472767] 162 -0.565615624784376 4915 49.1
22.691292 14.02 [0.617858163387083] 162 -0.558457398084205 5058 50.7
23.650265 14.43 [0.610141154866552] 161 -0.564834018051589 5118 48.7
23.650265 14.71 [0.621980345674774] 161 -0.545615856224022 5088 50.9
24.649767 14.78 [0.599599988105364] 160 -0.576031053728884 5095 50.7
24.649767 14.99 [0.608119338409974] 160 -0.561922657134433 5328 52.5
25.691509 15.60 [0.607204504803513] 160 -0.563428155087691 4881 49.9
25.691509 15.81 [0.615378411598945] 160 -0.550056418121802 5055 50.1
26.777277 16.21 [0.60536401815614] 159 -0.560194227111143 4825 48.5
26.777277 16.52 [0.616940998145555] 159 -0.541250794765896 5200 50.8
27.908931 16.99 [0.608765702993067] 158 -0.548281548377589 4742 47.0
27.908931 17.14 [0.614140326621611] 159 -0.54580074008506 4947 50.1
29.088411 18.74 [0.64424282233911] 160 -0.504218091760496 4828 49.2
29.088411 18.77 [0.645274160902086] 160 -0.502618517972355 4827 48.6
30.317738 19.58 [0.645826545502834] 161 -0.507993387555345 4906 50.6
30.317738 19.85 [0.654732223096591] 161 -0.494298017524509 5245 51.6
31.599019 21.07 [0.666792852018602] 156 -0.444496561144368 4860 50.0
31.599019 21.24 [0.672172765869725] 156 -0.436460592586728 4905 49.9
32.934448 21.11 [0.640970208457722] 154 -0.471089608123935 5092 51.4
32.934448 21.21 [0.644006542936442] 154 -0.466363701407573 5230 51.5
34.326315 22.61 [0.658678334682881] 154 -0.443837283217193 4926 48.8
34.326315 23.65 [0.688975790148171] 154 -0.398866454569129 5121 51.0
35.777005 23.59 [0.659362067898081] 153 -0.436285102472633 4781 49.3
35.777005 23.77 [0.664393232468732] 153 -0.428683714520114 5114 49.6
37.289004 23.26 [0.623776381906044] 152 -0.485208563919913 4751 49.8
37.289004 23.44 [0.628603542213141] 152 -0.477499746301619 4995 48.8
38.864902 23.91 [0.615208035260194] 153 -0.505597426955999 4882 49.2
38.864902 24.06 [0.619067558693445] 153 -0.499343497879699 5058 50.2
40.507401 24.32 [0.600384112523042] 153 -0.529988268356392 4800 50.2
40.507401 24.56 [0.60630895573873] 153 -0.520168222175417 5100 51.2
42.219314 25.37 [0.600909811087883] 154 -0.535627728770763 5133 50.4
42.219314 25.42 [0.602094103186992] 154 -0.533658836620645 5045 51.3
44.003576 24.98 [0.56768113573315] 155 -0.598985221468644 5120 50.2
44.003576 25.04 [0.569044661279347] 155 -0.596586179934178 4973 50.7
45.863244 25.12 [0.547715290265992] 155 -0.634789493176736 4805 49.1
45.863244 25.13 [0.547933329792371] 155 -0.634391483221234 4801 49.6
47.801505 26.50 [0.554375850718508] 155 -0.62270221418822 4958 49.3
47.801505 26.60 [0.556467835060842] 154 -0.612463216887125 5117 50.6
49.821679 26.94 [0.540728464811473] 154 -0.641155347926082 4875 49.7
49.821679 27.10 [0.543939918203078] 154 -0.635233791022645 4964 50.5
51.92723 25.85 [0.497812034264104] 155 -0.730322537266087 4952 48.5
51.92723 26.16 [0.503781927131488] 155 -0.718401611631527 5151 51.1
54.121766 26.21 [0.484278358544324] 154 -0.751412724942208 4900 50.3
54.121766 26.40 [0.487788960914542] 154 -0.744189732125253 5112 51.7
56.409046 27.42 [0.486092248395763] 154 -0.747674169897028 4983 49.0
56.409046 27.53 [0.488042290238342] 154 -0.74367052487668 5075 50.2
58.792991 28.09 [0.47777803990275] 154 -0.764926314320564 4999 50.9
58.792991 28.13 [0.478458393110158] 154 -0.763503332934951 5147 51.2
61.277685 28.99 [0.473092284736279] 151 -0.755109347088712 4883 50.3
61.277685 29.00 [0.473255476279824] 151 -0.754764460035802 4946 49.4
63.867387 29.10 [0.455631604280288] 150 -0.786070681333236 4885 50.0
63.867387 29.18 [0.456884199755972] 150 -0.783325312416044 5157 50.2
66.566534 29.79 [0.447522173829871] 150 -0.804029192036999 5035 50.8
66.566534 29.82 [0.447972850742086] 150 -0.803022649425597 5195 51.5
69.379751 30.42 [0.438456459724106] 150 -0.824494765773489 4960 48.8
69.379751 30.54 [0.440186071005069] 150 -0.82055775281415 5181 50.7
72.311861 30.59 [0.423028802978809] 150 -0.86031501010554 4953 49.5
72.311861 30.60 [0.423167092878442] 150 -0.859988159310017 5028 48.4
75.367886 30.57 [0.405610421393536] 150 -0.902362133264197 4788 49.8
75.367886 30.66 [0.40680456394916] 150 -0.899422395723272 5042 50.1
78.553064 30.56 [0.389036384373244] 150 -0.944082406644467 5030 50.5
78.553064 30.56 [0.389036384373244] 150 -0.944082406644467 5082 50.8
81.872853 30.77 [0.375826649158055] 150 -0.978627281376876 5129 50.2
81.872853 30.84 [0.376681633410283] 150 -0.976354922015698 5377 51.3
85.332943 30.86 [0.361642279230894] 150 -1.01709973464723 4713 48.8
85.332943 30.99 [0.363165723699463] 150 -1.01289600978258 5108 51.3
88.939262 31.06 [0.349227093878966] 150 -1.05203286959878 4890 50.3
88.939262 31.08 [0.349451966444246] 150 -1.05138916181987 4925 48.9
92.69799 31.18 [0.336361122824778] 150 -1.08956992585921 4922 50.7
92.69799 31.21 [0.336684754437502] 150 -1.08860823320615 4977 51.2
96.615569 31.24 [0.323343331963402] 150 -1.12904057303279 4968 50.0
96.615569 31.24 [0.323343331963402] 150 -1.12904057303279 5005 51.7
100.698711 31.16 [0.309437923192483] 150 -1.17299777824282 4694 47.9
100.698711 31.26 [0.310430984563447] 150 -1.16979367425204 4955 50.0
104.954414 31.18 [0.297081359531958] 150 -1.21374923987551 4766 49.3
104.954414 31.28 [0.298034154142388] 150 -1.21054718782803 5076 51.9
109.389971 31.28 [0.285949431324011] 150 -1.25194029734805 4987 50.3
109.389971 31.29 [0.286040847382618] 150 -1.25162065534437 5046 50.5
114.012981 31.23 [0.273916178018361] 150 -1.29493313903804 4933 49.1
114.012981 31.30 [0.274530143194835] 150 -1.29269421278692 5062 49.4
118.831369 29.69 [0.249849852356746] 150 -1.38689513211967 4771 50.4
118.831369 29.75 [0.25035476953901] 150 -1.3848762889037 4914 50.8
123.853389 29.78 [0.240445580378911] 150 -1.42526149205159 4766 48.9
123.853389 29.84 [0.240930024127156] 150 -1.4232487439719 5040 49.5
129.08765 29.77 [0.230618498361385] 150 -1.46699045597168 4750 47.6
129.08765 29.85 [0.231238232317344] 150 -1.46430679116075 4942 50.7
134.543119 29.90 [0.222233587434524] 150 -1.5040262546287 5011 50.6
134.543119 29.92 [0.222382238663577] 150 -1.50335758191906 5176 51.1
140.229145 29.95 [0.213578996006857] 150 -1.54374851003236 4976 50.3
140.229145 29.96 [0.213650307858612] 150 -1.5434146759448 5042 51.6
146.155473 29.98 [0.205124032543071] 150 -1.58414044600923 4934 49.0
146.155473 30.02 [0.205397713707238] 150 -1.58280711247836 5087 51.1
152.332258 30.28 [0.198776020243854] 150 -1.61557661455097 4947 49.7
152.332258 30.34 [0.199169896109595] 150 -1.61359706919983 5036 51.5
158.770085 30.42 [0.191597806349981] 150 -1.65235686262375 4881 48.7
158.770085 30.51 [0.192164663765217] 150 -1.64940265072632 5226 50.0
165.479986 30.48 [0.184191458657726] 150 -1.69177952617239 4880 49.3
165.479986 30.53 [0.184493610000668] 150 -1.69014045024405 5049 50.7
172.473458 30.51 [0.176896783735849] 150 -1.73218885923748 5005 50.1
172.473458 30.64 [0.177650522899587] 150 -1.72793701309367 5187 51.9
179.762487 30.48 [0.169557066708807] 150 -1.77456573207641 4620 48.1
179.762487 30.50 [0.169668324626595] 150 -1.77390977928149 4824 48.3
187.359563 30.44 [0.162468355031336] 150 -1.817272034445 4833 50.2
187.359563 30.48 [0.162681848270536] 150 -1.81595883662004 5005 48.8
195.277705 30.47 [0.156034197554708] 150 -1.85768008066244 4964 50.1
195.277705 30.54 [0.156392661415188] 150 -1.85538537386957 5001 50.1
203.530481 30.43 [0.149510775243537] 150 -1.90038681354108 5008 50.8
203.530481 30.47 [0.149707306002977] 150 -1.89907318445234 5172 51.5
212.132034 30.20 [0.142364165517783] 150 -1.94936695831737 4861 50.0
212.132034 30.26 [0.142647008230732] 150 -1.94738217433799 4990 49.8
221.097103 30.37 [0.137360461027841] 150 -1.98514670605143 4991 51.2
221.097103 30.40 [0.137496148016014] 150 -1.98415937669691 5199 49.4
230.441052 30.48 [0.132268099522476] 150 -2.02292435921497 5026 50.8
230.441052 30.51 [0.132398284659801] 150 -2.02194059130484 5016 50.4
240.179893 30.56 [0.127237961589066] 150 -2.06169623243491 4711 48.7
240.179893 30.67 [0.127695951634053] 150 -2.05810321860707 5018 49.7
250.330314 30.82 [0.123117330488388] 150 -2.09461747187965 5055 50.6
250.330314 30.85 [0.123237172146878] 150 -2.09364455142023 5078 49.6
260.909709 31.04 [0.118968359280183] 150 -2.12889770962702 4944 49.5
260.909709 31.12 [0.119274978762864] 150 -2.12632370563185 5280 50.0
271.936208 31.04 [0.114144417281865] 150 -2.17029081406289 4952 50.6
271.936208 31.07 [0.114254737272795] 150 -2.16932478597295 5052 50.3
283.428706 30.93 [0.109127972379763] 150 -2.2152340268908 4933 50.8
283.428706 30.98 [0.109304383586326] 150 -2.21361877859906 5083 50.5
295.406897 30.83 [0.10436452335099] 150 -2.25986547592937 4851 47.4
295.406897 30.94 [0.104736891095674] 150 -2.25630387268251 5147 50.4
307.891307 30.79 [0.100002823398973] 150 -2.30255685940289 4972 50.2
307.891307 30.81 [0.10006778138754] 150 -2.30190750873072 4961 50.4
320.903331 30.78 [0.0959167357474392] 150 -2.34427479983195 4942 50.2
320.903331 30.82 [0.0960413838770655] 150 -2.34297609835071 5042 51.2
334.465265 30.60 [0.0914893210211231] 150 -2.39153302366348 4681 48.5
334.465265 30.71 [0.0918182042012644] 150 -2.38794469816909 4967 49.8
348.60035 30.55 [0.0876361713348825] 150 -2.43456145148388 5082 50.1
348.60035 30.58 [0.0877222297682719] 150 -2.43357993660056 5087 51.3
363.332808 30.63 [0.0843028741847062] 150 -2.47333931983779 5002 50.1
363.332808 30.72 [0.0845505809648767] 150 -2.470405332403 5279 51.5
378.687886 30.64 [0.0809109589526188] 150 -2.51440600114241 4834 48.5
378.687886 30.72 [0.0811222147201191] 150 -2.51179843773533 5092 49.8
394.691896 30.75 [0.0779088709741332] 150 -2.55221545615583 4954 47.6
394.691896 30.76 [0.0779342071923362] 150 -2.55189030577092 5007 48.9
411.372263 30.84 [0.0749685935923201] 150 -2.59068600524937 5106 49.8
411.372263 30.89 [0.075090138004759] 150 -2.58906604701401 5229 50.8
428.757572 30.86 [0.0719754052530179] 150 -2.63143081203059 4950 50.4
428.757572 30.91 [0.072092021269306] 150 -2.62981190282158 5099 51.8
446.877614 30.90 [0.0691464486739763] 150 -2.67152857903795 4942 51.2
446.877614 30.98 [0.0693254686058183] 150 -2.66894292795293 5234 52.0
465.763441 30.92 [0.0663856311556235] 150 -2.71227464417591 4882 49.7
465.763441 30.94 [0.0664285714086349] 150 -2.71162802275021 4883 49.4
485.447415 31.03 [0.0639204145314071] 150 -2.75011649238546 5139 51.2
485.447415 31.10 [0.0640646114059542] 150 -2.74786315166056 5255 50.5
505.963269 30.98 [0.0612297411652623] 150 -2.7931222407548 4749 48.2
505.963269 31.14 [0.0615459696541727] 150 -2.78797090933767 5224 50.6
527.346159 31.05 [0.0588797310269212] 150 -2.83225837272886 4815 50.1
527.346159 31.14 [0.0590503969139557] 150 -2.8293640147025 5132 49.6
549.632727 31.11 [0.0566014330511291] 150 -2.87172097516898 4921 48.4
549.632727 31.25 [0.0568561485968429] 150 -2.86723090989611 5349 51.4
572.861163 31.17 [0.054411089480681] 150 -2.91118729514717 4902 49.3
572.861163 31.22 [0.0544983706636786] 150 -2.90958447383913 5068 50.0
597.071275 31.11 [0.0521043321000495] 150 -2.95450718396652 4708 47.1
597.071275 31.37 [0.0525397909989892] 150 -2.94618447267348 5420 52.6
622.304547 31.28 [0.0502647781553169] 150 -2.99045068263659 5093 50.7
622.304547 31.31 [0.0503129860627549] 150 -2.98949206297539 5194 52.5
648.604222 31.26 [0.0481958009826214] 150 -3.03248337826357 5088 49.2
648.604222 31.29 [0.048242054150551] 150 -3.03152414557611 5030 49.4
676.015367 31.26 [0.0462415523758353] 150 -3.07387648303978 4971 51.9
676.015367 31.28 [0.0462711375021154] 150 -3.073236892356 5030 49.7
704.584954 31.28 [0.044394930408917] 150 -3.11462999604233 4989 51.5
704.584954 31.30 [0.0444233159142936] 150 -3.11399081417334 5037 49.8
734.361942 31.28 [0.0425947999358605] 150 -3.15602310039094 4935 49.4
734.361942 31.32 [0.0426492689894869] 150 -3.15474514494545 5022 50.2
765.397358 31.25 [0.0408284659900799] 150 -3.19837574501332 4875 47.9
765.397358 31.32 [0.0409199217538977] 150 -3.19613825007313 5103 50.7
797.744384 31.26 [0.0391854842565711] 150 -3.23944890034081 4840 48.9
797.744384 31.39 [0.0393484437240488] 150 -3.23529885448028 5294 51.9
831.458452 31.25 [0.0375845599077511] 150 -3.28116195367359 4818 49.4
831.458452 31.30 [0.0376446952036035] 150 -3.27956323230989 4975 50.1
866.597335 31.29 [0.03610673462318] 150 -3.32127587638373 4903 49.7
866.597335 31.30 [0.036118274007847] 150 -3.32095633651842 5068 49.9
903.221249 31.27 [0.0346205318294056] 150 -3.36330836743972 4882 49.9
903.221249 31.31 [0.0346648177671471] 150 -3.36203000357115 4888 49.8
941.392953 31.28 [0.0332273572904045] 150 -3.40438172760226 4865 49.2
941.392953 31.30 [0.0332486024037616] 150 -3.40374254573326 4880 50.6
981.17786 31.30 [0.0319004344431498] 150 -3.44513565037656 4998 49.4
981.17786 31.38 [0.0319819690998735] 150 -3.44258300061778 5155 51.7
1022.644146 31.21 [0.0305189250063922] 150 -3.48940829578149 4650 48.5
1022.644146 31.28 [0.0305873750144168] 150 -3.48716793638706 4900 48.1
1065.86287 31.38 [0.0294409354929495] 150 -3.52536920937124 5168 50.8
1065.86287 31.38 [0.0294409354929495] 150 -3.52536920937124 5220 50.0
1110.908092 31.20 [0.0280851316366143] 150 -3.57251496592971 4733 49.3
1110.908092 31.26 [0.0281391415051462] 150 -3.57059373575181 4867 49.7
1157.857004 31.26 [0.0269981525283411] 150 -3.61198684019515 4950 50.8
1157.857004 31.27 [0.0270067891734237] 150 -3.61166699371873 4993 48.8
1206.790059 31.20 [0.02585370982079] 150 -3.65530117494797 4706 47.9
1206.790059 31.30 [0.0259365742753438] 150 -3.6521011722173 5068 51.0
1257.79111 31.17 [0.0247815394402016] 150 -3.69765628040885 4661 47.8
1257.79111 31.27 [0.0248610438978218] 150 -3.69445320271835 4982 50.3
1310.947554 31.26 [0.02384534751571] 150 -3.73616615339351 4880 49.0
1310.947554 31.38 [0.0239368843583807] 150 -3.73233473108195 5198 49.4
1366.350483 31.30 [0.0229077388191621] 150 -3.7762804858093 5035 49.5
1366.350483 31.35 [0.0229443326511416] 150 -3.77468431627648 5134 50.7
1424.094835 31.30 [0.021978873338165] 150 -3.81767358982065 5049 50.9
1424.094835 31.31 [0.0219858953424264] 150 -3.81735415202844 5053 50.7
1484.279565 31.22 [0.0210337733781304] 150 -3.8616258770162 4840 49.2
1484.279565 31.35 [0.0211213579565788] 150 -3.85747052502456 5199 49.0
1547.007806 31.30 [0.0202326063763895] 150 -3.90045979890951 5038 49.1
1547.007806 31.37 [0.0202778550168479] 150 -3.89822587425303 5249 51.4
1612.387052 31.26 [0.0193874045076368] 150 -3.94313167595199 4885 48.3
1612.387052 31.41 [0.0194804342797464] 150 -3.93834468739477 5377 52.3
1680.529339 31.30 [0.0186250839385078] 150 -3.98324600796115 5022 49.3
1680.529339 31.36 [0.0186607869748116] 150 -3.98133091002505 5212 50.6
1751.551437 31.27 [0.0178527443382184] 150 -4.02559803813595 4891 49.9
1751.551437 31.34 [0.0178927089082112] 150 -4.02336197267782 5097 50.9
1825.575054 31.23 [0.0171069384036401] 150 -4.06827114317082 4673 48.9
1825.575054 31.30 [0.0171452824858769] 150 -4.0660322169197 4992 49.0
1902.727037 31.27 [0.0164343068616416] 150 -4.10838424728276 4912 49.3
1902.727037 31.32 [0.0164605849346535] 150 -4.10678654762991 5091 49.7
1983.139597 31.21 [0.0157376717439423] 150 -4.15169796663279 4711 49.0
1983.139597 31.37 [0.0158183518938632] 150 -4.14658450071289 5234 50.3
2066.950533 31.22 [0.0151043769560788] 150 -4.19277071252292 4773 50.1
2066.950533 31.25 [0.0151188910915267] 150 -4.19181025142779 4862 50.0
2154.303465 31.23 [0.0144965649024753] 150 -4.23384356089919 4861 49.4
2154.303465 31.32 [0.0145383417465747] 150 -4.23096586107157 5111 51.2
2245.348083 31.26 [0.0139221175712915] 150 -4.27427651127121 4987 48.8
2245.348083 31.31 [0.0139443858335616] 150 -4.27267830092623 5063 49.8
2340.240406 31.26 [0.0133576020309086] 150 -4.31566961568811 4877 49.8
2340.240406 31.33 [0.0133875134877916] 150 -4.31343283571734 5061 49.4
2439.143044 31.31 [0.0128364755306249] 150 -4.35546450978433 5032 50.7
2439.143044 31.32 [0.0128405753311777] 150 -4.35514517400004 5078 49.5
2542.22548 31.27 [0.0123002464753835] 150 -4.39813597815548 4964 50.3
2542.22548 31.32 [0.0123199142823476] 150 -4.39653827850262 5017 49.4
2649.66436 31.27 [0.0118014947372429] 150 -4.43952908288512 4894 49.3
2649.66436 31.31 [0.0118165909889055] 150 -4.43825071901655 5069 49.7
2761.643793 31.27 [0.0113229664445722] 150 -4.48092218712966 4926 50.2
2761.643793 31.32 [0.0113410716035817] 150 -4.47932448747681 5054 49.4
2878.355673 31.28 [0.0108673157710903] 150 -4.52199554752565 4956 49.3
2878.355673 31.33 [0.0108846868001361] 150 -4.52039835823866 5119 50.6
2999.999999 31.27 [0.0104233333368078] 150 -4.56370839584716 4913 50.2
2999.999999 31.35 [0.0104500000034833] 150 -4.56115330023798 5114 50.5
