0.075 0.06 [0.8] 63692 -6.27432250219427 5110 51.3
0.075 0.07 [0.933333333333333] 63019 -6.10954912459764 5036 50.6
0.078169 0.07 [0.895495656846064] 60095 -6.10342453576024 5047 50.5
0.078169 0.07 [0.895495656846064] 62615 -6.14450275837149 4904 49.9
0.081473 0.07 [0.859180341953776] 59619 -6.13687073506593 4955 50.5
0.081473 0.08 [0.981920390804316] 58521 -5.98475069140806 4894 48.9
0.084916 0.07 [0.824344057656979] 57509 -6.14222873270046 5055 49.6
0.084916 0.09 [1.05987093127326] 57655 -5.89344982034845 4723 47.6
0.088505 0.08 [0.903903734252302] 51773 -5.94502117565886 4945 49.2
0.088505 0.08 [0.903903734252302] 51793 -5.94540740280385 4788 48.6
0.092245 0.08 [0.867255677814516] 47196 -5.8938505743594 5051 50.7
0.092245 0.08 [0.867255677814516] 49758 -5.94671268581885 5064 48.9
0.096143 0.09 [0.936105592710858] 46635 -5.80549831320685 5125 50.7
0.096143 0.09 [0.936105592710858] 48087 -5.83615885133988 4883 49.4
0.100207 0.09 [0.898140848443722] 42798 -5.76103973356966 4885 49.3
0.100207 0.09 [0.898140848443722] 44731 -5.80521513460095 4838 48.6
0.104442 0.09 [0.861722295628196] 45135 -5.85560020670436 5178 51.4
0.104442 0.10 [0.957469217364662] 42626 -5.69304608803546 5284 51.9
0.108856 0.10 [0.918644815168663] 39521 -5.65880788298961 5033 49.1
0.108856 0.11 [1.01050929668553] 41708 -5.61735848390937 5053 48.7
0.113456 0.10 [0.881398956423636] 35123 -5.58222108199045 4985 49.6
0.113456 0.11 [0.969538852065999] 37592 -5.55484597745562 4749 48.8
0.118251 0.11 [0.930224691545949] 40405 -5.66840264277478 4946 50.1
0.118251 0.11 [0.930224691545949] 40582 -5.6727737216348 5053 50.8
0.123248 0.11 [0.892509411917435] 34347 -5.54735288331386 5168 51.3
0.123248 0.11 [0.892509411917435] 35509 -5.58062439018116 4970 50.9
0.128457 0.12 [0.934164739951891] 32335 -5.44137269498624 4923 48.9
0.128457 0.12 [0.934164739951891] 33022 -5.46239646609733 5014 50.8
0.133886 0.12 [0.896284899093258] 30901 -5.4374054795357 5103 49.2
0.133886 0.13 [0.97097530735103] 29931 -5.32546895862205 4828 49.4
0.139544 0.12 [0.859943817003956] 31653 -5.50284113664773 5244 51.8
0.139544 0.14 [1.00326778650462] 30218 -5.30229529931006 4674 48.2
0.145442 0.14 [0.962583022785715] 26111 -5.19761162546607 4913 49.7
0.145442 0.14 [0.962583022785715] 26711 -5.22033040956874 5022 48.0
0.151588 0.14 [0.923555954297174] 26462 -5.25235361829927 5255 50.4
0.151588 0.14 [0.923555954297174] 27223 -5.28070608090797 4981 49.0
0.157995 0.13 [0.822810848444571] 26252 -5.35989109799839 5204 49.9
0.157995 0.16 [1.0126902750087] 27281 -5.19070004580358 5045 51.1
0.164672 0.15 [0.910901671200933] 24315 -5.18153375130465 4868 50.6
0.164672 0.15 [0.910901671200933] 25264 -5.21982076496219 4966 49.3
0.171631 0.16 [0.932232522096824] 22063 -5.06119499039707 4793 48.7
0.171631 0.17 [0.990497054727876] 23940 -5.08221907138423 4797 49.5
0.178885 0.15 [0.838527545629874] 22033 -5.16576916154723 5217 50.6
0.178885 0.18 [1.00623305475585] 21660 -4.96637351684407 4874 49.5
0.186445 0.16 [0.858161924428116] 21148 -5.10162779744953 5108 49.3
0.186445 0.18 [0.96543216498163] 21242 -4.98827977731929 4807 49.9
0.194324 0.17 [0.874827607500875] 18949 -4.97259957660787 5117 50.2
0.194324 0.19 [0.977748502500978] 19462 -4.88808662820997 4970 48.9
0.202537 0.18 [0.888726504293043] 19757 -4.99859357883237 5008 50.2
0.202537 0.20 [0.987473893658936] 18915 -4.84968046232827 4658 48.6
0.211096 0.20 [0.947436237541213] 17221 -4.79724519396966 5096 49.9
0.211096 0.20 [0.947436237541213] 18608 -4.8747072204232 4809 47.4
0.220017 0.20 [0.909020666584855] 16700 -4.8079161538548 4834 49.0
0.220017 0.20 [0.909020666584855] 17303 -4.84338733130661 5315 50.9
0.229316 0.21 [0.915766889357917] 15607 -4.7328329507423 5084 49.4
0.229316 0.22 [0.959374836470198] 16327 -4.73141358269101 5159 50.5
0.239007 0.23 [0.962314911278749] 13936 -4.57000893627837 4541 46.4
0.239007 0.23 [0.962314911278749] 14207 -4.58926831705816 4814 49.1
0.249108 0.23 [0.923294314112754] 14011 -4.61676994872044 4923 49.8
0.249108 0.23 [0.923294314112754] 14908 -4.67882519494836 4894 48.3
0.259636 0.24 [0.924371042536474] 12666 -4.51468294973803 4923 48.5
0.259636 0.25 [0.962886502642161] 12480 -4.45906708006482 5063 49.2
0.270608 0.25 [0.923845562584994] 12791 -4.52507214487258 4889 48.7
0.270608 0.25 [0.923845562584994] 13207 -4.55707733831699 4959 50.5
0.282045 0.26 [0.921838713680441] 11503 -4.42111285745977 4915 49.6
0.282045 0.26 [0.921838713680441] 12013 -4.46449438328514 5175 50.8
0.293964 0.26 [0.884462042971248] 11405 -4.45394752046831 5160 50.7
0.293964 0.28 [0.952497584738267] 11564 -4.39368451673233 4972 48.9
0.306388 0.26 [0.848597203545831] 11520 -4.50537528174672 5189 51.6
0.306388 0.27 [0.881235557528363] 10852 -4.40789969329282 5293 52.7
0.319336 0.29 [0.908134378836085] 9919 -4.28793501166779 4904 50.2
0.319336 0.29 [0.908134378836085] 9946 -4.29065336219648 5091 50.9
0.332832 0.30 [0.901355638880877] 9567 -4.25929504509643 5136 51.2
0.332832 0.31 [0.931400826843573] 9743 -4.24473462402062 4833 49.3
0.346898 0.31 [0.893634440094783] 8357 -4.13267798703483 4997 49.8
0.346898 0.33 [0.951288274939608] 8478 -4.08453269196464 4872 50.1
0.361559 0.32 [0.885056104259609] 8449 -4.15327231739653 5010 51.0
0.361559 0.33 [0.912714107517722] 8673 -4.14866731926138 5050 50.4
0.376839 0.34 [0.902242071547796] 7476 -4.01169029739983 5040 49.2
0.376839 0.36 [0.95531513458002] 7562 -3.9659696994353 4736 48.2
0.392765 0.35 [0.891118098608583] 7625 -4.04383062153657 5168 52.2
0.392765 0.36 [0.916578615711685] 7632 -4.01657735622238 4855 49.5
0.409364 0.38 [0.928269217615618] 6553 -3.85147642802231 5023 50.1
0.409364 0.38 [0.928269217615618] 6851 -3.89594809498571 4726 48.2
0.426664 0.39 [0.914068212926331] 6008 -3.78006197845004 4849 47.8
0.426664 0.40 [0.937505859411621] 5893 -3.7354174618597 5020 49.9
0.444696 0.41 [0.921978160361236] 6060 -3.78006352791697 5074 49.4
0.444696 0.41 [0.921978160361236] 6068 -3.78138278932204 4961 49.1
0.463489 0.41 [0.884594887904567] 5534 -3.73065635880622 5144 50.5
0.463489 0.42 [0.90617037297541] 5284 -3.6603313125225 5027 50.5
0.483077 0.43 [0.890127246795024] 5300 -3.68121765799271 5102 49.8
0.483077 0.44 [0.91082788044142] 5079 -3.61563571102905 4959 49.3
0.503493 0.45 [0.893756219053691] 4879 -3.59438249233596 5229 51.2
0.503493 0.45 [0.893756219053691] 4923 -3.60336031227832 4777 48.6
0.524772 0.46 [0.876571158522177] 4746 -3.5861595359643 5164 51.0
0.524772 0.47 [0.895627053272659] 4642 -3.54249648058201 5070 49.8
0.546949 0.48 [0.877595534501389] 4290 -3.48397617616731 4944 48.7
0.546949 0.49 [0.895878774803501] 4351 -3.47747585976319 5276 51.8
0.570064 0.50 [0.877094501669988] 4084 -3.43533742199345 4862 48.9
0.570064 0.52 [0.912178281736787] 3905 -3.3512975918294 5174 51.7
0.594156 0.53 [0.892021623950612] 3881 -3.36747774187151 5048 50.1
0.594156 0.54 [0.908852220628926] 3826 -3.33451262749065 4809 48.6
0.619266 0.54 [0.872000077511118] 3663 -3.33236823486682 4929 49.6
0.619266 0.55 [0.888148227094657] 3623 -3.30303902431489 5004 50.9
0.645438 0.57 [0.883121229304751] 3617 -3.30705773312691 5347 50.8
0.645438 0.58 [0.898614584204835] 3513 -3.26049141072877 4755 48.5
0.672715 0.58 [0.862177891083148] 3070 -3.16709120592876 5035 48.7
0.672715 0.60 [0.891908163189464] 3064 -3.13123334453232 5218 50.9
0.701145 0.62 [0.884267876116923] 3061 -3.13885687981556 4824 49.9
0.701145 0.62 [0.884267876116923] 3127 -3.16018929832799 4901 49.0
0.730777 0.63 [0.862096097715172] 2733 -3.05090842409576 5102 50.1
0.730777 0.64 [0.87578016275827] 2845 -3.07532322775999 5258 50.2
0.761661 0.66 [0.866527234557106] 2791 -3.06678167922717 4911 49.8
0.761661 0.66 [0.866527234557106] 2817 -3.07605421356722 5081 50.0
0.79385 0.68 [0.856584997165711] 2524 -2.97776665791822 4756 49.7
0.79385 0.70 [0.881778673552938] 2519 -2.94679617373647 4737 49.8
0.827399 0.71 [0.858110778475681] 2418 -2.93308281246443 4862 48.5
0.827399 0.73 [0.88228291308063] 2346 -2.87507424639604 5134 50.2
0.862367 0.74 [0.8581033365145] 2254 -2.86285714842173 5045 49.8
0.862367 0.74 [0.8581033365145] 2321 -2.89214886009644 5141 50.1
0.898812 0.75 [0.834434787252507] 2163 -2.84961681668334 5147 51.6
0.898812 0.76 [0.845560584415873] 2226 -2.86508169581575 5019 50.3
0.936797 0.80 [0.853973699744982] 2106 -2.799765280817 4643 48.6
0.936797 0.80 [0.853973699744982] 2131 -2.8115662202217 5089 50.4
0.976388 0.82 [0.839830067555111] 1964 -2.74665890295808 4984 50.0
0.976388 0.84 [0.860313727739382] 1995 -2.73822219178857 5008 49.9
1.017652 0.86 [0.845082601911066] 1844 -2.67737801268193 4835 48.7
1.017652 0.87 [0.854909143793753] 1787 -2.63441830132374 4997 49.6
1.06066 0.87 [0.820243999019478] 1827 -2.69794868548787 4974 49.6
1.06066 0.90 [0.848528274847736] 1800 -2.64915852131844 5042 51.7
1.105485 0.91 [0.823168111733764] 1718 -2.63287564062147 5098 49.8
1.105485 0.94 [0.850305522010701] 1687 -2.58223134487008 4939 50.5
1.152205 0.96 [0.833185066893478] 1579 -2.53641121251076 5057 51.0
1.152205 0.97 [0.841864078006952] 1626 -2.55537970132733 4837 48.1
1.200899 0.99 [0.824382400185195] 1554 -2.53107301566019 5062 50.6
1.200899 1.01 [0.841036590087926] 1521 -2.48960811028522 4930 49.7
1.251651 1.02 [0.814923648844606] 1543 -2.53550941079591 5227 51.0
1.251651 1.03 [0.822913096382298] 1540 -2.52380707889506 4819 48.9
1.304548 1.05 [0.804876478289798] 1465 -2.49604168381035 5192 49.9
1.304548 1.06 [0.812541968559225] 1457 -2.48108722459984 4878 49.8
1.359681 1.09 [0.801658624339091] 1431 -2.47656590263035 4845 48.3
1.359681 1.13 [0.831077289452452] 1420 -2.43280933718601 5025 51.2
1.417143 1.12 [0.790322500975554] 1334 -2.42061612012022 5158 50.7
1.417143 1.14 [0.804435402778689] 1327 -2.39765535087746 5248 52.2
1.477034 1.17 [0.792128007886074] 1277 -2.37466583604531 5137 50.6
1.477034 1.19 [0.805668657593529] 1250 -2.33634625199534 4973 51.0
1.539456 1.22 [0.792487735927496] 1205 -2.31617780034929 5271 50.4
1.539456 1.23 [0.798983537041656] 1166 -2.27511401069582 5247 51.4
1.604516 1.26 [0.785283537216207] 1137 -2.26722363216283 4950 50.8
1.604516 1.27 [0.791515946241733] 1129 -2.25225752305484 5203 51.6
1.672326 1.35 [0.807258871775001] 1057 -2.16666557105734 5035 49.0
1.672326 1.37 [0.819218262467964] 1055 -2.15006548370758 4736 48.6
1.743001 1.37 [0.786000696499887] 1056 -2.1924057705911 4892 49.3
1.743001 1.39 [0.797475159222513] 1039 -2.16168329012156 5141 51.6
1.816664 1.43 [0.787157118762743] 973 -2.10907619593399 5142 50.1
1.816664 1.45 [0.798166309234949] 976 -2.09826558800041 4978 49.8
1.893439 1.52 [0.802772098810683] 936 -2.05066459988994 4827 48.2
1.893439 1.54 [0.813334889584507] 933 -2.03438224269234 4846 49.1
1.973459 1.52 [0.770221220709424] 910 -2.06388681118905 5017 50.9
1.973459 1.54 [0.780355710455601] 919 -2.06065625246649 5240 52.1
2.056861 1.61 [0.782746135980992] 869 -2.00165468642326 4863 47.8
2.056861 1.65 [0.802193244949464] 851 -1.95618258081512 4800 50.3
2.143787 1.70 [0.792989228873951] 827 -1.93911504112365 4788 49.5
2.143787 1.72 [0.802318513919526] 812 -1.90911464649845 4811 49.9
2.234388 1.77 [0.79216322321817] 782 -1.88420726492845 5061 48.6
2.234388 1.78 [0.796638721654431] 779 -1.87472975253563 4903 49.4
2.328817 1.80 [0.772924622243826] 750 -1.86701166085156 4928 48.9
2.328817 1.82 [0.781512673602091] 738 -1.83983244273509 5112 50.6
2.427237 1.89 [0.778663146614855] 711 -1.80621388003382 5156 49.9
2.427237 1.91 [0.786902968272155] 700 -1.78009537228699 5106 51.4
2.529816 1.95 [0.770807046836608] 698 -1.79790100891241 4888 49.4
2.529816 1.96 [0.774759903487052] 693 -1.78559680467317 4999 51.8
2.63673 2.06 [0.781270740652247] 643 -1.70234296039041 5026 50.1
2.63673 2.06 [0.781270740652247] 644 -1.70389696225714 5139 49.6
2.748163 2.12 [0.771424402409901] 620 -1.67860078372603 5015 50.2
2.748163 2.14 [0.778701991111881] 617 -1.66436058924244 4957 50.3
2.864305 2.25 [0.785530870490398] 592 -1.6142668624131 4973 48.9
2.864305 2.26 [0.789022118803689] 592 -1.60983226534524 4800 49.0
2.985356 2.28 [0.763728010997684] 579 -1.62021074322527 4913 50.2
2.985356 2.29 [0.767077695256445] 577 -1.61237415756057 5126 51.3
3.111522 2.39 [0.768112839954209] 559 -1.57933280866232 5039 50.8
3.111522 2.40 [0.771326701209247] 559 -1.57515743725184 4898 50.5
3.243021 2.47 [0.761635524407643] 540 -1.55322099761206 5076 50.5
3.243021 2.49 [0.767802613674102] 544 -1.55253654507295 4867 50.0
3.380076 2.59 [0.766254959947646] 513 -1.49588086981231 5298 51.3
3.380076 2.59 [0.766254959947646] 515 -1.49977192530527 5128 50.5
3.522924 2.71 [0.769247363837539] 490 -1.4461127887198 4935 49.6
3.522924 2.71 [0.769247363837539] 492 -1.45018611410744 4903 49.6
3.671809 2.76 [0.751673085391969] 488 -1.46513388818269 5043 51.1
3.671809 2.76 [0.751673085391969] 490 -1.46922387343422 5128 50.8
3.826986 2.89 [0.755163462839948] 475 -1.43350055603299 4994 49.4
3.826986 2.91 [0.760389507565484] 469 -1.41389194138557 5394 51.1
3.988721 3.01 [0.754627861913631] 453 -1.38678738076175 4779 49.8
3.988721 3.02 [0.757134931222314] 452 -1.38126068248495 4861 50.3
4.157292 3.15 [0.757704775127655] 435 -1.34217218492214 4997 49.5
4.157292 3.16 [0.760110187112187] 433 -1.33439430707467 4817 49.7
4.332986 3.27 [0.754675874789348] 423 -1.31820381177564 4665 48.4
4.332986 3.30 [0.76159950666815] 418 -1.29718058169085 4999 50.0
4.516106 3.43 [0.759503873469755] 400 -1.25591910994503 5018 48.7
4.516106 3.44 [0.761718170476955] 399 -1.25050476951945 4942 49.1
4.706964 3.50 [0.743579088346544] 398 -1.27209685689902 5074 50.5
4.706964 3.52 [0.747828111708524] 393 -1.2537564423692 5001 51.9
4.905889 3.64 [0.741965421557642] 380 -1.22798859719916 5061 50.9
4.905889 3.65 [0.744003788100383] 381 -1.22787323365968 5033 49.9
5.11322 3.83 [0.749038766178651] 359 -1.16165163394844 5018 48.7
5.11322 3.86 [0.754905910561251] 355 -1.14264465465139 5027 49.7
5.329314 3.95 [0.741183574471311] 350 -1.14680480592777 5089 49.5
5.329314 3.96 [0.743059988583897] 349 -1.14141512729338 4977 49.8
5.55454 4.13 [0.743535918365877] 333 -1.09384540029322 4983 49.5
5.55454 4.15 [0.747136576566196] 331 -1.08299035842017 4791 49.6
5.789285 4.32 [0.746206137718216] 322 -1.05666964437792 4914 50.4
5.789285 4.32 [0.746206137718216] 324 -1.06286161462584 5169 50.5
6.03395 4.46 [0.739150970757133] 314 -1.04101078010537 5054 50.6
6.03395 4.46 [0.739150970757133] 314 -1.04101078010537 5148 50.9
6.288955 4.73 [0.752112234862549] 293 -0.954407032602124 4981 49.2
6.288955 4.78 [0.76006268131987] 289 -0.930145767697966 5176 51.0
6.554737 4.85 [0.739922898508361] 284 -0.93954823348207 4797 48.2
6.554737 4.93 [0.75212781229819] 280 -0.909003315384907 5132 50.9
6.831752 5.11 [0.747977971097311] 269 -0.874457837351579 5035 48.6
6.831752 5.18 [0.758224244673987] 266 -0.84963711447566 4878 50.4
7.120474 5.22 [0.733097262906936] 265 -0.879571426237125 4880 48.9
7.120474 5.33 [0.74854567266168] 260 -0.839669394983225 5050 52.0
7.421397 5.44 [0.733015630345607] 263 -0.87210699160406 5050 48.9
7.421397 5.59 [0.753227458388225] 257 -0.821828818022359 5414 52.7
7.735039 5.79 [0.748541797914658] 259 -0.835821002047503 4884 49.4
7.735039 5.83 [0.753713071129958] 258 -0.825067816492086 5225 50.4
8.061935 5.91 [0.733074627865395] 250 -0.821333394494951 4889 49.8
8.061935 5.96 [0.739276612872716] 249 -0.80890072343816 5134 50.6
8.402646 6.09 [0.724771696915472] 242 -0.800201006585809 4950 49.5
8.402646 6.10 [0.725961798224036] 242 -0.798560317128349 5049 49.8
8.757757 6.25 [0.71365305066126] 236 -0.790554869114577 5151 49.9
8.757757 6.26 [0.714794895542318] 236 -0.78895614775088 5266 50.1
9.127875 6.41 [0.702244498308752] 230 -0.780917662232412 5026 49.9
9.127875 6.47 [0.708817769743779] 229 -0.767243519283226 5174 51.5
9.513635 6.55 [0.688485526299884] 221 -0.760788390533038 4792 48.1
9.513635 6.63 [0.696894509827211] 220 -0.744113480817037 4949 50.0
9.915697 6.76 [0.681747334554495] 215 -0.743098901006535 4790 49.2
9.915697 6.77 [0.682755836528688] 215 -0.741620704137224 4950 49.6
10.334752 6.90 [0.667650273562443] 209 -0.735689742981505 4776 49.7
10.334752 6.92 [0.669585491746681] 209 -0.73279538495514 4929 49.9
10.771517 7.04 [0.653575536296327] 204 -0.73278186505198 5045 48.8
10.771517 7.14 [0.662859279709627] 202 -0.708824962427427 5201 51.9
11.22674 7.29 [0.649342551800434] 197 -0.704363321372357 4841 49.2
11.22674 7.29 [0.649342551800434] 197 -0.704363321372357 4927 49.1
11.701202 7.45 [0.636686726714059] 195 -0.713841803645585 4848 49.0
11.701202 7.48 [0.639250565882035] 194 -0.704681644550249 4975 49.9
12.195715 7.72 [0.633009216761789] 188 -0.683076965232493 4791 48.8
12.195715 7.72 [0.633009216761789] 188 -0.683076965232493 4795 48.7
12.711127 7.89 [0.620716007321774] 183 -0.675732475496079 5081 51.0
12.711127 7.89 [0.620716007321774] 183 -0.675732475496079 5086 50.9
13.248321 8.22 [0.620455980799378] 177 -0.642815056831309 4930 49.8
13.248321 8.23 [0.621210793428088] 177 -0.641599251210419 5100 50.0
13.808218 8.59 [0.622093307043675] 172 -0.611524368886492 4971 48.6
13.808218 8.67 [0.627886958331625] 171 -0.596423393779412 5055 50.7
14.391778 9.30 [0.646202296894796] 171 -0.567670933540213 4820 49.9
14.391778 9.36 [0.650371343971537] 170 -0.555374923757525 5168 51.1
14.999999 10.66 [0.710666714044448] 165 -0.436861895502168 4971 49.8
14.999999 10.89 [0.726000048400003] 164 -0.409436331218615 5358 52.7
15.633926 10.90 [0.69720171376019] 177 -0.526194945755778 4976 50.4
15.633926 11.02 [0.70487732895755] 177 -0.515245931266107 5386 52.1
16.294643 10.94 [0.671386295483737] 174 -0.546830611613059 5030 49.5
16.294643 11.15 [0.684273966603625] 173 -0.522053205984016 5259 52.2
16.983283 11.18 [0.658294394552573] 172 -0.554962222296585 4873 49.8
16.983283 11.21 [0.660060837471766] 172 -0.552282452939469 5079 50.2
17.701026 11.29 [0.637816135629652] 170 -0.574868368793944 4925 49.1
17.701026 11.37 [0.642335647662458] 169 -0.561907717065882 4950 50.4
18.449102 11.25 [0.6097857771072] 168 -0.607976253871865 4863 49.0
18.449102 11.33 [0.614122031522185] 168 -0.600890307482379 5036 50.1
19.228793 11.34 [0.58974060410344] 166 -0.62942498708081 5232 52.0
19.228793 11.42 [0.593901031645616] 166 -0.622395081152551 5568 53.0
20.041436 11.50 [0.573811178001417] 164 -0.644686028694811 4985 49.8
20.041436 11.52 [0.574809110484897] 164 -0.64294840879627 5007 50.0
20.888422 11.64 [0.557246497605228] 162 -0.661708633012948 4913 48.9
20.888422 11.65 [0.5577252317097] 162 -0.66084989530453 4896 48.9
21.771203 11.59 [0.532354597033522] 161 -0.701214546787717 5117 49.7
21.771203 11.63 [0.534191886410687] 161 -0.697769237608804 5234 50.3
22.691292 11.71 [0.516056996666386] 159 -0.719806969068871 4970 49.3
22.691292 11.76 [0.518260485123544] 159 -0.715546204208016 4955 50.4
23.650265 11.85 [0.501051468133655] 158 -0.743006191298732 4737 48.4
23.650265 11.91 [0.50358843759256] 157 -0.731606447834005 4977 49.6
24.649767 11.99 [0.486414334058411] 156 -0.759915192225227 4827 48.1
24.649767 12.08 [0.490065484188958] 156 -0.752436968757981 5028 49.6
25.691509 12.00 [0.467080388310395] 155 -0.794043721240602 5002 48.6
25.691509 12.05 [0.469026556595021] 155 -0.789885711091938 4904 49.6
26.777277 12.12 [0.452622572489354] 154 -0.819013982410957 5328 50.7
26.777277 12.14 [0.453369474424154] 154 -0.817365177420773 5484 51.2
27.908931 12.43 [0.445377144685334] 153 -0.828636466904278 4815 48.7
27.908931 12.50 [0.447885302378654] 153 -0.823020728118643 5102 50.0
29.088411 13.49 [0.463758573818281] 153 -0.788193804509716 5082 49.5
29.088411 13.53 [0.465133691902249] 152 -0.778675632000525 5284 51.8
30.317738 14.48 [0.477608190954088] 150 -0.738964566811931 4962 47.7
30.317738 14.49 [0.477938030864968] 150 -0.738274197436911 5092 49.4
31.599019 14.45 [0.457292677345458] 150 -0.782431661248743 4600 48.6
31.599019 14.48 [0.458242073907421] 150 -0.780357688849614 4920 48.0
32.934448 14.46 [0.439053965622864] 150 -0.823132944936172 4696 49.9
32.934448 14.49 [0.43996486596648] 150 -0.821060405334199 5141 51.8
34.326315 14.48 [0.421833803016723] 150 -0.863143874232128 5007 50.3
34.326315 14.49 [0.42212512470389] 150 -0.862453504857107 5194 50.3
35.777005 14.46 [0.404170220508955] 150 -0.905919151865418 4666 48.9
35.777005 14.49 [0.405008747937397] 150 -0.903846612263446 5119 50.9
37.289004 14.48 [0.388318229148732] 150 -0.94593009730284 4938 49.7
37.289004 14.48 [0.388318229148732] 150 -0.94593009730284 5002 51.2
38.864902 14.47 [0.372315360527604] 150 -0.98801404048666 4887 49.2
38.864902 14.49 [0.372829963652038] 150 -0.986632824797461 5057 48.8
40.507401 14.48 [0.357465540679838] 150 -1.02871631120061 5001 51.0
40.507401 14.49 [0.357712409147158] 150 -1.02802594182559 5033 48.8
42.219314 14.46 [0.342497275062309] 150 -1.07149157733396 4697 50.0
42.219314 14.50 [0.343444708741596] 150 -1.06872914463805 5205 50.9
44.003576 14.48 [0.32906416514876] 150 -1.11150251638551 4997 50.5
44.003576 14.49 [0.329291419406459] 150 -1.11081214701049 5062 50.5
45.863244 14.49 [0.315939273724292] 150 -1.15220525562115 5109 50.0
45.863244 14.50 [0.316157313250672] 150 -1.15151536252721 5320 51.2
47.801505 14.47 [0.302710134335729] 150 -1.19497958371401 4790 49.8
47.801505 14.49 [0.303128531204195] 150 -1.19359836802481 5049 51.0
49.821679 14.47 [0.290435816103267] 150 -1.23637266994753 4813 49.0
49.821679 14.48 [0.290636531940242] 150 -1.23568182363336 5058 50.1
51.92723 14.48 [0.278851770063606] 150 -1.27707492843996 5035 51.0
51.92723 14.49 [0.279044347252877] 150 -1.27638455906494 4973 49.2
54.121766 14.48 [0.267544854319794] 150 -1.31846804700258 4918 49.5
54.121766 14.48 [0.267544854319794] 150 -1.31846804700258 4982 48.8
56.409046 14.48 [0.256696417095939] 150 -1.35986114875625 4940 51.3
56.409046 14.48 [0.256696417095939] 150 -1.35986114875625 5012 50.2
58.792991 14.48 [0.246287861081944] 150 -1.40125426016177 4927 49.3
58.792991 14.49 [0.246457949383796] 150 -1.40056389078675 4977 49.4
61.277685 14.47 [0.236138163509277] 150 -1.44333820666022 4819 49.0
61.277685 14.49 [0.236464546596367] 150 -1.44195699097102 5141 49.8
63.867387 14.48 [0.22671978109892] 150 -1.48404046855311 4910 48.5
63.867387 14.51 [0.227189504402302] 150 -1.48197078861459 5376 53.4
66.566534 14.48 [0.217526722962623] 150 -1.52543357180462 4993 50.8
66.566534 14.49 [0.217676948600028] 150 -1.5247432024296 5116 51.4
69.379751 14.47 [0.208562293629448] 150 -1.56751751196124 4850 49.6
69.379751 14.49 [0.208850562176275] 150 -1.56613629627204 5104 50.4
72.311861 14.47 [0.200105484769642] 150 -1.60891062762496 4816 48.7
72.311861 14.47 [0.200105484769642] 150 -1.60891062762496 4872 49.9
75.367886 14.48 [0.192124268949245] 150 -1.64961288220937 4882 48.2
75.367886 14.48 [0.192124268949245] 150 -1.64961288220937 5025 50.2
78.553064 14.48 [0.18433399364282] 150 -1.69100598398522 4914 51.1
78.553064 14.48 [0.18433399364282] 150 -1.69100598398522 4981 49.1
81.872853 14.48 [0.176859599603791] 150 -1.73239908375326 5066 50.3
81.872853 14.49 [0.176981740211252] 150 -1.73170871437824 5075 51.6
85.332943 14.47 [0.169571088155251] 150 -1.77448304093885 4843 48.8
85.332943 14.50 [0.169922652263382] 150 -1.77241193215571 5283 51.1
88.939262 14.48 [0.162807737262313] 150 -1.81518530036175 4935 50.3
88.939262 14.50 [0.163032609827592] 150 -1.81380503789279 5252 50.1
92.69799 14.49 [0.156314068945832] 150 -1.85588803315625 5037 50.6
92.69799 14.50 [0.156421946150073] 150 -1.85519814006231 5254 49.5
96.615569 14.47 [0.14976882245552] 150 -1.89866235736088 4789 48.2
96.615569 14.49 [0.149975828429888] 150 -1.89728114167169 5140 50.5
100.698711 14.47 [0.143695980378537] 150 -1.94005545860198 4855 48.3
100.698711 14.48 [0.143795286515634] 150 -1.9393646122878 4947 49.8
104.954414 14.48 [0.13796465959021] 150 -1.98075771654757 4980 51.2
104.954414 14.48 [0.13796465959021] 150 -1.98075771654757 5109 48.9
109.389971 14.48 [0.132370452863545] 150 -2.02215082606759 4957 49.7
109.389971 14.48 [0.132370452863545] 150 -2.02215082606759 4986 48.6
114.012981 14.47 [0.126915372908283] 150 -2.06423476968964 4837 49.6
114.012981 14.49 [0.127090791530133] 150 -2.06285355400044 5153 49.7
118.831369 14.49 [0.121937499516647] 150 -2.10424666456275 5055 51.0
118.831369 14.50 [0.122021652380358] 150 -2.10355677146881 5161 51.3
123.853389 14.47 [0.116831683951741] 150 -2.14702097866406 4857 49.7
123.853389 14.48 [0.116912424576448] 150 -2.14633013234989 4929 50.2
129.08765 14.48 [0.112171846028648] 150 -2.18772324404179 4889 50.7
129.08765 14.49 [0.112249312773143] 150 -2.18703287466677 5146 51.7
134.543119 14.47 [0.107549164219985] 150 -2.22980719438195 4811 49.5
134.543119 14.49 [0.107697815449038] 150 -2.22842597869275 5120 50.5
140.229145 14.47 [0.10318824948979] 150 -2.27120029395043 4898 49.7
140.229145 14.50 [0.103402185045056] 150 -2.26912918516729 5324 51.7
146.155473 14.48 [0.0990725814284081] 150 -2.31190255172611 4938 50.6
146.155473 14.50 [0.0992094220104915] 150 -2.31052228925715 5183 50.5
152.332258 14.45 [0.0948584376659079] 150 -2.35536962856178 4610 47.6
152.332258 14.47 [0.0949897296211548] 150 -2.35398650247682 4860 49.3
158.770085 14.47 [0.0911380755386004] 150 -2.39537960881151 4836 48.3
158.770085 14.48 [0.0912010596958489] 150 -2.39468876249733 4911 50.0
165.479986 14.48 [0.0875030289161373] 150 -2.43608187003327 5041 50.8
165.479986 14.50 [0.0876238894533143] 150 -2.43470160756431 5196 49.5
172.473458 14.48 [0.0839549468533297] 150 -2.47747497100849 5074 50.3
172.473458 14.51 [0.0841288866603463] 150 -2.47540529106996 5389 52.2
179.762487 14.47 [0.080495103519568] 150 -2.51955892225146 4768 48.5
179.762487 14.48 [0.080550732478462] 150 -2.51886807593728 4922 50.1
187.359563 14.48 [0.0772845525904648] 150 -2.56026118048092 4943 50.5
187.359563 14.49 [0.0773379259002648] 150 -2.5595708111059 5047 49.7
195.277705 14.47 [0.0740996008735355] 150 -2.60234513301666 4845 49.0
195.277705 14.50 [0.0742532282423127] 150 -2.60027402423352 5232 52.0
203.530481 14.48 [0.0711441349170693] 150 -2.64304739049239 4914 49.6
203.530481 14.48 [0.0711441349170693] 150 -2.64304739049239 4953 48.7
212.132034 14.46 [0.0681650938207664] 150 -2.68582266596758 4726 48.6
212.132034 14.50 [0.0683536556293992] 150 -2.68306023327167 5212 52.2
221.097103 14.48 [0.0654915862918385] 150 -2.72583359815151 4867 50.0
221.097103 14.48 [0.0654915862918385] 150 -2.72583359815151 4980 49.6
230.441052 14.48 [0.062836026282331] 150 -2.76722670307585 4928 49.5
230.441052 14.50 [0.0629228163738812] 150 -2.76584644060689 5303 52.3
240.179893 14.48 [0.0602881441037198] 150 -2.80861980977566 4985 49.3
240.179893 14.49 [0.060329779562355] 150 -2.80792944040064 5046 50.2
250.330314 14.47 [0.0578036266115178] 150 -2.85070376112823 4851 48.9
250.330314 14.49 [0.0578835210505109] 150 -2.84932254543903 5168 49.7
260.909709 14.48 [0.05549812636524] 150 -2.89140601798447 4912 50.5
260.909709 14.48 [0.05549812636524] 150 -2.89140601798447 4975 50.0
271.936208 14.47 [0.0532110089583951] 150 -2.93348996873452 4888 49.3
271.936208 14.49 [0.0532845556190149] 150 -2.93210875304532 5100 51.1
283.428706 14.47 [0.0510534031792814] 150 -2.97488307294439 4905 48.6
283.428706 14.49 [0.0511239676619065] 150 -2.97350185725519 5087 50.0
295.406897 14.47 [0.0489832842325276] 150 -3.01627617718403 4775 49.3
295.406897 14.47 [0.0489832842325276] 150 -3.01627617718403 4946 50.1
307.891307 14.47 [0.0469971047282605] 150 -3.0576692806959 4827 49.5
307.891307 14.49 [0.0470620627168275] 150 -3.0562880650067 5022 50.1
320.903331 14.46 [0.0450602988599081] 150 -3.09975371151206 4767 48.5
320.903331 14.47 [0.0450914608923146] 150 -3.09906238759929 4860 49.2
334.465265 14.48 [0.0432929858949628] 150 -3.13976464566425 4888 48.6
334.465265 14.48 [0.0432929858949628] 150 -3.13976464566425 4941 50.1
348.60035 14.49 [0.041566223327085] 150 -3.18046738076889 4923 51.2
348.60035 14.49 [0.041566223327085] 150 -3.18046738076889 5055 50.4
363.332808 14.47 [0.0398257456563075] 150 -3.22324170003908 4838 49.6
363.332808 14.49 [0.0398807916074565] 150 -3.22186048434988 5038 50.6
378.687886 14.48 [0.0382372939175562] 150 -3.26394395905724 4982 51.4
378.687886 14.49 [0.0382637008884937] 150 -3.26325358968221 5032 50.5
394.691896 14.49 [0.0367121801761037] 150 -3.30464669407577 5054 50.6
394.691896 14.50 [0.0367375163943067] 150 -3.30395680098183 5221 50.8
411.372263 14.45 [0.0351263351948452] 150 -3.34880413938606 4572 48.3
411.372263 14.48 [0.0351992618423085] 150 -3.34673016698693 4895 50.0
428.757572 14.48 [0.033771998317035] 150 -3.38812327200803 4899 50.2
428.757572 14.50 [0.0338186447235502] 150 -3.38674300953907 5221 51.4
446.877614 14.47 [0.0323802301719235] 150 -3.43020722229826 4798 48.6
446.877614 14.50 [0.0324473626463643] 150 -3.42813611351512 5237 50.1
465.763441 14.47 [0.0310672730537475] 150 -3.47160032725174 4855 49.9
465.763441 14.49 [0.0311102133067589] 150 -3.47021911156254 5023 49.3
485.447415 14.49 [0.0298487530312629] 150 -3.51161221451316 5103 50.5
485.447415 14.49 [0.0298487530312629] 150 -3.51161221451316 5126 51.1
505.963269 14.48 [0.0286186782463847] 150 -3.55369568878596 4873 49.1
505.963269 14.48 [0.0286186782463847] 150 -3.55369568878596 5036 51.3
527.346159 14.49 [0.0274772078125632] 150 -3.59439842477576 5017 49.5
527.346159 14.51 [0.0275151335652376] 150 -3.59301911421225 5330 52.3
549.632727 14.48 [0.0263448650138331] 150 -3.63648189912095 4960 51.6
549.632727 14.48 [0.0263448650138331] 150 -3.63648189912095 4965 49.8
572.861163 14.47 [0.0252591743594948] 150 -3.67856584828302 4872 49.3
572.861163 14.49 [0.0252940868326939] 150 -3.67718463259382 5013 49.0
597.071275 14.48 [0.0242517109871012] 150 -3.71926810791849 5051 49.7
597.071275 14.50 [0.0242852078254811] 150 -3.71788784544954 5293 50.8
622.304547 14.48 [0.0232683499900572] 150 -3.76066121135613 5012 51.5
622.304547 14.50 [0.0233004885950158] 150 -3.75928094888718 5203 52.0
648.604222 14.48 [0.0223248623873435] 150 -3.80205431629933 4926 49.5
648.604222 14.49 [0.0223402801099867] 150 -3.80136394692431 5165 51.6
676.015367 14.48 [0.0214196314268104] 150 -3.84344742107554 4962 50.9
676.015367 14.49 [0.0214344239899505] 150 -3.84275705170052 5023 50.2
704.584954 14.49 [0.0205652986453072] 150 -3.88415015538685 5052 50.3
704.584954 14.49 [0.0205652986453072] 150 -3.88415015538685 5067 51.7
734.361942 14.48 [0.0197177974127641] 150 -3.92623362911048 4970 49.4
734.361942 14.48 [0.0197177974127641] 150 -3.92623362911048 4983 49.0
765.397358 14.47 [0.0189052128920466] 150 -3.96831758055234 4891 49.5
765.397358 14.48 [0.0189182780011634] 150 -3.96762673423816 4938 50.0
797.744384 14.48 [0.0181511776082901] 150 -4.00901983837657 4834 50.4
797.744384 14.48 [0.0181511776082901] 150 -4.00901983837657 5043 51.2
831.458452 14.48 [0.0174151816788556] 150 -4.05041294289843 5023 49.2
831.458452 14.48 [0.0174151816788556] 150 -4.05041294289843 5048 51.5
866.597335 14.46 [0.0166859502285453] 150 -4.09318821733391 4680 48.3
866.597335 14.47 [0.0166974896132123] 150 -4.09249689342113 4855 48.8
903.221249 14.47 [0.0160204379779821] 150 -4.13388999826607 4848 49.2
903.221249 14.49 [0.0160425809468528] 150 -4.13250878257687 5098 50.3
941.392953 14.47 [0.0153708395138157] 150 -4.17528310263598 4822 48.8
941.392953 14.50 [0.0154027071838512] 150 -4.17321199385284 5245 51.6
981.17786 14.47 [0.0147475810349002] 150 -4.21667620727927 4879 48.9
981.17786 14.50 [0.0147781565311716] 150 -4.21460509849614 5201 51.1
1022.644146 14.48 [0.0141593730885152] 150 -4.2573784651066 4987 49.6
1022.644146 14.51 [0.01418870880624] 150 -4.25530878516808 5406 50.8
1065.86287 14.49 [0.0135946193528629] 150 -4.29808120034353 5200 52.1
1065.86287 14.50 [0.0136040014228097] 150 -4.2973913072496 5133 51.3
1110.908092 14.49 [0.0130433832504661] 150 -4.33947430441255 5138 51.6
1110.908092 14.50 [0.0130523848952214] 150 -4.33878441131861 5174 52.0
1157.857004 14.47 [0.012497225434584] 150 -4.38224862454509 4903 49.0
1157.857004 14.48 [0.0125058620796666] 150 -4.38155777823091 5005 49.7
1206.790059 14.47 [0.0119904865739369] 150 -4.42364172912001 4886 49.3
1206.790059 14.49 [0.0120070594648476] 150 -4.42226051343082 5056 50.8
1257.79111 14.48 [0.0115122454633981] 150 -4.46434398723053 4927 48.7
1257.79111 14.49 [0.0115201959091601] 150 -4.46365361785551 5188 50.7
1310.947554 14.50 [0.0110607018227062] 150 -4.50435682896031 5220 51.8
1310.947554 14.50 [0.0110607018227062] 150 -4.50435682896031 5238 51.2
1366.350483 14.47 [0.010590254974865] 150 -4.54782104271202 4909 50.8
1366.350483 14.48 [0.0105975737412609] 150 -4.54713019639784 4936 49.3
1424.094835 14.47 [0.0101608401662379] 150 -4.58921414672337 4801 49.2
1424.094835 14.48 [0.0101678621704993] 150 -4.58852330040919 4985 49.8
1484.279565 14.48 [0.00975557458409124] 150 -4.62991640514592 4947 49.1
1484.279565 14.49 [0.00976231185935649] 150 -4.6292260357709 5180 50.8
1547.007806 14.49 [0.00936646857488449] 150 -4.67061914012303 5011 50.1
1547.007806 14.49 [0.00936646857488449] 150 -4.67061914012303 5112 50.5
1612.387052 14.49 [0.00898667598578558] 150 -4.71201224461273 5068 50.0
1612.387052 14.49 [0.00898667598578558] 150 -4.71201224461273 5210 50.5
1680.529339 14.47 [0.0086103822552782] 150 -4.75478656486387 4818 49.5
1680.529339 14.48 [0.00861633276132884] 150 -4.75409571854969 4966 49.9
1751.551437 14.48 [0.00826695676422776] 150 -4.79548882264813 5046 51.0
1751.551437 14.49 [0.00827266598851245] 150 -4.79479845327311 5106 50.7
1825.575054 14.47 [0.00792626957094693] 150 -4.83757277382242 4841 49.2
1825.575054 14.48 [0.00793174729698076] 150 -4.83688192750824 4979 50.2
1902.727037 14.48 [0.00761012994424591] 150 -4.87827503179494 5082 49.6
1902.727037 14.50 [0.00762064117345067] 150 -4.87689476932598 5147 51.5
1983.139597 14.47 [0.00729651105846988] 150 -4.92035898227208 4882 48.2
1983.139597 14.48 [0.00730155356783993] 150 -4.91966813595791 4859 49.6
2066.950533 14.47 [0.00700065133102051] 150 -4.96175208696681 4863 49.3
2066.950533 14.49 [0.00701032742131909] 150 -4.96037087127761 5170 51.8
2154.303465 14.49 [0.00672607189999576] 150 -5.00176397586158 5072 51.7
2154.303465 14.49 [0.00672607189999576] 150 -5.00176397586158 5111 50.3
2245.348083 14.49 [0.00645334240588656] 150 -5.04315707993195 5106 50.6
2245.348083 14.51 [0.00646224971079462] 150 -5.04177776936845 5403 51.2
2340.240406 14.48 [0.00618739850951877] 150 -5.08524055372387 4909 51.0
2340.240406 14.48 [0.00618739850951877] 150 -5.08524055372387 4959 49.2
2439.143044 14.47 [0.00593241139981293] 150 -5.12732450447925 4798 48.5
2439.143044 14.48 [0.00593651120036566] 150 -5.12663365816507 4921 49.9
2542.22548 14.47 [0.00569186333542688] 150 -5.16871760898183 4860 49.4
2542.22548 14.49 [0.00569973045821254] 150 -5.16733639329263 5159 48.8
2649.66436 14.48 [0.00546484310186366] 150 -5.2094198673973 4945 50.0
2649.66436 14.49 [0.00546861716477932] 150 -5.20872949802228 5057 49.4
2761.643793 14.47 [0.00523963301736358] 150 -5.25150381795602 4796 49.5
2761.643793 14.48 [0.00524325404916549] 150 -5.25081297164184 4902 51.1
2878.355673 14.47 [0.00502717580587199] 150 -5.29289692255937 4900 49.7
2878.355673 14.49 [0.00503412421749034] 150 -5.29151570687017 5068 50.5
2999.999999 14.47 [0.00482333333494111] 150 -5.33429002667352 4833 49.5
2999.999999 14.48 [0.00482666666827556] 150 -5.33359918035934 5030 50.3
