0.075 0.05 [0.666666666666667] 801 -2.08069076108027 5083 50.3
0.075 0.05 [0.666666666666667] 813 -2.09556092355972 5062 51.4
0.078169 0.05 [0.639639754890046] 780 -2.0955087696782 4888 51.0
0.078169 0.06 [0.767567705868055] 809 -1.9496922102591 5266 49.9
0.081473 0.05 [0.613700244252697] 1382 -2.70890038181837 5009 51.1
0.081473 0.06 [0.736440293103237] 2079 -2.93493410855481 5194 49.9
0.084916 0.05 [0.588817184040699] 2280 -3.25093495499384 5105 49.9
0.084916 0.06 [0.706580620848839] 1648 -2.74400038672082 5206 51.7
0.088505 0.05 [0.564939833907689] 1387 -2.79529916838355 4805 49.1
0.088505 0.07 [0.790915767470764] 1200 -2.3140053472236 4978 50.0
0.092245 0.06 [0.650441758360887] 1120 -2.44055218888051 4947 50.7
0.092245 0.07 [0.758848718087701] 1541 -2.60550438008423 5177 50.9
0.096143 0.06 [0.624070395140572] 1593 -2.8342311200641 4966 50.5
0.096143 0.07 [0.728082127664] 1520 -2.63317174416712 5252 50.4
0.100207 0.06 [0.598760565629148] 1332 -2.69669504127207 4965 49.9
0.100207 0.07 [0.698553993234006] 1337 -2.54629108744642 4983 51.7
0.104442 0.07 [0.670228452155263] 634 -1.84155031169024 5139 50.6
0.104442 0.07 [0.670228452155263] 643 -1.85564608149063 5084 49.6
0.108856 0.08 [0.734915852134931] 608 -1.70753886108459 5085 51.5
0.108856 0.08 [0.734915852134931] 625 -1.73511562885482 5122 50.3
0.113456 0.08 [0.705119165138908] 588 -1.71548011569013 4934 48.2
0.113456 0.08 [0.705119165138908] 589 -1.71717935144309 5155 49.6
0.118251 0.08 [0.676527048397054] 572 -1.72928654660557 5178 50.5
0.118251 0.08 [0.676527048397054] 576 -1.73625521592166 4924 49.9
0.123248 0.08 [0.649097754121771] 547 -1.72598545926245 4918 49.4
0.123248 0.09 [0.730234973386992] 555 -1.62272173493052 4756 48.8
0.128457 0.08 [0.62277649330126] 535 -1.74519903610972 4967 50.6
0.128457 0.09 [0.700623554963918] 534 -1.62554509251752 5245 52.7
0.133886 0.09 [0.672213674319944] 554 -1.70370841391303 4997 50.5
0.133886 0.09 [0.672213674319944] 560 -1.71448051089494 5026 50.9
0.139544 0.09 [0.644957862752967] 540 -1.71950413884763 5021 50.9
0.139544 0.10 [0.716619847503296] 548 -1.6288497705795 5106 50.2
0.145442 0.10 [0.687559301989797] 519 -1.6158757847913 4970 50.2
0.145442 0.10 [0.687559301989797] 525 -1.62737016421703 5341 51.6
0.151588 0.10 [0.659682824497981] 494 -1.60789635150605 4906 48.9
0.151588 0.11 [0.725651106947779] 502 -1.52865077420553 4833 48.9
0.157995 0.11 [0.696224564068483] 480 -1.52523383096988 4959 49.6
0.157995 0.11 [0.696224564068483] 485 -1.53559661800543 4759 48.6
0.164672 0.11 [0.667994558880684] 467 -1.5391692144395 5068 51.3
0.164672 0.11 [0.667994558880684] 474 -1.55404727846568 5212 49.0
0.171631 0.11 [0.640909858941566] 453 -1.55012328901315 5209 52.6
0.171631 0.11 [0.640909858941566] 453 -1.55012328901315 5241 52.0
0.178885 0.12 [0.670822036503899] 437 -1.46854929949284 5160 51.0
0.178885 0.12 [0.670822036503899] 442 -1.47992598647495 5067 50.0
0.186445 0.12 [0.643621443321087] 424 -1.47974270777793 4647 47.4
0.186445 0.13 [0.697256563597844] 416 -1.3806518051337 5020 50.1
0.194324 0.13 [0.668985817500669] 402 -1.38780921315196 4790 48.8
0.194324 0.13 [0.668985817500669] 408 -1.4026242989371 5067 50.7
0.202537 0.14 [0.691231725561255] 470 -1.51137756390398 4929 49.3
0.202537 0.14 [0.691231725561255] 477 -1.52616136008821 4823 49.1
0.211096 0.14 [0.663205366278849] 450 -1.50928287236785 4637 49.7
0.211096 0.14 [0.663205366278849] 453 -1.51592741508652 4827 49.1
0.220017 0.15 [0.681765499938641] 435 -1.44778025899042 5301 52.0
0.220017 0.15 [0.681765499938641] 445 -1.47050851006798 4837 50.0
0.229316 0.15 [0.654119206684226] 424 -1.46356383205291 5032 50.7
0.229316 0.15 [0.654119206684226] 428 -1.47295357240275 5077 49.3
0.239007 0.16 [0.669436460019999] 408 -1.40195090527961 4874 49.0
0.239007 0.16 [0.669436460019999] 413 -1.41413132383648 4543 47.8
0.249108 0.15 [0.602148465725709] 400 -1.48808049628413 5126 51.1
0.249108 0.17 [0.682434927822471] 395 -1.35033857112326 5076 50.7
0.259636 0.16 [0.616247361690983] 387 -1.4318962337996 5216 51.5
0.259636 0.18 [0.693278281902356] 386 -1.31152587457826 4914 51.0
0.270608 0.17 [0.628214982557796] 394 -1.4305884573831 5129 50.3
0.270608 0.19 [0.702122627564595] 396 -1.32442612422942 5127 51.7
0.282045 0.19 [0.673651367689553] 377 -1.31665245386682 4869 49.6
0.282045 0.19 [0.673651367689553] 383 -1.33244225559945 5072 50.0
0.293964 0.19 [0.646337646786681] 365 -1.32569529818735 4939 49.3
0.293964 0.20 [0.680355417670191] 361 -1.26338260855019 5140 51.3
0.306388 0.19 [0.620128725668107] 363 -1.36159574061673 4923 50.4
0.306388 0.21 [0.685405433633171] 364 -1.26426331543164 5112 51.2
0.319336 0.20 [0.626299571611093] 357 -1.33502696113392 5097 49.4
0.319336 0.22 [0.688929528772202] 354 -1.23127791268373 5089 50.0
0.332832 0.21 [0.630948947216614] 342 -1.2847057704196 5192 52.1
0.332832 0.22 [0.66099413517931] 341 -1.23525749500562 5044 51.6
0.346898 0.21 [0.605365265870659] 354 -1.36058487692889 4648 47.8
0.346898 0.24 [0.691846018137896] 345 -1.20130098820195 5371 52.1
0.361559 0.23 [0.636134074936594] 338 -1.26475652959728 4988 49.4
0.361559 0.24 [0.663792078194707] 335 -1.21328155152053 4873 48.7
0.376839 0.23 [0.610340224870568] 335 -1.29723396933645 4822 49.7
0.376839 0.25 [0.663413287902791] 327 -1.18968199946959 5353 50.2
0.392765 0.25 [0.636512927577559] 315 -1.1936878955078 5023 49.4
0.392765 0.26 [0.661973444680661] 320 -1.17021553932266 4769 49.7
0.409364 0.27 [0.659559707253203] 331 -1.20766585808193 4844 49.4
0.409364 0.27 [0.659559707253203] 331 -1.20766585808193 5170 48.8
0.426664 0.27 [0.632816455102844] 321 -1.21838068826141 5064 49.6
0.426664 0.29 [0.679691748073425] 321 -1.14692172427926 4943 48.7
0.444696 0.28 [0.629643621710112] 314 -1.20135899129097 5200 50.6
0.444696 0.29 [0.652130893914045] 311 -1.15666759775068 5126 51.6
0.463489 0.29 [0.62568906705445] 301 -1.16537669992606 4803 49.1
0.463489 0.30 [0.647264552125293] 301 -1.13147514825038 5120 49.6
0.483077 0.30 [0.621019009391877] 310 -1.2023305899631 5239 49.9
0.483077 0.32 [0.662420276684669] 307 -1.12806751893353 5024 50.4
0.503493 0.31 [0.615698728681431] 293 -1.15453482682236 5203 50.0
0.503493 0.32 [0.635559977993736] 299 -1.1430570928814 4856 49.7
0.524772 0.32 [0.609788632015428] 290 -1.15388851563848 4702 49.3
0.524772 0.34 [0.647900421516392] 288 -1.08634345097747 5016 49.2
0.546949 0.32 [0.585063689667592] 291 -1.19872253952491 4822 49.6
0.546949 0.36 [0.658196650876042] 287 -1.06709845245665 5137 53.1
0.570064 0.35 [0.613966151168992] 281 -1.11553485598137 4902 47.9
0.570064 0.37 [0.649049931235791] 280 -1.05639993866207 5346 51.6
0.594156 0.36 [0.605901480419284] 271 -1.09252140647832 5220 50.5
0.594156 0.37 [0.622732077097597] 272 -1.0688056777065 5099 51.3
0.619266 0.38 [0.61362968417449] 274 -1.09085646531397 5207 51.6
0.619266 0.40 [0.645925983341569] 275 -1.04320616220492 5027 50.0
0.645438 0.38 [0.588747486203167] 270 -1.11754456828136 4842 50.4
0.645438 0.40 [0.619734196003334] 266 -1.05132562367713 5060 51.7
0.672715 0.41 [0.609470578179467] 269 -1.07924068879147 4843 49.7
0.672715 0.43 [0.639200850285782] 270 -1.03532321919875 5138 49.9
0.701145 0.43 [0.613282559242382] 258 -1.03125379514329 4864 50.1
0.701145 0.43 [0.613282559242382] 258 -1.03125379514329 4982 50.0
0.730777 0.43 [0.588414796853212] 254 -1.0570221158842 4943 49.2
0.730777 0.46 [0.629466991982506] 251 -0.977699507201915 4901 50.5
0.761661 0.45 [0.590814023561663] 255 -1.05688224310538 4813 49.7
0.761661 0.48 [0.630201625132441] 252 -0.980509264320805 5022 50.3
0.79385 0.48 [0.604648233293443] 246 -0.997804664457691 4929 49.2
0.79385 0.49 [0.617245071487057] 246 -0.977185377254955 4842 48.9
0.827399 0.51 [0.616389432426193] 246 -0.978572561539047 4725 48.4
0.827399 0.51 [0.616389432426193] 248 -0.986669771771666 4903 48.9
0.862367 0.52 [0.602991533766946] 240 -0.975855751786737 4741 48.3
0.862367 0.53 [0.614587524800926] 243 -0.9692300768146 4848 50.1
0.898812 0.54 [0.600793046821805] 241 -0.983666391192974 4915 50.8
0.898812 0.55 [0.611918843985171] 242 -0.969458045190809 4840 49.3
0.936797 0.55 [0.587106918574675] 236 -0.985744842590099 4830 48.5
0.936797 0.59 [0.629805603561924] 234 -0.907029894248942 4969 50.4
0.976388 0.58 [0.594026145343859] 234 -0.965517766119199 5022 51.4
0.976388 0.59 [0.604267975435995] 234 -0.948423332759899 5091 50.6
1.017652 0.61 [0.599419054843896] 234 -0.956480156003285 5150 50.4
1.017652 0.63 [0.619072138609269] 233 -0.919936631993062 5163 51.3
1.06066 0.62 [0.584541700450663] 230 -0.964371171642549 4793 48.6
1.06066 0.64 [0.603397884336168] 228 -0.923888793359215 4983 51.8
1.105485 0.65 [0.587977222666974] 227 -0.945381792179881 5146 51.4
1.105485 0.65 [0.587977222666974] 228 -0.949777403652919 5173 52.6
1.152205 0.65 [0.564135722375792] 226 -0.982360119099603 4753 47.9
1.152205 0.73 [0.633567811283582] 223 -0.852924720034681 5238 50.3
1.200899 0.71 [0.591223741546958] 222 -0.917602839698152 5028 50.2
1.200899 0.71 [0.591223741546958] 224 -0.926571509680912 4898 49.2
1.251651 0.73 [0.583229670251532] 219 -0.917610660385126 4981 48.1
1.251651 0.75 [0.599208565326916] 218 -0.886005320969795 4996 49.2
1.304548 0.74 [0.567246279937572] 220 -0.949953965664895 4992 48.5
1.304548 0.80 [0.613239221554132] 218 -0.862859940631911 4924 50.5
1.359681 0.81 [0.595727968545563] 215 -0.877973878758267 4957 48.9
1.359681 0.83 [0.610437301102244] 215 -0.853582425634108 4923 48.7
1.417143 0.80 [0.564516072125396] 213 -0.922443295975294 4873 51.0
1.417143 0.87 [0.613911228436368] 213 -0.838561811994592 5145 50.3
1.477034 0.85 [0.575477612566806] 214 -0.90789567334206 4842 49.4
1.477034 0.90 [0.609329236835442] 214 -0.850737259502111 5220 52.5
1.539456 0.91 [0.591117901388542] 206 -0.842980661430526 4962 49.2
1.539456 0.92 [0.597613702502702] 207 -0.836894215374124 4879 48.0
1.604516 0.91 [0.567149221322816] 208 -0.894035618548238 4865 48.7
1.604516 0.93 [0.579614039373867] 205 -0.857767531348923 4987 50.4
1.672326 0.95 [0.568071057915741] 203 -0.868079451066782 5175 50.8
1.672326 0.97 [0.580030448608704] 202 -0.842307082523358 5267 51.7
1.743001 0.99 [0.567985904769992] 202 -0.863291079419635 5142 49.4
1.743001 1.02 [0.585197598853931] 201 -0.828475326927825 5331 51.3
1.816664 1.05 [0.577982499790825] 201 -0.840881301909445 4959 49.7
1.816664 1.05 [0.577982499790825] 202 -0.845844091251574 5172 50.2
1.893439 1.07 [0.565109306399625] 200 -0.858418176344759 5029 49.6
1.893439 1.10 [0.580953492560362] 199 -0.825754103190705 5001 52.1
1.973459 1.11 [0.562464180912803] 198 -0.853059561906634 4867 50.0
1.973459 1.16 [0.587800405278245] 197 -0.803936270156056 5142 51.9
2.056861 1.17 [0.568827937327802] 196 -0.831656650575089 5139 49.9
2.056861 1.18 [0.57368971456992] 196 -0.823145960907181 4841 49.1
2.143787 1.18 [0.550427817688978] 195 -0.859423717248306 4740 49.8
2.143787 1.27 [0.592409600394069] 194 -0.780779855754961 5352 51.4
2.234388 1.22 [0.546010809223823] 193 -0.857171401128593 5056 50.5
2.234388 1.33 [0.595241292022693] 191 -0.76042655678184 5236 51.4
2.328817 1.27 [0.545341261249811] 190 -0.842732290913305 4908 48.6
2.328817 1.36 [0.583987492362002] 189 -0.768987434535001 5198 50.0
2.427237 1.35 [0.556187961867753] 190 -0.823037759012275 4968 49.7
2.427237 1.40 [0.576787516011003] 190 -0.7866701148414 5130 51.6
2.529816 1.41 [0.557352787712624] 187 -0.805030191190199 4928 49.8
2.529816 1.42 [0.561305644363068] 188 -0.803296369942469 4968 50.8
2.63673 1.45 [0.54992357958532] 187 -0.81844927937638 5084 49.8
2.63673 1.50 [0.568886461639986] 187 -0.784547727700698 4942 49.7
2.748163 1.55 [0.564013124403465] 188 -0.798484426269609 5143 50.4
2.748163 1.58 [0.574929507456435] 188 -0.779314510161889 4981 51.0
2.864305 1.60 [0.558599730126505] 187 -0.802795431354275 4870 47.9
2.864305 1.67 [0.58303846831954] 186 -0.754613491029961 5154 51.0
2.985356 1.64 [0.54934821843693] 182 -0.792394153859308 5128 50.6
2.985356 1.67 [0.559397271213215] 181 -0.768757113455782 5445 53.5
3.111522 1.69 [0.543142552101512] 181 -0.798245203781481 4928 49.2
3.111522 1.74 [0.559211858376704] 181 -0.769088619490025 4805 51.0
3.243021 1.76 [0.542703855448361] 180 -0.793513050533771 4928 51.6
3.243021 1.81 [0.558121578614508] 180 -0.765500014306097 5145 51.3
3.380076 1.89 [0.559159024826661] 182 -0.774692758358228 5038 49.0
3.380076 1.94 [0.573951591621017] 182 -0.748581614354542 5171 50.1
3.522924 1.95 [0.55351747582406] 183 -0.790312812772503 4649 48.4
3.522924 1.96 [0.556356026982132] 183 -0.785197712105732 4896 49.4
3.671809 2.05 [0.558307907628093] 180 -0.765166219798497 4752 48.3
3.671809 2.07 [0.563754814043977] 179 -0.749886360622081 5036 49.9
3.826986 2.07 [0.540895629092973] 180 -0.796850497735626 5066 49.7
3.826986 2.17 [0.567025852720653] 179 -0.74410089241108 5144 51.2
3.988721 2.19 [0.549048178601612] 179 -0.776319596051841 4657 47.7
3.988721 2.23 [0.559076455836345] 179 -0.758219554408223 5008 49.9
4.157292 2.32 [0.558055580411479] 178 -0.754444971284866 5009 48.0
4.157292 2.34 [0.562866404380544] 179 -0.751463483142144 4853 50.2
4.332986 2.38 [0.549274795718241] 178 -0.770304680247228 5268 51.3
4.332986 2.39 [0.551582673011175] 178 -0.766111801987192 5260 51.7
4.516106 2.53 [0.560217142821714] 177 -0.744945253849297 5231 50.5
4.516106 2.54 [0.562431439828915] 177 -0.741000475558281 5174 50.4
4.706964 2.57 [0.545999502014462] 177 -0.770651653776646 4971 49.9
4.706964 2.59 [0.550248525376442] 177 -0.762899676972328 5059 51.4
4.905889 2.68 [0.546282233454528] 176 -0.764468226642765 5096 50.3
4.905889 2.70 [0.550358966540009] 176 -0.757033248155247 5096 50.6
5.11322 2.79 [0.545644427581837] 176 -0.76563644785759 5044 49.1
5.11322 2.84 [0.555423001552838] 176 -0.747873991517749 4845 50.5
5.329314 2.87 [0.538530850312066] 175 -0.773061174509325 4724 48.3
5.329314 2.95 [0.553542163212751] 175 -0.745568033929127 4775 48.7
5.55454 3.05 [0.54910037554865] 174 -0.747894025880923 4840 48.7
5.55454 3.08 [0.554501362849129] 174 -0.73810601951476 5216 49.3
5.789285 3.05 [0.52683535186124] 174 -0.789287209684743 4788 49.1
5.789285 3.13 [0.540653984041207] 174 -0.763395795752001 5063 52.0
6.03395 3.21 [0.531989824244483] 173 -0.77378721758494 4842 49.6
6.03395 3.26 [0.540276270104989] 172 -0.752533841663922 4901 49.9
6.288955 3.33 [0.529499734057566] 172 -0.772681798909999 4859 49.7
6.288955 3.41 [0.542220448389279] 172 -0.748941811606926 5087 51.4
6.554737 3.49 [0.532439364081274] 171 -0.76131452055858 5131 49.9
6.554737 3.54 [0.540067435199917] 171 -0.747089529627232 5032 51.1
6.831752 3.65 [0.534269979355222] 170 -0.752017131421214 5048 49.5
6.831752 3.69 [0.540124992827609] 171 -0.746982960415576 5201 51.2
7.120474 3.72 [0.522437129887701] 171 -0.780278890363055 4732 48.8
7.120474 3.83 [0.537885539642445] 170 -0.745272636003158 5244 52.2
7.421397 3.89 [0.524160073905223] 170 -0.771121299714054 4977 49.5
7.421397 3.96 [0.533592260325111] 169 -0.747386709950831 5098 50.7
7.735039 4.11 [0.531348322872063] 169 -0.7516009183478 4923 49.8
7.735039 4.12 [0.532641141175888] 169 -0.749170783494508 5019 50.0
8.061935 4.23 [0.524687931619394] 169 -0.764215029915598 4812 49.0
8.061935 4.28 [0.530889916626716] 169 -0.752464013380079 5183 50.9
8.402646 4.40 [0.523644575768157] 168 -0.760270800629972 5291 51.9
8.402646 4.41 [0.524834677076721] 168 -0.758000652095433 5046 50.8
8.757757 4.62 [0.527532335048803] 167 -0.746903635160385 5171 51.0
8.757757 4.63 [0.528674179929861] 167 -0.74474147215589 5205 51.4
9.127875 4.68 [0.512715171932131] 167 -0.775393326728995 4759 49.7
9.127875 4.73 [0.518192898127987] 167 -0.764766234154709 4995 50.3
9.513635 4.87 [0.511896872226021] 166 -0.770984589924491 4957 49.4
9.513635 5.02 [0.527663716339759] 166 -0.740648593315351 5107 51.5
9.915697 5.07 [0.511310500915871] 167 -0.778136757747408 4934 49.4
9.915697 5.16 [0.520387018683608] 166 -0.754534971796817 5009 50.4
10.334752 5.35 [0.517670864283923] 166 -0.759768130068536 4933 49.7
10.334752 5.44 [0.526379346112998] 166 -0.7430856301086 5006 48.7
10.771517 5.58 [0.518032882462145] 165 -0.753026738885076 5066 49.9
10.771517 5.64 [0.523603128510125] 165 -0.742331449768328 4870 51.3
11.22674 5.78 [0.514842242716942] 165 -0.75920492987123 5160 51.1
11.22674 5.82 [0.518405164811869] 165 -0.752308350812169 5135 50.5
11.701202 5.86 [0.500803250811327] 165 -0.786852147784966 4848 48.4
11.701202 6.05 [0.517040898875175] 165 -0.754943479331137 5159 51.7
12.195715 6.18 [0.506735357459567] 164 -0.768997522793827 4861 49.1
12.195715 6.24 [0.511655118211601] 164 -0.75933561188209 5249 50.4
12.711127 6.43 [0.50585601103663] 165 -0.776813393163494 4762 48.7
12.711127 6.62 [0.520803544799765] 164 -0.741613515387723 4834 50.4
13.248321 6.69 [0.504969648606793] 163 -0.766371859992194 5190 52.4
13.248321 6.72 [0.507234086492922] 164 -0.768013806614709 5056 51.7
13.808218 6.88 [0.498254010763735] 163 -0.779760176930713 4894 49.5
13.808218 7.06 [0.511289726161623] 163 -0.753933777370815 5090 50.6
14.391778 7.11 [0.494032078593764] 163 -0.788269734188377 4814 49.1
14.391778 7.43 [0.51626699633638] 163 -0.744246119273858 5270 51.8
14.999999 7.38 [0.492000032800002] 162 -0.786237536959288 4984 51.2
14.999999 7.64 [0.509333367288891] 163 -0.757767437967619 5134 52.0
15.633926 7.71 [0.493158276430373] 163 -0.790040015648571 4768 47.6
15.633926 7.94 [0.507869872225313] 162 -0.754491062390386 5103 50.6
16.294643 8.17 [0.501391776426154] 162 -0.767328535752837 5205 50.6
16.294643 8.17 [0.501391776426154] 162 -0.767328535752837 5270 50.2
16.983283 8.41 [0.495192831680424] 162 -0.779769074457612 5008 49.6
16.983283 8.47 [0.49872571751881] 162 -0.772660039778506 5258 51.4
17.701026 8.55 [0.48302284850607] 162 -0.804652362188968 4941 49.2
17.701026 8.80 [0.497146323608586] 162 -0.775831923653477 5136 51.0
18.449102 8.82 [0.478072049252045] 162 -0.814954868332719 4723 48.9
18.449102 9.19 [0.498127225921348] 161 -0.767668831735902 5002 51.8
19.228793 9.32 [0.484689808663497] 162 -0.801207203558757 4666 47.6
19.228793 9.67 [0.502891679160517] 161 -0.758149552543132 4959 48.9
20.041436 9.65 [0.48150242327945] 161 -0.801613085873386 5028 51.1
20.041436 9.77 [0.487490018180334] 161 -0.789254535169589 5172 51.3
20.888422 10.22 [0.489266254770226] 161 -0.78561752029276 4924 49.2
20.888422 10.27 [0.491659925292586] 161 -0.780737081127852 4943 49.4
21.771203 10.58 [0.485963040260109] 160 -0.786161227958588 4866 49.0
21.771203 10.77 [0.494690164801642] 161 -0.77459271297108 4980 49.3
22.691292 11.08 [0.488293042106197] 160 -0.781378078372954 5134 49.2
22.691292 11.28 [0.497106995934828] 160 -0.763488513622179 5213 52.0
23.650265 11.15 [0.471453491113102] 160 -0.816473343180605 5048 51.0
23.650265 11.20 [0.473567632328856] 160 -0.811999062785684 4749 48.9
24.649767 11.57 [0.469375633449192] 161 -0.82712097779399 4734 47.0
24.649767 11.97 [0.485602967362734] 161 -0.793132999429694 4869 50.1
25.691509 12.06 [0.469415790251947] 160 -0.820804878044143 4933 49.6
25.691509 12.28 [0.477978930704304] 159 -0.79645753361059 5229 51.5
26.777277 12.59 [0.470174767957175] 159 -0.812919714802472 5004 49.4
26.777277 12.67 [0.473162375696379] 159 -0.80658556852568 5025 51.2
27.908931 12.95 [0.464009173264286] 160 -0.832389478122743 4825 48.6
27.908931 13.10 [0.46938379689283] 159 -0.814603423047588 4875 49.8
29.088411 13.49 [0.463758573818281] 159 -0.826660085337512 5084 49.1
29.088411 13.86 [0.476478416094987] 159 -0.79960176179542 5207 53.3
30.317738 14.13 [0.466063794073291] 159 -0.821701665197041 4943 49.6
30.317738 14.16 [0.467053313805931] 159 -0.819580773627904 4975 50.4
31.599019 14.46 [0.457609142866112] 159 -0.840008767200542 4926 48.4
31.599019 15.09 [0.477546470667333] 159 -0.797362711151403 5310 52.3
32.934448 15.14 [0.459701040078158] 159 -0.835447821781464 4815 49.9
32.934448 15.21 [0.461826474213261] 159 -0.830834963519565 4957 49.3
34.326315 15.82 [0.460870909097] 159 -0.832906206974166 4928 50.3
34.326315 15.83 [0.461162230784167] 158 -0.825965126227488 4961 48.8
35.777005 16.31 [0.455879411929534] 159 -0.84379586008709 4813 49.5
35.777005 16.62 [0.464544195356766] 158 -0.818658318099446 4922 49.5
37.289004 17.18 [0.460725633755195] 158 -0.826912306635012 4849 48.9
37.289004 17.90 [0.480034274983585] 158 -0.785857510344412 5275 49.9
38.864902 17.38 [0.447190115132672] 158 -0.856731200223517 4974 49.4
38.864902 18.40 [0.473434874478778] 158 -0.799700655445823 5259 51.6
40.507401 18.20 [0.449300610523] 158 -0.85202284300614 4821 49.4
40.507401 18.59 [0.458928480748493] 158 -0.830820635355537 4924 51.2
42.219314 18.90 [0.447662413463184] 158 -0.855675610929694 4806 49.5
42.219314 19.28 [0.456663033416412] 158 -0.835769243812891 4988 49.9
44.003576 19.52 [0.443600311029267] 158 -0.864791061288849 4678 48.1
44.003576 20.29 [0.461098888872123] 158 -0.826102488436072 5041 50.4
45.863244 20.47 [0.446326910499397] 157 -0.852314123532598 4920 50.4
45.863244 20.53 [0.447635147657675] 158 -0.855736519853612 5002 49.2
47.801505 20.66 [0.432203965126203] 157 -0.884468171917965 4743 49.4
47.801505 20.99 [0.439107513455905] 157 -0.868621501776916 4966 50.1
49.821679 22.50 [0.451610633194437] 158 -0.846894640311263 4998 49.2
49.821679 22.88 [0.459237834999499] 158 -0.83014678301004 5162 50.2
51.92723 22.98 [0.442542380943486] 158 -0.867178781907635 4941 50.5
51.92723 23.67 [0.455830207003147] 157 -0.831245403123694 5101 50.0
54.121766 23.99 [0.44325974137651] 158 -0.865559096039258 4955 51.0
54.121766 24.79 [0.458041225040587] 157 -0.826406599165103 5217 51.5
56.409046 25.06 [0.444254987045872] 157 -0.856967097497953 4993 48.0
56.409046 25.63 [0.454359749321057] 157 -0.834476506589895 5005 49.8
58.792991 26.09 [0.443760379532315] 157 -0.858081059222759 5083 50.7
58.792991 26.47 [0.450223735002698] 157 -0.843621142132386 5078 50.3
61.277685 26.86 [0.438332485961243] 157 -0.870388067460569 5205 51.7
61.277685 27.23 [0.4443705730724] 157 -0.856706951869992 5184 51.4
63.867387 27.59 [0.43198886467674] 157 -0.884965978533541 4975 50.9
63.867387 28.18 [0.441226756309914] 157 -0.863806860292201 5155 51.4
66.566534 28.93 [0.43460276901303] 157 -0.878933351026198 5072 50.3
66.566534 29.30 [0.44016111759702] 157 -0.86622495399122 5093 50.5
69.379751 29.70 [0.428078792038328] 157 -0.894058518048034 4839 48.2
69.379751 30.03 [0.432835223060976] 156 -0.876618883762678 5198 50.4
72.311861 31.53 [0.436028053544356] 157 -0.875659205963435 5081 49.3
72.311861 31.77 [0.439347011135559] 157 -0.86807623123898 5225 51.8
75.367886 32.25 [0.427901082431846] 157 -0.894473737177211 4908 47.6
75.367886 32.53 [0.431616192604898] 157 -0.885829039933732 4710 49.3
78.553064 33.47 [0.426081406576324] 156 -0.892345568872833 4814 48.5
78.553064 34.15 [0.434737975338556] 156 -0.872232498079269 5037 49.8
81.872853 34.70 [0.423827907890299] 156 -0.897648496911294 5275 52.3
81.872853 34.75 [0.424438610927605] 156 -0.896208611853307 5032 51.3
85.332943 35.24 [0.41297063901804] 156 -0.923599493667544 4848 49.0
85.332943 36.38 [0.426330075127023] 156 -0.891762121645546 4957 50.7
88.939262 37.14 [0.417588353723916] 156 -0.91247984454804 5037 51.2
88.939262 37.65 [0.423322604138541] 156 -0.898841446226697 4902 49.7
92.69799 38.96 [0.42028958772461] 156 -0.906032023867784 4862 51.1
92.69799 39.17 [0.42255500901368] 156 -0.900656354964378 5209 50.0
96.615569 39.04 [0.404075661967069] 156 -0.945373849612666 4918 50.3
96.615569 40.62 [0.42042913394217] 156 -0.905700055005319 5192 52.4
100.698711 40.66 [0.403778753434093] 156 -0.946108904198452 4738 47.8
100.698711 42.12 [0.418277449450172] 156 -0.910831025132878 4993 51.0
104.954414 41.75 [0.39779174985437] 155 -0.954616475031266 4957 50.1
104.954414 44.86 [0.427423662238732] 155 -0.882769397236068 5351 51.3
109.389971 44.24 [0.404424643279227] 156 -0.944510568964367 4797 48.6
109.389971 45.01 [0.411463679791998] 155 -0.920824348543314 5088 50.8
114.012981 46.55 [0.408286842355258] 155 -0.928575129432946 4962 50.2
114.012981 47.96 [0.420653855195664] 155 -0.898734802996709 5121 50.0
118.831369 47.15 [0.396780752395439] 155 -0.957161234638863 4722 46.6
118.831369 48.99 [0.412264879318187] 155 -0.918879048067846 5003 50.5
123.853389 48.56 [0.39207647357958] 155 -0.969088195379204 4794 48.8
123.853389 50.65 [0.408951264143446] 155 -0.926949111435754 5092 50.7
129.08765 51.82 [0.401432669972689] 155 -0.945505278688392 4955 50.2
129.08765 51.85 [0.401665070206174] 155 -0.944926519146819 4825 50.0
134.543119 53.41 [0.396973107186552] 154 -0.950204048991035 4858 48.7
134.543119 53.96 [0.401061015985515] 154 -0.939959012003159 5061 50.8
140.229145 55.90 [0.39863325131163] 154 -0.946030762750142 5038 50.4
140.229145 56.46 [0.402626715009922] 154 -0.936062720085852 4932 49.2
146.155473 56.50 [0.386574644385708] 155 -0.983220123354273 4888 49.4
146.155473 57.41 [0.392800890870505] 154 -0.960769742821505 5174 53.1
152.332258 59.37 [0.389740169150516] 154 -0.968592303155006 5156 50.2
152.332258 60.45 [0.39682993473385] 154 -0.950564774376789 5265 51.3
158.770085 60.41 [0.380487293938276] 154 -0.992619803621624 4807 48.8
158.770085 61.72 [0.388738218537831] 154 -0.971166430277313 5156 50.3
165.479986 62.76 [0.37926036566138] 154 -0.99584963744338 5061 50.4
165.479986 63.69 [0.38488038064011] 154 -0.981140000924937 5157 51.7
172.473458 65.97 [0.382493635629431] 154 -0.987360573048652 5133 51.1
172.473458 66.17 [0.383653234342875] 154 -0.984333478259463 5068 50.5
179.762487 67.83 [0.377331228177768] 154 -1.00094919625424 5005 49.6
179.762487 67.84 [0.377386857136662] 154 -1.00080177972858 5021 49.3
187.359563 67.47 [0.360109721220902] 154 -1.04766382111653 4761 49.4
187.359563 71.34 [0.380765192113519] 153 -0.985375014803923 5159 51.1
195.277705 71.06 [0.363892027510258] 153 -1.03070071036335 5011 49.4
195.277705 72.51 [0.371317350334489] 153 -1.01050081757273 4988 49.2
203.530481 72.61 [0.356752461072403] 153 -1.05051575135399 4783 48.3
203.530481 73.44 [0.360830474330771] 153 -1.03914965843391 4787 49.4
212.132034 75.31 [0.355014745203452] 153 -1.05539858188112 4908 49.0
212.132034 77.99 [0.367648386381851] 153 -1.02043089665197 5163 50.5
221.097103 77.11 [0.348760788602463] 153 -1.07317163856039 4822 48.4
221.097103 77.12 [0.348806017598521] 153 -1.07304196210297 4914 49.0
230.441052 80.06 [0.347420736475374] 153 -1.07702136376517 5137 50.6
230.441052 80.99 [0.351456475732458] 153 -1.0654720270687 5127 51.1
240.179893 82.24 [0.342410011815602] 152 -1.08499162177639 5082 50.1
240.179893 83.12 [0.346073932175496] 152 -1.07434807669228 4990 50.9
250.330314 81.02 [0.323652372361104] 152 -1.1413304907471 4657 48.3
250.330314 87.35 [0.348938962302424] 152 -1.06610349194158 5400 51.5
260.909709 85.27 [0.326818041102487] 152 -1.1315969389381 5156 50.1
260.909709 86.93 [0.333180395368116] 152 -1.11231643460108 5153 50.2
271.936208 85.60 [0.314779707452566] 151 -1.16252676894888 4938 47.8
271.936208 86.16 [0.316839013949919] 151 -1.15600601924844 4939 49.7
283.428706 87.02 [0.307026063901939] 151 -1.18746717901391 4780 48.5
283.428706 88.14 [0.310977674928947] 151 -1.17467869689261 4836 48.7
295.406897 88.25 [0.298740486076058] 151 -1.21482456473269 4736 49.6
295.406897 89.01 [0.301313208675693] 151 -1.20624953757526 4958 50.2
307.891307 89.13 [0.289485276049057] 151 -1.24629538591534 4743 49.2
307.891307 90.92 [0.295299016025808] 151 -1.22641136507362 5202 51.1
320.903331 86.90 [0.27079806161314] 151 -1.31302643869 4822 49.1
320.903331 89.02 [0.277404412483334] 151 -1.28892340737364 5046 50.6
334.465265 88.50 [0.26460146765913] 151 -1.3361750233266 4856 47.6
334.465265 92.38 [0.276202074376841] 151 -1.29326707033803 5373 51.4
348.60035 88.48 [0.253815006209833] 151 -1.37779414204612 5055 49.9
348.60035 89.31 [0.256195956200273] 151 -1.36845721612435 5002 51.1
363.332808 88.00 [0.242202185055636] 151 -1.42462696892294 4954 49.0
363.332808 88.77 [0.244321454174873] 151 -1.41591502832092 4992 49.8
378.687886 86.01 [0.227126357033771] 151 -1.48889332017009 4765 48.7
378.687886 88.75 [0.234361867070657] 151 -1.45753346037795 5117 50.4
394.691896 88.28 [0.22366813429582] 151 -1.50423641173849 4957 49.8
394.691896 88.97 [0.225416333351825] 151 -1.49645075887035 5081 51.1
411.372263 87.92 [0.21372369483258] 151 -1.5497157865678 4870 50.3
411.372263 88.51 [0.21515791889936] 151 -1.54302755668238 5097 51.5
428.757572 88.06 [0.205384127886609] 151 -1.58951780135666 4975 50.0
428.757572 90.16 [0.210282000570709] 151 -1.56595033195275 5370 52.2
446.877614 87.89 [0.196675772619928] 151 -1.63284327308377 4947 50.0
446.877614 89.09 [0.199361071597558] 151 -1.61928221092777 5199 51.9
465.763441 87.73 [0.188357419834503] 151 -1.67605849447351 4869 49.9
465.763441 89.25 [0.19162087906337] 151 -1.65888098995405 4999 50.8
485.447415 86.88 [0.178968920866537] 151 -1.72718765737879 4820 49.4
485.447415 87.92 [0.181111274431238] 151 -1.71528820346905 4871 48.0
505.963269 89.09 [0.176079975481382] 151 -1.74346152372964 4819 48.7
505.963269 89.64 [0.177167010912011] 151 -1.73730696952947 5151 50.1
527.346159 87.04 [0.165052875638751] 151 -1.80813394071938 4852 49.9
527.346159 88.54 [0.167897307089327] 151 -1.79104729652302 4904 50.6
549.632727 87.53 [0.159251797973813] 151 -1.84391323705284 4900 48.2
549.632727 88.42 [0.160871061085851] 151 -1.83379664039909 5116 50.0
572.861163 86.23 [0.150525128197598] 151 -1.90026978668085 4781 49.2
572.861163 89.13 [0.155587436811457] 151 -1.86719195350246 5083 50.5
597.071275 88.75 [0.148642220311135] 151 -1.91285760923921 5106 50.8
597.071275 89.94 [0.150635282194743] 151 -1.89953825625217 5093 51.2
622.304547 88.62 [0.142406158571745] 151 -1.95571657526103 5109 50.3
622.304547 89.24 [0.143402455325463] 151 -1.94874477146804 5158 51.8
648.604222 88.24 [0.136045984603535] 151 -2.00140687103032 5036 48.0
648.604222 88.52 [0.136477680837545] 151 -1.99823873079272 5086 50.7
676.015367 88.19 [0.130455614332211] 151 -2.04336677285169 5004 50.2
676.015367 90.45 [0.133798733601865] 151 -2.01806313891048 5260 51.7
704.584954 89.13 [0.126500004710575] 151 -2.07415747629549 5093 50.3
704.584954 89.69 [0.127294798861118] 151 -2.0678941743082 5105 50.5
734.361942 87.74 [0.119477869129552] 151 -2.13126866304866 4910 48.6
734.361942 88.11 [0.119981707875597] 151 -2.12706052490809 4939 49.5
765.397358 86.94 [0.113588058661681] 151 -2.18182143835375 4725 49.4
765.397358 88.61 [0.115769931884191] 151 -2.16279494585519 4971 50.8
797.744384 88.19 [0.11054919566817] 151 -2.20893919015272 4935 50.5
797.744384 90.21 [0.113081335085901] 151 -2.18629248238426 5194 50.5
831.458452 88.20 [0.106078661883637] 151 -2.25021890956192 4934 51.0
831.458452 88.26 [0.10615082423866] 151 -2.24953886873327 5043 50.3
866.597335 88.54 [0.102169711842006] 151 -2.2877645494792 5022 50.6
866.597335 89.15 [0.102873614306695] 151 -2.28089863247404 5045 49.5
903.221249 89.23 [0.0987908556168169] 151 -2.32139477571607 5132 51.1
903.221249 89.25 [0.0988129985856876] 151 -2.32117066096838 5060 51.2
941.392953 88.04 [0.0935209889976731] 151 -2.37621392933978 4975 50.2
941.392953 89.95 [0.0955498973232701] 151 -2.35475122560149 5129 49.4
981.17786 86.43 [0.0880880047578734] 152 -2.44266413690814 4827 48.9
981.17786 91.41 [0.093163537138924] 151 -2.38004340897561 5373 52.0
1022.644146 87.05 [0.0851224742648651] 152 -2.4769094126 4792 49.0
1022.644146 87.65 [0.0857091886193616] 152 -2.47004046744695 5027 49.8
1065.86287 86.09 [0.0807702401717024] 152 -2.52939192275628 4831 49.0
1065.86287 88.18 [0.0827310927905763] 152 -2.50540500349635 4958 49.8
1110.908092 87.13 [0.0784313307531475] 152 -2.55877703125197 4814 48.7
1110.908092 88.26 [0.0794485166104992] 152 -2.54589128365376 4973 50.0
1157.857004 88.41 [0.076356579175644] 152 -2.58558630652079 4925 49.6
1157.857004 90.50 [0.0781616379979164] 151 -2.55562085720127 5252 52.4
1206.790059 86.51 [0.0716860396345045] 152 -2.64870448232115 4735 49.4
1206.790059 87.35 [0.0723821010527565] 152 -2.63904145993336 4779 48.1
1257.79111 88.67 [0.0704966025717895] 152 -2.6654359875462 5123 50.8
1257.79111 88.77 [0.0705761070294097] 152 -2.66430884585789 5018 50.7
1310.947554 88.49 [0.0675007933993979] 152 -2.7088611538576 4920 49.6
1310.947554 91.66 [0.0699188916599481] 151 -2.66706394202453 5522 52.5
1366.350483 85.68 [0.0627071904800578] 152 -2.78252438396594 4547 50.1
1366.350483 88.53 [0.0647930389028889] 152 -2.74980233248247 5191 52.0
1424.094835 88.87 [0.0624045518710136] 152 -2.7873622863664 5107 50.3
1424.094835 91.60 [0.0643215590343743] 151 -2.75050495840534 5481 51.2
1484.279565 86.88 [0.0585334475045474] 152 -2.85140216266788 4851 50.8
1484.279565 87.15 [0.0587153539367094] 152 -2.84829924688748 4784 49.4
1547.007806 87.53 [0.0565801928474561] 152 -2.88534153146129 4825 49.6
1547.007806 89.49 [0.0578471547802907] 152 -2.86319623601087 5140 50.2
1612.387052 88.86 [0.0551108369977161] 152 -2.91165413018758 5070 49.9
1612.387052 91.15 [0.0565310915185891] 151 -2.87960904253932 5328 52.4
1680.529339 87.82 [0.0522573441367333] 152 -2.96482006712371 4780 48.2
1680.529339 89.29 [0.0531320685261776] 152 -2.94821983272815 5038 50.9
1751.551437 86.34 [0.0492934424739934] 152 -3.02320944622839 4811 48.6
1751.551437 88.88 [0.0507435854423041] 152 -2.99421529102435 5020 49.5
1825.575054 86.46 [0.0473604192884638] 152 -3.06321366197634 4824 49.2
1825.575054 89.44 [0.0489927816465441] 152 -3.02932753180904 5189 50.8
1902.727037 88.02 [0.0462599197301468] 152 -3.08672458411959 4932 50.8
1902.727037 89.39 [0.0469799389306728] 152 -3.07127982640277 5182 51.5
1983.139597 87.92 [0.0443337423815253] 152 -3.12925443957013 5003 51.0
1983.139597 90.46 [0.0456145397615194] 152 -3.1007739856158 5249 50.1
2066.950533 88.79 [0.0429570028805329] 152 -3.16080082331599 5145 51.2
2066.950533 89.84 [0.0434649976212082] 152 -3.14904454393004 5183 50.6
2154.303465 89.00 [0.0413126569426931] 152 -3.19983158921205 5084 50.6
2154.303465 89.74 [0.0416561554386211] 152 -3.19155135839636 5194 49.5
2245.348083 89.34 [0.0397889310242861] 152 -3.23741174709059 5043 49.6
2245.348083 89.66 [0.039931447902815] 152 -3.23383632428727 5150 50.9
2340.240406 87.11 [0.0372226715582997] 152 -3.30408247960066 4852 49.2
2340.240406 88.00 [0.0376029743672411] 152 -3.29391735295325 4885 49.6
2439.143044 88.10 [0.0361192428696281] 152 -3.33417473893053 4958 50.7
2439.143044 90.08 [0.0369310033790704] 152 -3.31194910748128 5216 51.3
2542.22548 88.13 [0.0346664765550222] 152 -3.37522737926368 4901 49.3
2542.22548 88.66 [0.0348749553088422] 152 -3.36923154705834 5039 50.0
2649.66436 87.11 [0.032875862058242] 152 -3.42826179327409 4935 48.6
2649.66436 87.40 [0.0329853098827959] 152 -3.4249381984434 4903 48.9
2761.643793 88.29 [0.0319700897790622] 152 -3.45619973443594 4948 49.7
2761.643793 89.04 [0.0322416671642055] 152 -3.44774087838214 5035 49.9
2878.355673 86.56 [0.0300727254841935] 152 -3.51738187485461 4829 48.5
2878.355673 89.98 [0.0312609038709303] 152 -3.47863226653975 5123 50.5
2999.999999 90.25 [0.0300833333433611] 152 -3.51702919685394 5223 50.5
2999.999999 90.88 [0.0302933333434311] 152 -3.51007283909409 5277 51.8
