47 20.02 [0.425957446808511] 262.1 -1.41150664405609 5206 53.2
47 24.55 [0.522340425531915] 272.5 -1.24643906747657 4814 47.6
48.735749 13.72 [0.28151819314401] 244.8 -1.75736446074669 4982 49.6
48.735749 31.80 [0.652498436004338] 280.5 -1.05288496758287 5013 50.7
50.535602 18.31 [0.362318826240558] 239.0 -1.48105897714037 5128 50.6
50.535602 29.58 [0.585329922457439] 264.2 -1.10165071870085 4837 49.6
52.401924 15.65 [0.298653156323039] 236.4 -1.6633623826597 5089 51.8
52.401924 32.92 [0.628221208060986] 263.0 -1.02638167048282 5451 54.0
#54.337172 39.47 [0.726390398086967] 268.0 -0.900019356689631 5034 50.5
#54.337172 7.58 [0.139499346782346] 198.1 -2.24783201990375 4665 46.6
56.343889 23.62 [0.419211389543949] 243.7 -1.35468264316568 4852 49.8
56.343889 27.75 [0.492511264176316] 250.0 -1.21906357097354 4688 48.2
58.424717 24.85 [0.42533368197573] 243.3 -1.33854123974691 5007 50.1
58.424717 29.58 [0.50629256792121] 240.8 -1.15397199865209 4880 49.3
60.582391 25.61 [0.422730096605134] 234.0 -1.30570719434169 5952 54.9
60.582391 31.36 [0.517642164370832] 245.5 -1.15113273094779 5148 49.3
62.81975 15.72 [0.250239773319696] 210.7 -1.72513575419109 4810 48.4
62.81975 40.89 [0.650909944722798] 240.6 -0.90188448954603 4905 50.8
65.139737 27.12 [0.41633573067696] 225.6 -1.28439152483761 4820 49.7
65.139737 31.50 [0.483575793374788] 235.5 -1.17762283591078 5160 49.7
67.545402 28.52 [0.422234514201278] 215.7 -1.22544765774452 5232 50.0
67.545402 35.65 [0.527793142751597] 225.0 -1.04451595523962 4981 49.7
70.039911 24.49 [0.349657782974624] 219.7 -1.43242805104462 4841 47.6
70.039911 34.42 [0.491434091057026] 225.6 -1.11855567145864 5008 50.6
72.626544 34.03 [0.468561467003029] 222.2 -1.15103056943928 5071 51.9
72.626544 34.86 [0.479989795466517] 216.7 -1.101869049197 5081 49.3
75.308704 23.24 [0.308596467149401] 191.8 -1.42153865546455 4820 48.1
75.308704 48.50 [0.644015863026935] 222.4 -0.833874189431916 5075 52.3
78.089918 35.23 [0.451146587194521] 208.9 -1.12718333971672 5002 49.4
78.089918 39.17 [0.501601243837905] 215.9 -1.05412985335037 5081 51.7
80.973845 38.72 [0.478179095978461] 203.6 -1.04329192946578 5208 50.1
80.973845 40.14 [0.495715622742134] 197.6 -0.977362349143362 5135 50.8
83.964278 31.32 [0.373015772254958] 193.4 -1.2402598642894 5032 50.2
83.964278 48.14 [0.573339057354843] 210.3 -0.894177802746536 4955 53.0
87.065149 35.46 [0.407281218803175] 195.2 -1.16164075673163 5069 51.1
87.065149 46.01 [0.528454847070899] 200.7 -0.928973875033613 5003 52.7
90.280539 39.55 [0.438078908678204] 198.5 -1.10551003406342 4650 48.6
90.280539 43.84 [0.485597455283248] 197.3 -0.996465398538643 4852 48.6
93.614676 39.98 [0.427069789783816] 193.6 -1.10596671773828 4980 48.9
93.614676 48.33 [0.51626520610935] 199.9 -0.948316627617416 5075 48.8
97.071945 38.80 [0.399703539472708] 186.6 -1.13536415229779 5069 51.1
97.071945 50.88 [0.524147321865241] 194.0 -0.903205350545239 5003 52.7
100.656894 46.13 [0.458289523616733] 190.0 -1.01664292501855 5190 50.8
100.656894 49.65 [0.493259805930431] 192.6 -0.956699459300632 5114 50.5
104.374238 46.57 [0.446182898120895] 190.0 -1.04341510361551 4899 50.0
104.374238 52.77 [0.505584529393163] 189.8 -0.917375627207563 4822 50.4
108.228867 44.22 [0.408578609623623] 179.8 -1.0762807763174 4739 47.3
108.228867 52.83 [0.488132246639891] 184.8 -0.925807777740538 4732 49.3
112.225851 48.92 [0.435906696755634] 183.6 -1.03245124089103 5404 51.2
112.225851 55.12 [0.491152435101606] 188.4 -0.938932808960468 5150 50.6
116.370447 55.54 [0.477268940970898] 182.4 -0.935241912974114 4875 48.5
116.370447 55.61 [0.477870468264163] 182.1 -0.932336262746627 5224 51.4
120.668106 50.46 [0.418171807552859] 178.7 -1.04693603611953 4988 49.5
120.668106 58.81 [0.487369877173675] 184.5 -0.925746112175778 4868 48.6
125.124481 48.80 [0.390011607720475] 173.6 -1.08769728504553 5064 49.4
125.124481 67.12 [0.536425801438489] 178.0 -0.793975283811513 5448 53.2
129.745434 50.40 [0.388452976310519] 177.2 -1.11222689967275 5260 51.0
129.745434 69.34 [0.534431138439908] 183.8 -0.829765306243798 5401 52.2
