0.075 0.06 [0.8] 150685.3 -7.13545709228376 5049 50.5
0.075 0.09 [1.2] 129405.6 -6.57775008588383 4888 49.5
0.078169 0.05 [0.639639754890046] 131144.6 -7.22027066021392 5077 50.4
0.078169 0.11 [1.4072074607581] 131211.4 -6.43232253159159 4995 49.9
0.081473 0.16 [1.96384078160863] 123951.3 -6.04210659319345 4933 49.6
0.084916 0.08 [0.942107494465118] 125462.3 -6.78876119781858 4932 49.8
0.084916 0.09 [1.05987093127326] 135067.7 -6.74474898134547 4988 49.9
0.088505 0.04 [0.451951867126151] 115993.4 -7.44483287130104 5008 49.7
0.088505 0.14 [1.58183153494153] 129416.9 -6.30157558619077 4977 49.8
0.092245 0.18 [1.95132527508266] 106573.8 -5.897448917817 5014 50.0
0.096143 0.19 [1.97622291794514] 98895.3 -5.80999429394698 5001 50.0
0.100207 0.20 [1.99586855209716] 100057.0 -5.81178068842773 4986 50.0
0.104442 0.21 [2.01068535646579] 90729.2 -5.70652359333948 4979 50.0
0.108856 0.22 [2.02101859337106] 87765.6 -5.66818797074523 4968 50.1
0.113456 0.11 [0.969538852065999] 86677.3 -6.39024674278413 4999 49.6
0.113456 0.12 [1.05767874770836] 87207.8 -6.30933711512132 4937 49.7
0.118251 0.24 [2.02958114519116] 80394.7 -5.57623879915386 4970 49.8
0.123248 0.06 [0.486823315591328] 86342.9 -7.07530058597757 4980 50.2
0.123248 0.19 [1.54160716603921] 91606.7 -5.98179891144599 5056 50.4
0.128457 0.13 [1.01201180161455] 82365.3 -6.29634398413026 4940 49.5
0.128457 0.13 [1.01201180161455] 82383.2 -6.29656128504736 4908 49.4
0.133886 0.27 [2.01664102295983] 70686.5 -5.45394132448328 5004 50.0
0.139544 0.06 [0.429971908501978] 72782.2 -7.02862680619141 4954 50.1
0.139544 0.22 [1.57656366450725] 79505.2 -5.81769483057561 4949 49.7
0.145442 0.29 [1.99392197577041] 64821.6 -5.37865532476347 4987 49.9
0.151588 0.04 [0.263873129799193] 70344.1 -7.48280575883546 4972 49.9
0.151588 0.26 [1.71517534369475] 73216.7 -5.65102820529615 5029 50.4
0.157995 0.16 [1.0126902750087] 62246.0 -6.0156038328608 5010 49.9
0.157995 0.16 [1.0126902750087] 62462.7 -6.01907913519502 5098 51.0
0.164672 0.14 [0.850174893120871] 59388.1 -6.14352704853404 5033 49.9
0.164672 0.19 [1.15380878352118] 66888.8 -5.95708306845274 5010 50.0
0.171631 0.09 [0.524380793679464] 58348.6 -6.60909250327431 5049 50.3
0.171631 0.26 [1.51487784840734] 64233.8 -5.64431472919399 4989 49.7
0.178885 0.10 [0.559018363753249] 55435.7 -6.4939167307194 5074 50.5
0.178885 0.25 [1.39754590938312] 62065.3 -5.69058926489757 5097 50.5
0.186445 0.11 [0.589986323044329] 52834.8 -6.39194597303402 4976 49.7
0.186445 0.26 [1.39451312719569] 59226.2 -5.64593865484802 5070 50.5
0.194324 0.06 [0.308762685000309] 53131.2 -7.04506661806589 5075 50.0
0.194324 0.32 [1.64673432000165] 56731.5 -5.43665547020229 4990 50.4
0.202537 0.09 [0.444363252146521] 51357.6 -6.64704582977896 5013 49.9
0.202537 0.32 [1.5799582298543] 54297.9 -5.43420712715642 4990 50.3
0.211096 0.11 [0.521089930647667] 49032.5 -6.44143596895604 4960 49.8
0.211096 0.32 [1.51589798006594] 52007.1 -5.4324922431236 4991 49.9
0.220017 0.11 [0.49996136662167] 44860.0 -6.39389096427978 4865 49.4
0.220017 0.33 [1.49988409986501] 49834.8 -5.40044568168727 5002 50.1
0.229316 0.13 [0.566903312459663] 46964.9 -6.3140870136428 4954 49.6
0.229316 0.33 [1.4390622547053] 40935.8 -5.24513328125448 4979 49.8
0.239007 0.10 [0.4183977875125] 43434.6 -6.53969899760969 5012 50.4
0.239007 0.37 [1.54807181379625] 45949.5 -5.28765278680282 5080 50.2
0.249108 0.22 [0.883151083064374] 38111.0 -5.66188193027575 5007 49.9
0.249108 0.28 [1.12401046935466] 43899.7 -5.56212440543008 4983 49.8
0.259636 0.11 [0.423670061162551] 39737.0 -6.43820301277799 4975 50.0
0.259636 0.41 [1.57913386433314] 42021.2 -5.17841772812612 5006 49.9
0.270608 0.25 [0.923845562584994] 35488.1 -5.54552777527323 4961 49.5
0.270608 0.30 [1.10861467510199] 36228.6 -5.38385765161235 5009 49.9
0.282045 0.14 [0.496374691981776] 36205.0 -6.18674142579291 4954 49.1
0.282045 0.43 [1.52457941108688] 38066.8 -5.11474392004846 4959 49.8
0.293964 0.28 [0.952497584738267] 33234.4 -5.44937317665171 5049 50.2
0.293964 0.30 [1.02053312650529] 34369.8 -5.41397309290787 4950 49.8
0.306388 0.13 [0.424298601772915] 33496.8 -6.26588771891933 4966 49.5
0.306388 0.48 [1.56664099116153] 35015.5 -5.00397697419256 4921 50.0
0.319336 0.30 [0.939449357416639] 29861.3 -5.3561446778953 4946 49.7
0.319336 0.34 [1.06470927173886] 30369.4 -5.24785372979825 5048 49.9
0.332832 0.30 [0.901355638880877] 28761.4 -5.36000957878892 5008 50.4
0.332832 0.37 [1.11167195461975] 31414.4 -5.2385212239344 5060 49.9
0.346898 0.31 [0.893634440094783] 27524.3 -5.32464772687491 4917 49.1
0.346898 0.39 [1.12424977947408] 30261.9 -5.18989352992069 4998 50.2
0.361559 0.36 [0.99568811729206] 26575.8 -5.18144221782506 4991 49.8
0.361559 0.36 [0.99568811729206] 26611.7 -5.18279215927566 4976 49.6
0.376839 0.35 [0.928778603063908] 24852.6 -5.18396724576939 4948 49.5
0.376839 0.41 [1.08799779216058] 24665.5 -5.01818637183857 4925 50.0
0.392765 0.19 [0.483749824958945] 23082.5 -5.76238213603071 4904 49.6
0.392765 0.59 [1.50217050908304] 23269.2 -4.63733951432122 4929 50.3
0.409364 0.19 [0.464134608807809] 22879.6 -5.79494633236619 4982 50.1
0.409364 0.63 [1.53897265025747] 22538.9 -4.58124760659102 5018 49.9
0.426664 0.38 [0.89063056644104] 21126.8 -5.06348792710538 4971 49.7
0.426664 0.47 [1.10156938480865] 21034.0 -4.84652428450564 5005 49.6
0.444696 0.01 [0.0224872722039326] 11351.4 -8.12126687887835 5018 49.6
0.444696 0.89 [2.00136722615] 20171.2 -4.20754526930279 4915 49.2
0.463489 0.05 [0.107877425354216] 19182.4 -7.07787282368294 5059 50.5
0.463489 0.87 [1.87706720116335] 19431.9 -4.23432547102716 5018 50.0
0.483077 0.19 [0.393312039281522] 18055.9 -5.72374447513645 4981 49.8
0.483077 0.78 [1.61464942441888] 18448.2 -4.33296893119015 4996 49.9
0.503493 0.11 [0.218473742435347] 15144.8 -6.13586666718777 4935 50.3
0.503493 0.87 [1.72792869017047] 17416.4 -4.20760887367281 5092 50.4
0.524772 0.01 [0.0190558947504821] 8154.3 -7.95604416991873 5028 49.5
0.524772 1.04 [1.98181305405014] 16723.7 -4.0299347503396 4936 49.3
0.546949 0.41 [0.749612852386603] 15254.5 -4.91019292892348 5049 49.8
0.546949 0.66 [1.20669385993941] 15700.1 -4.46290279386958 4975 50.0
0.570064 0.19 [0.333295910634595] 13917.4 -5.62898440380396 4933 49.7
0.570064 0.93 [1.63139577310618] 15254.5 -4.13255857545844 5075 50.4
0.594156 0.03 [0.0504917900349403] 4912.2 -6.47478642099708 4985 49.9
0.594156 1.14 [1.91868802132773] 14342.4 -3.90869853982679 5009 49.9
0.619266 0.02 [0.0322962991670784] 5099.2 -6.95900628175541 5063 50.1
0.619266 1.18 [1.90548165085763] 14003.5 -3.89169247153922 5055 50.5
0.645438 0.02 [0.0309867098001667] 4081.5 -6.77778143534083 4949 49.9
0.645438 1.23 [1.90568265271025] 13084.5 -3.82370801617833 5006 50.1
0.672715 0.02 [0.0297302721063155] 4034.3 -6.80754227895607 4928 49.9
0.672715 1.30 [1.9324676869105] 12578.4 -3.77030326159442 4929 49.6
0.701145 0.03 [0.0427871552959801] 3074.9 -6.17190969663374 5036 49.8
0.701145 1.32 [1.88263483302313] 12044.3 -3.75303920128849 5060 50.1
0.730777 0.58 [0.793675772499682] 10672.4 -4.49586120272518 5077 50.6
0.730777 0.81 [1.10840926849094] 10793.8 -4.17316598408141 5014 50.2
0.761661 0.25 [0.328230013089813] 8427.4 -5.14264894397173 5024 50.4
0.761661 1.19 [1.56237486230751] 10484.0 -3.80076325904904 4983 50.5
0.79385 0.65 [0.818794482584871] 9265.0 -4.32328600825704 5034 49.9
0.79385 0.86 [1.08332808465075] 9390.2 -4.05674871440972 4956 49.4
0.827399 0.78 [0.942713249593002] 9160.0 -4.17095928930959 4963 50.0
0.827399 0.78 [0.942713249593002] 9177.8 -4.17290063511884 4975 49.7
0.862367 0.66 [0.765335408242662] 8329.3 -4.28434050301617 4950 49.5
0.862367 0.95 [1.10161914822807] 8770.5 -3.97173275170947 5023 50.3
0.898812 0.51 [0.567415655331705] 8026.7 -4.54655663511221 5066 50.1
0.898812 1.17 [1.30171826811391] 8653.0 -3.79134093007558 5109 50.8
0.936797 0.80 [0.853973699744982] 7359.5 -4.05096686275572 4941 49.3
0.936797 0.91 [0.971395083459917] 6791.1 -3.8417549266573 4929 49.7
0.976388 0.70 [0.716928106449485] 6711.3 -4.13369237114453 5048 50.0
0.976388 1.07 [1.0958758198585] 7082.7 -3.76322129676829 4928 50.1
1.017652 0.87 [0.854909143793753] 6760.0 -3.96490295520132 5016 50.0
1.017652 0.98 [0.963001104503308] 6780.3 -3.84884205389147 4961 49.4
1.06066 0.45 [0.424264137423868] 4885.4 -4.34077020243503 4929 49.8
1.06066 1.43 [1.34821714781363] 6266.0 -3.43347508901668 4888 49.2
1.105485 0.81 [0.732710077477306] 6065.5 -4.01074214813265 5040 50.1
1.105485 1.15 [1.04026739394926] 6366.1 -3.70862923240067 5062 50.3
1.152205 0.44 [0.381876488992844] 4360.8 -4.33243356155476 4903 49.5
1.152205 1.61 [1.39732078926927] 6260.8 -3.39687127619464 4971 49.8
1.200899 0.77 [0.641186311255151] 4642.2 -3.87674358379697 4953 49.4
1.200899 1.26 [1.04921396387207] 4728.5 -3.40268673437128 4920 49.6
1.251651 0.37 [0.295609558894612] 3796.1 -4.44980996197512 5019 50.3
1.251651 1.83 [1.46206889939768] 5722.2 -3.26162084468852 4953 49.8
1.304548 1.05 [0.804876478289798] 4322.8 -3.57808978178819 4919 49.7
1.304548 1.12 [0.858534910175785] 4750.0 -3.6077925382503 5088 51.0
1.359681 1.02 [0.750175960390709] 4007.2 -3.57266021406218 5089 50.6
1.359681 1.20 [0.882559953400834] 4063.9 -3.42419164517736 5046 49.9
1.417143 0.79 [0.557459621223829] 3920.5 -3.84770438814371 5029 50.3
1.417143 1.59 [1.12197569334922] 4462.6 -3.27776039751992 4939 49.0
1.477034 0.86 [0.582247937420533] 3719.2 -3.75148748893339 4988 50.1
1.477034 1.58 [1.06971132688889] 4341.7 -3.29799713725073 4948 49.7
1.539456 1.22 [0.792487735927496] 3969.5 -3.50833837558971 5038 50.5
1.539456 1.29 [0.837958343726615] 3959.6 -3.45004988384178 5035 50.5
1.604516 0.94 [0.585846448399393] 3623.9 -3.71936833605694 5020 50.3
1.604516 1.67 [1.04081230726275] 4080.6 -3.26336254835666 5023 50.2
1.672326 1.27 [0.759421309003149] 3711.1 -3.48364688477906 5080 50.1
1.672326 1.44 [0.861076129893334] 3770.0 -3.37376734449159 4992 50.1
1.743001 1.29 [0.740102845609383] 3117.4 -3.3350854278463 4950 49.7
1.743001 1.40 [0.803212390583826] 2834.4 -3.15808636309498 5005 49.8
1.816664 1.29 [0.7100927854573] 2992.3 -3.33552194109383 5040 50.3
1.816664 1.52 [0.836698475887671] 3099.3 -3.20658778168513 4921 49.8
1.893439 0.55 [0.290476746280181] 2021.8 -3.83733994174611 5002 49.9
1.893439 2.38 [1.25697210208515] 3322.5 -2.86913176117455 4913 49.7
1.973459 1.32 [0.668876323247658] 2840.4 -3.343220976246 4994 50.1
1.973459 1.70 [0.861431628425014] 3025.6 -3.15338899337836 5070 50.1
2.056861 1.52 [0.738990140801931] 2651.5 -3.17471620187324 4934 49.9
2.056861 1.58 [0.768160804254639] 2824.6 -3.19924293375032 5091 50.9
2.143787 1.47 [0.685702450849828] 2546.2 -3.20903352699903 5067 50.5
2.143787 1.73 [0.806983156442314] 2683.6 -3.09873164434118 4963 49.4
2.234388 1.64 [0.733981743546779] 2615.0 -3.16765520563179 4949 49.9
2.234388 1.70 [0.760834734164344] 2620.3 -3.13374791392358 4947 49.8
2.328817 1.52 [0.65269190322812] 2151.1 -3.08974940255689 5015 50.0
2.328817 1.87 [0.802982801997753] 2447.1 -3.01144561733147 4969 50.2
2.427237 1.06 [0.436710547836903] 1643.7 -3.22255444839063 4958 48.8
2.427237 2.41 [0.992898509704656] 2440.5 -2.79644974712677 5016 50.2
2.529816 0.95 [0.375521381792194] 1592.1 -3.3416137516152 4991 49.8
2.529816 2.66 [1.05145986901814] 2442.0 -2.73975781060273 5022 50.4
2.63673 1.68 [0.637152837036784] 2132.6 -3.10520759712319 5000 49.6
2.63673 2.07 [0.78506331706318] 2158.2 -2.90838543160663 5081 50.5
2.748163 1.84 [0.669538160582178] 2080.5 -3.03089535117292 5018 50.8
2.748163 2.00 [0.72775887019802] 2093.5 -2.95374279927007 5091 50.5
2.864305 1.35 [0.471318522294239] 1654.6 -3.15290041805117 4988 49.8
2.864305 2.58 [0.90074206482899] 1980.9 -2.68520761068053 5021 50.0
2.985356 2.02 [0.676636220269877] 1925.8 -2.94308294201169 5026 50.1
2.985356 2.09 [0.70008401008121] 1927.4 -2.90984686605909 5060 50.3
3.111522 1.12 [0.359952460564315] 1397.9 -3.25387440562072 4886 49.5
3.111522 3.07 [0.986655405296829] 1950.1 -2.57843507214573 4992 50.2
3.243021 1.82 [0.561205123247737] 1630.7 -2.96379815707215 4934 49.9
3.243021 2.50 [0.770886158307331] 1719.3 -2.69925178704527 5037 50.2
3.380076 1.45 [0.428984437036327] 1445.7 -3.1120482562349 4986 50.1
3.380076 3.00 [0.887554007661366] 1760.2 -2.58183332962459 4987 50.0
3.522924 1.72 [0.488230799188401] 1430.8 -2.97232074906624 4900 49.2
3.522924 2.93 [0.831695489315126] 1748.3 -2.64005277568136 4959 49.5
3.671809 2.22 [0.604606612163105] 1499.0 -2.80509546427701 5050 50.1
3.671809 2.52 [0.686310208401363] 1559.5 -2.71791079658313 5058 50.0
3.826986 2.01 [0.525217494916365] 1341.9 -2.83514933115862 4999 49.5
3.826986 2.88 [0.75255044047718] 1526.7 -2.60451578223774 5002 49.9
3.988721 2.41 [0.604203703392641] 1370.6 -2.71621246568865 5069 50.1
3.988721 2.68 [0.671894574727087] 1487.5 -2.69187067693651 4999 50.5
4.157292 2.13 [0.512352752705367] 1299.9 -2.82814924436364 5096 50.3
4.157292 3.12 [0.750488539174058] 1526.7 -2.6072594271125 4976 50.2
4.332986 2.29 [0.528503900081837] 1293.5 -2.79217680169846 5085 50.3
4.332986 3.09 [0.71313408351654] 1322.2 -2.51450282162835 5077 50.4
4.516106 1.97 [0.436216510418489] 1059.5 -2.78453365897335 4979 49.8
4.516106 3.51 [0.777218249527358] 1278.0 -2.3944504214746 4965 49.5
4.706964 2.44 [0.51838085016159] 1186.1 -2.72483567384007 4921 49.6
4.706964 3.33 [0.707462389769711] 1326.7 -2.52588545104046 4928 49.4
4.905889 2.18 [0.444363906317489] 998.3 -2.70652998166876 4976 50.3
4.905889 3.72 [0.758272353899568] 1273.9 -2.41591569795806 4949 49.6
5.11322 2.38 [0.465460121019631] 1070.9 -2.73034825637616 5003 49.7
5.11322 3.77 [0.73730447741345] 1252.9 -2.4273351904443 4986 49.9
5.329314 2.11 [0.395923377755561] 1020.9 -2.84433915304434 4956 49.7
5.329314 4.23 [0.793723169623708] 1221.9 -2.32854754062163 4945 50.2
5.55454 2.17 [0.390671414734613] 952.0 -2.78781818452471 4998 49.5
5.55454 4.35 [0.783143158569386] 1199.4 -2.32338118291953 5109 50.6
5.789285 2.36 [0.407649649309025] 941.9 -2.73461099388079 5002 49.9
5.789285 4.37 [0.754842782830695] 1160.0 -2.32678577608245 5034 50.1
6.03395 3.47 [0.575079342719114] 1006.7 -2.4570449000057 4943 49.8
6.03395 3.49 [0.578393921063317] 1026.4 -2.47067763731618 5031 49.7
6.288955 2.61 [0.415013305072146] 919.1 -2.69220433511836 4969 49.7
6.288955 4.61 [0.733031163364979] 1084.2 -2.28852943590658 5134 50.8
6.554737 3.46 [0.527862521410089] 924.2 -2.45721260963679 4961 50.2
6.554737 4.02 [0.613296917938889] 1012.7 -2.39864610797757 5061 49.9
6.831752 3.26 [0.477183597999459] 853.7 -2.478798510603 4995 49.8
6.831752 4.38 [0.641123975226267] 926.6 -2.26541911055955 5006 50.0
7.120474 3.77 [0.529459134321676] 886.0 -2.41198095129061 5013 50.1
7.120474 4.13 [0.580017566246292] 895.5 -2.33144381667328 4988 50.1
7.421397 3.81 [0.513380432282493] 856.0 -2.40837320729728 4970 49.8
7.421397 4.34 [0.584795558033076] 920.0 -2.35023134222492 4987 50.4
7.735039 4.22 [0.545569324214138] 864.0 -2.35686287268901 5058 50.2
7.735039 4.28 [0.553326234037088] 881.3 -2.36257031244478 4981 50.2
8.061935 3.94 [0.48871641857693] 793.9 -2.38229509347194 4960 50.0
8.061935 4.76 [0.590428972697001] 842.3 -2.2524068851287 5000 50.0
8.402646 4.49 [0.534355487545233] 784.1 -2.28059522363364 4992 50.1
8.402646 4.64 [0.552207007173693] 802.0 -2.27030560377928 5033 50.1
8.757757 4.14 [0.472723780758018] 773.6 -2.38966368413914 4975 49.9
8.757757 5.25 [0.599468562555458] 808.6 -2.19638080844042 4946 49.4
9.127875 4.82 [0.528052805280528] 775.9 -2.28194734207919 4973 49.6
9.127875 4.89 [0.535721621954727] 774.3 -2.26546471614769 5036 50.3
9.513635 4.70 [0.494027782230451] 714.9 -2.26667090271924 5047 50.4
9.513635 5.28 [0.554992912803571] 734.5 -2.17735463655821 5030 50.2
9.915697 4.92 [0.496182971302975] 705.7 -2.24936545043631 5095 50.6
9.915697 5.44 [0.548625073961014] 704.6 -2.14733496797303 5001 49.9
10.334752 4.25 [0.41123386415078] 645.3 -2.34767324462538 4969 50.2
10.334752 6.42 [0.621205037140707] 721.0 -2.04609792220299 4996 50.0
10.771517 5.43 [0.504107267342195] 691.1 -2.21261543852922 5023 49.7
10.771517 5.66 [0.525459877192785] 679.2 -2.15376178415976 5005 49.8
11.22674 5.71 [0.50860712905082] 653.8 -2.14824560927713 5054 50.5
11.22674 5.80 [0.516623703764405] 639.7 -2.11080453755865 5046 50.8
11.701202 5.47 [0.467473341627638] 623.9 -2.18576776015616 4965 49.2
11.701202 6.50 [0.555498486394817] 646.3 -2.04851789284056 4990 49.9
12.195715 5.71 [0.468197231568629] 595.9 -2.13830321052424 5018 50.0
12.195715 6.53 [0.535433961846435] 631.4 -2.06198199927478 5035 50.3
12.711127 5.58 [0.438985465254182] 570.3 -2.15881621928171 4983 49.9
12.711127 7.32 [0.575873406032368] 606.1 -1.94827711849646 4969 49.6
13.248321 6.56 [0.495157084433567] 578.2 -2.05216475995182 5077 50.4
13.248321 6.66 [0.502705210720664] 582.5 -2.04444523421313 4970 49.7
13.808218 6.21 [0.44973218122715] 569.5 -2.13322651501105 4986 49.9
13.808218 7.46 [0.540257982601375] 589.6 -1.98451755472866 5042 50.6
14.391778 6.85 [0.475966207927888] 550.2 -2.0420549734131 4964 50.0
14.391778 7.43 [0.51626699633638] 557.0 -1.97306115839438 5001 49.6
14.999999 6.85 [0.456666697111113] 534.4 -2.05431081028759 5015 49.8
14.999999 7.77 [0.518000034533336] 554.5 -1.96521148275015 4966 50.0
15.633926 6.73 [0.430474085651934] 507.8 -2.06232052803099 5006 50.1
15.633926 8.62 [0.551365025010352] 531.9 -1.86117841948972 5064 50.3
16.294643 7.39 [0.453523283695138] 497.6 -1.98986991585722 4920 49.9
16.294643 8.34 [0.511824653047017] 514.3 -1.90194464580258 4964 50.0
16.983283 7.63 [0.449265315781407] 500.3 -2.00471428640788 5031 50.2
16.983283 8.81 [0.51874540393633] 509.7 -1.87952909060799 5020 49.9
17.701026 7.25 [0.409580777972983] 461.4 -2.01625118677832 4958 49.9
17.701026 9.54 [0.538951809912036] 491.3 -1.80454876361966 5040 50.5
18.449102 8.89 [0.481866271865156] 459.9 -1.8504624281391 4915 49.7
18.449102 8.96 [0.485660494478268] 466.2 -1.85622490273385 5057 49.9
19.228793 9.06 [0.471168419151426] 454.5 -1.86110229058652 4988 49.7
19.228793 9.55 [0.496651037847253] 460.6 -1.82176232991782 5044 50.3
20.041436 9.15 [0.456554111192431] 441.9 -1.86449636908908 4976 49.8
20.041436 9.74 [0.485993119455113] 447.9 -1.81549551179863 5014 49.9
20.888422 10.87 [0.520383971560896] 447.7 -1.74667640419766 5091 50.8
20.888422 8.64 [0.413626266263675] 428.6 -1.93268124030737 5042 50.1
21.771203 10.96 [0.503417289343175] 435.8 -1.75288398014556 5039 50.1
21.771203 9.45 [0.434059615355201] 420.8 -1.86609575907276 4984 49.8
22.691292 10.67 [0.470224436757502] 409.1 -1.75786950407996 5027 50.2
22.691292 10.68 [0.470665134448933] 410.9 -1.76132298681558 5001 50.1
23.650265 10.85 [0.458768643818579] 400.4 -1.7610379933075 4919 49.8
23.650265 11.44 [0.483715510164474] 403.0 -1.71455960184794 5034 50.3
24.649767 10.87 [0.440977799100495] 391.9 -1.77913215808758 5051 49.9
24.649767 12.12 [0.491688217580312] 401.5 -1.69448270676076 5049 50.2
25.691509 10.10 [0.393125993494582] 372.6 -1.84349528842963 4983 49.8
25.691509 13.52 [0.526243904163045] 392.9 -1.60491031005895 5030 50.1
26.777277 11.57 [0.432082769282328] 366.6 -1.73277415483852 4884 49.2
26.777277 13.16 [0.491461473099001] 380.6 -1.64148538960337 4991 49.8
27.908931 11.97 [0.428894965557799] 358.4 -1.71755761256536 4970 49.9
27.908931 13.53 [0.484791051294655] 372.8 -1.6344440916632 5060 50.3
29.088411 12.79 [0.439694007348837] 354.5 -1.68174928371838 4937 49.9
29.088411 13.36 [0.459289440045384] 360.2 -1.6540988179703 4929 49.4
30.317738 12.54 [0.413619248243388] 337.7 -1.69433205185999 4979 50.1
30.317738 15.32 [0.505314743467999] 352.4 -1.53670538942283 4916 49.9
31.599019 12.62 [0.399379487065722] 331.5 -1.71083573422378 4872 48.9
31.599019 16.16 [0.511408281377343] 343.6 -1.49942991872808 5028 50.2
32.934448 14.59 [0.4430012004452] 327.6 -1.59534085701475 5017 49.7
32.934448 15.81 [0.480044481085579] 332.5 -1.52988107644506 5043 50.5
34.326315 14.66 [0.427077593385716] 320.6 -1.61034851081039 4996 49.6
34.326315 16.03 [0.466988664527492] 326.8 -1.54016336345783 4971 50.0
35.777005 15.97 [0.44637610107386] 314.2 -1.54598783809438 5052 49.9
35.777005 16.73 [0.467618795927719] 317.2 -1.50899904926174 5029 50.1
37.289004 16.95 [0.454557595585015] 303.7 -1.4938357283894 4946 50.0
37.289004 17.35 [0.465284618489676] 305.6 -1.47674774106365 5055 50.2
38.864902 17.21 [0.442815988574987] 294.5 -1.48924467990199 5032 50.6
38.864902 18.65 [0.479867413534196] 300.5 -1.42905789491923 5017 49.7
40.507401 16.84 [0.415726498967436] 288.3 -1.5310939998921 5045 50.0
40.507401 19.36 [0.477937352732159] 296.1 -1.41833755732104 5007 50.0
42.219314 17.32 [0.410238783131341] 284.1 -1.52970688569418 4908 49.5
42.219314 20.45 [0.484375468535562] 291.6 -1.38964261761402 5082 50.6
44.003576 17.81 [0.404739832962666] 275.5 -1.51246314053823 4948 49.8
44.003576 21.90 [0.497686824361729] 284.3 -1.33717899108133 4998 49.8
45.863244 19.24 [0.419508048754685] 272.4 -1.46530884689528 4970 49.8
45.863244 21.84 [0.476198325613426] 277.3 -1.35638551960252 4995 50.1
47.801505 21.29 [0.445383466482907] 266.6 -1.38393375910037 5059 50.3
47.801505 22.43 [0.469232087985514] 270.9 -1.34777223082008 5023 50.3
49.821679 22.45 [0.450607054009561] 260.6 -1.34951096699715 5017 50.4
49.821679 22.57 [0.453015644053264] 259.7 -1.34072044433393 4945 49.7
51.92723 23.61 [0.454674743867524] 253.9 -1.31447815891449 5045 50.3
51.92723 24.23 [0.466614529602291] 256.7 -1.29952457434994 4972 49.8
54.121766 23.16 [0.42792395207503] 250.0 -1.35963540502135 4936 49.4
54.121766 25.45 [0.470235949063451] 255.2 -1.285932948338 5074 50.1
56.343889 23.62 [0.419211389543949] 243.7 -1.35468264316568 4852 49.8
56.343889 27.75 [0.492511264176316] 250.0 -1.21906357097354 4688 48.2
58.424717 24.85 [0.42533368197573] 243.3 -1.33854123974691 5007 50.1
58.424717 29.58 [0.50629256792121] 240.8 -1.15397199865209 4880 49.3
60.582391 25.61 [0.422730096605134] 234.0 -1.30570719434169 5952 54.9
60.582391 31.36 [0.517642164370832] 245.5 -1.15113273094779 5148 49.3
62.81975 15.72 [0.250239773319696] 210.7 -1.72513575419109 4810 48.4
62.81975 40.89 [0.650909944722798] 240.6 -0.90188448954603 4905 50.8
65.139737 27.12 [0.41633573067696] 225.6 -1.28439152483761 4820 49.7
65.139737 31.50 [0.483575793374788] 235.5 -1.17762283591078 5160 49.7
67.545402 28.52 [0.422234514201278] 215.7 -1.22544765774452 5232 50.0
67.545402 35.65 [0.527793142751597] 225.0 -1.04451595523962 4981 49.7
70.039911 24.49 [0.349657782974624] 219.7 -1.43242805104462 4841 47.6
70.039911 34.42 [0.491434091057026] 225.6 -1.11855567145864 5008 50.6
72.626544 34.03 [0.468561467003029] 222.2 -1.15103056943928 5071 51.9
72.626544 34.86 [0.479989795466517] 216.7 -1.101869049197 5081 49.3
75.308704 23.24 [0.308596467149401] 191.8 -1.42153865546455 4820 48.1
75.308704 48.50 [0.644015863026935] 222.4 -0.833874189431916 5075 52.3
78.089918 35.23 [0.451146587194521] 208.9 -1.12718333971672 5002 49.4
78.089918 39.17 [0.501601243837905] 215.9 -1.05412985335037 5081 51.7
80.973845 38.72 [0.478179095978461] 203.6 -1.04329192946578 5208 50.1
80.973845 40.14 [0.495715622742134] 197.6 -0.977362349143362 5135 50.8
83.964278 31.32 [0.373015772254958] 193.4 -1.2402598642894 5032 50.2
83.964278 48.14 [0.573339057354843] 210.3 -0.894177802746536 4955 53.0
87.065149 35.46 [0.407281218803175] 195.2 -1.16164075673163 5069 51.1
87.065149 46.01 [0.528454847070899] 200.7 -0.928973875033613 5003 52.7
90.280539 39.55 [0.438078908678204] 198.5 -1.10551003406342 4650 48.6
90.280539 43.84 [0.485597455283248] 197.3 -0.996465398538643 4852 48.6
93.614676 39.98 [0.427069789783816] 193.6 -1.10596671773828 4980 48.9
93.614676 48.33 [0.51626520610935] 199.9 -0.948316627617416 5075 48.8
97.071945 38.80 [0.399703539472708] 186.6 -1.13536415229779 5069 51.1
97.071945 50.88 [0.524147321865241] 194.0 -0.903205350545239 5003 52.7
100.656894 46.13 [0.458289523616733] 190.0 -1.01664292501855 5190 50.8
100.656894 49.65 [0.493259805930431] 192.6 -0.956699459300632 5114 50.5
104.374238 46.57 [0.446182898120895] 190.0 -1.04341510361551 4899 50.0
104.374238 52.77 [0.505584529393163] 189.8 -0.917375627207563 4822 50.4
108.228867 44.22 [0.408578609623623] 179.8 -1.0762807763174 4739 47.3
108.228867 52.83 [0.488132246639891] 184.8 -0.925807777740538 4732 49.3
112.225851 48.92 [0.435906696755634] 183.6 -1.03245124089103 5404 51.2
112.225851 55.12 [0.491152435101606] 188.4 -0.938932808960468 5150 50.6
116.370447 55.54 [0.477268940970898] 182.4 -0.935241912974114 4875 48.5
116.370447 55.61 [0.477870468264163] 182.1 -0.932336262746627 5224 51.4
120.668106 50.46 [0.418171807552859] 178.7 -1.04693603611953 4988 49.5
120.668106 58.81 [0.487369877173675] 184.5 -0.925746112175778 4868 48.6
125.124481 48.80 [0.390011607720475] 173.6 -1.08769728504553 5064 49.4
125.124481 67.12 [0.536425801438489] 178.0 -0.793975283811513 5448 53.2
129.745434 50.40 [0.388452976310519] 177.2 -1.11222689967275 5260 51.0
129.745434 69.34 [0.534431138439908] 183.8 -0.829765306243798 5401 52.2
