0.075 0.14 [1.86666666666667] 123859 -6.09210949765869 5073 50.3
0.088505 0.17 [1.92079543528614] 113886 -5.97957854348965 5029 51.3
0.104442 0.21 [2.01068535646579] 93560 -5.73724728928302 5082 48.9
0.123248 0.23 [1.86615604310009] 76039 -5.60448562813388 5292 52.3
0.145442 0.29 [1.99392197577041] 65494 -5.38897497900707 5073 50.3
0.171631 0.34 [1.98099410945575] 56157 -5.24167253018176 4918 49.2
0.202537 0.14 [0.691231725561255] 50602 -6.19039124938601 5053 51.5
0.202537 0.25 [1.23434236707367] 52452 -5.64648011859825 5078 50.9
0.239007 0.18 [0.753116017522499] 45542 -5.99929095130768 5051 49.9
0.239007 0.30 [1.2551933625375] 40927 -5.38162034238225 4956 50.4
0.282045 0.14 [0.496374691981776] 36131 -6.18469541755871 5098 50.6
0.282045 0.41 [1.45366874080377] 38178 -5.16528889134179 5060 51.2
0.332832 0.01 [0.0300451879626959] 17884 -8.28607920843429 5149 51.4
0.332832 0.65 [1.95293721757523] 27411 -4.53872987285151 5151 50.2
0.392765 0.23 [0.585591893371354] 23265 -5.57920222989997 4879 48.9
0.392765 0.57 [1.45124947487683] 23160 -4.66712174540275 4800 49.3
0.463489 0.13 [0.28048130592096] 16966 -5.9995795280698 5004 51.0
0.463489 0.77 [1.66131235045492] 19279 -4.34852854290944 5011 50.8
0.546949 0.02 [0.0365664806042245] 6804 -7.12325394810895 4953 47.6
0.546949 1.04 [1.90145699141968] 15924 -4.02232696013198 5068 51.1
0.645438 0.13 [0.201413613701084] 1695 -4.02719743136238 5033 49.9
0.645438 1.06 [1.64229561940884] 12158 -3.89901234320597 4997 50.6
0.761661 0.05 [0.0656460026179626] 2185 -5.40221438281286 5080 49.4
0.761661 1.37 [1.79870047173217] 10723 -3.68244650810929 5278 50.7
0.898812 0.06 [0.0667547829802005] 1634 -5.09488031045849 5138 51.2
0.898812 1.67 [1.85800812628225] 8770 -3.44895177721607 4951 48.5
1.06066 0.07 [0.0659966435992684] 1790 -5.19748699754393 5050 51.6
1.06066 1.84 [1.73476891746648] 7343 -3.33999324760707 5022 51.1
1.251651 0.60 [0.479366852261533] 3716 -3.94505690942864 5006 49.4
1.251651 1.56 [1.24635381587999] 5429 -3.36865259837293 4934 49.6
1.477034 0.82 [0.555166638005625] 3652 -3.78088190926113 4738 47.5
1.477034 1.66 [1.1238739257187] 4572 -3.30028915136868 5182 51.3
1.743001 0.73 [0.418817889375852] 2893 -3.82973309598076 4605 48.0
1.743001 2.09 [1.19908135451443] 3788 -3.04740243449418 4866 50.3
2.056861 0.97 [0.471592392485443] 2369 -3.51122815179773 4998 50.7
2.056861 2.14 [1.04042032981324] 3157 -3.00711739967847 5092 50.2
2.427237 0.32 [0.131837146516801] 403 -3.01448912443717 5068 51.8
2.427237 3.25 [1.33897101931126] 2714 -2.6036421233553 5008 50.2
2.864305 0.53 [0.185036160604405] 510 -2.91097944189976 4893 49.1
2.864305 3.37 [1.17655068157895] 2261 -2.55034017165912 5036 50.4
3.380076 0.44 [0.130174587790334] 308 -2.75834323539639 4806 49.5
3.380076 3.99 [1.18044683018962] 1879 -2.36196666886468 5174 50.6
3.988721 1.13 [0.283298831881197] 806 -2.94270144382187 4940 49.7
3.988721 3.77 [0.945165129373551] 1134 -2.07926681686727 5241 51.6
4.706964 1.08 [0.229447261546933] 701 -3.01395466600841 4902 47.8
4.706964 4.76 [1.0112675601513] 1448 -2.25609872481228 5037 50.6
5.55454 0.85 [0.153027973513558] 458 -2.99336843089767 4752 48.7
5.55454 5.65 [1.01718594159012] 1266 -2.11594237483149 5258 50.7
6.554737 0.91 [0.138830894359301] 457 -3.0885467706357 5007 50.3
6.554737 6.43 [0.980969945857477] 1077 -1.99051283917712 5116 49.7
7.735039 3.47 [0.448607951427265] 665 -2.29075767862996 4796 48.2
7.735039 4.81 [0.621845604139811] 784 -2.12883716816561 5000 50.1
9.127875 4.22 [0.462320090930255] 767 -2.40334929756113 5143 49.2
9.127875 5.42 [0.593785519630801] 796 -2.19020099463462 5123 50.9
10.771517 2.15 [0.199600483385952] 463 -2.73852925332438 5041 50.7
10.771517 8.96 [0.831823409831689] 733 -1.77064551627753 5067 48.8
12.711127 10.72 [0.843355589162157] 674 -1.67296141278209 5023 49.1
12.711127 2.05 [0.161276022181196] 371 -2.73020472696956 4685 49.2
15 6.87 [0.458] 547 -2.07469960319368 4883 52.2
15 7.89 [0.526] 553 -1.94717677367051 5008 50.9
17.701026 8.39 [0.473983824440459] 471 -1.89080488344256 5275 49.4
17.701026 8.67 [0.489802116555278] 465 -1.84515592470016 5206 50.2
20.888422 12.28 [0.587885480291427] 431 -1.58669590746861 4970 50.2
20.888422 7.34 [0.351390832682335] 388 -1.9962262370807 4983 49.3
24.649767 14.19 [0.57566467058289] 405 -1.5454817299497 5096 50.5
24.649767 8.86 [0.359435446184948] 383 -1.96062037857877 5012 48.9
29.088411 18.03 [0.619834476348674] 369 -1.37846416016225 4860 47.7
29.088411 8.64 [0.297025506137135] 326 -1.99019935188769 4920 48.4
34.326315 14.16 [0.412511509027404] 313 -1.62105906936802 4901 48.5
34.326315 16.46 [0.47951549707564] 325 -1.50816895417426 5000 49.5
40.507401 17.67 [0.436216581755023] 292 -1.4957349199986 5136 49.1
40.507401 20.60 [0.50854904267988] 295 -1.35253368460621 5192 49.8
47.801505 21.76 [0.455215792891877] 261 -1.3408688155961 5031 49.4
47.801505 21.92 [0.458562967839611] 262 -1.33736687194243 5221 51.8
56.409046 24.78 [0.439291244173851] 243 -1.30501880875712 5125 50.7
56.409046 25.68 [0.455246131976775] 244 -1.27344998808901 5311 52.4
66.566534 25.07 [0.376615672974651] 225 -1.38199515470015 4846 49.1
66.566534 34.66 [0.520682059246167] 234 -1.09730149573618 5209 50.8
78.553064 30.34 [0.386235729773698] 201 -1.24397701098522 4924 48.4
78.553064 38.24 [0.486804690393745] 203 -1.02246296770512 4969 51.0
92.69799 39.82 [0.429567027289373] 185 -1.05469802183486 5167 49.8
92.69799 44.12 [0.475954225113187] 185 -0.952154126085604 4830 48.7
109.389971 51.25 [0.468507300363029] 175 -0.912354274833905 4790 48.7
109.389971 52.17 [0.476917577754911] 176 -0.900260296932759 4896 49.3
129.08765 61.40 [0.475645811198825] 169 -0.862345216673086 4977 50.9
129.08765 62.15 [0.481455817035944] 168 -0.844269498349648 5228 52.5
152.332258 67.54 [0.443372932868887] 164 -0.902575161890738 4844 49.8
152.332258 70.08 [0.460047011185247] 163 -0.859541503202587 5105 50.7
179.762487 74.59 [0.414936404390088] 161 -0.950399083815989 4853 48.2
179.762487 77.46 [0.430901915592656] 161 -0.912643859696455 5179 50.6
212.132034 80.51 [0.379527780325719] 157 -1.01443799363836 4859 50.0
212.132034 81.56 [0.384477527802331] 157 -1.00148044824399 4998 48.3
250.330314 83.51 [0.333599230015746] 153 -1.11761754390266 4942 50.9
250.330314 84.49 [0.337514057526409] 153 -1.10595074490305 4899 49.2
295.406897 87.72 [0.296946350578944] 151 -1.22084833699641 5121 50.9
295.406897 87.97 [0.297792640907771] 151 -1.21800241328151 5156 50.8
348.60035 83.96 [0.240848868912495] 151 -1.43023018486772 4984 51.2
348.60035 84.89 [0.243516680347567] 151 -1.41921437907027 4789 49.2
411.372263 82.72 [0.201083075938934] 151 -1.61068168590305 4678 47.8
411.372263 85.63 [0.208156960742878] 151 -1.57610740762507 5049 51.3
485.447415 84.88 [0.17484901016519] 151 -1.75047701925869 4896 48.6
485.447415 87.32 [0.179875301220834] 151 -1.72213598188268 4891 48.8
572.861163 86.36 [0.150752059273392] 151 -1.89876332599848 5078 51.4
572.861163 88.48 [0.154452781432488] 151 -1.87451139387106 5129 50.7
676.015367 83.95 [0.124183567560824] 151 -2.09263896722823 4859 48.4
676.015367 86.56 [0.128044426540381] 151 -2.06202253565361 5030 50.9
797.744384 83.35 [0.104482089340537] 151 -2.265384158856 5054 50.3
797.744384 89.26 [0.111890477438949] 151 -2.19687930885168 5248 50.8
941.392953 85.51 [0.090833482158008] 151 -2.40537185783017 4945 49.0
941.392953 86.79 [0.0921931694128584] 151 -2.39051377834188 5127 52.3
1110.908092 85.53 [0.0769910675922955] 152 -2.57731109590247 5024 50.0
1110.908092 88.49 [0.0796555544398717] 151 -2.53668805218455 5074 50.5
1310.947554 84.45 [0.0644190530294853] 151 -2.7489903778517 4970 49.9
1310.947554 85.93 [0.0655480074224235] 152 -2.73821769381173 4863 49.4
1547.007806 86.60 [0.0559790323385091] 152 -2.89602330763725 4897 48.8
1547.007806 88.40 [0.0571425688074388] 151 -2.86885046953069 5095 51.0
1825.575054 85.47 [0.046818124411115] 152 -3.0747301040379 4760 49.4
1825.575054 87.16 [0.0477438601108317] 152 -3.05515003113941 4907 48.2
2154.303465 85.05 [0.0394791176738882] 152 -3.24522864010232 4857 48.6
2154.303465 86.82 [0.0403007289411754] 151 -3.21803026504139 5009 50.2
2542.22548 87.57 [0.0344461971170236] 152 -3.38160190284111 4991 49.6
2542.22548 88.77 [0.0349182244841634] 151 -3.36139093726367 5239 50.6
