This is pdfTeX, Version 3.1415926-1.40.10 (TeX Live 2009/Debian) (format=pdflatex 2011.10.24)  11 OCT 2012 02:33
entering extended mode
 %&-line parsing enabled.
**graphs
(./graphs.tex
LaTeX2e <2009/09/24>
Babel <v3.8l> and hyphenation patterns for english, usenglishmax, dumylang, noh
yphenation, loaded.
(/usr/share/texmf-texlive/tex/latex/base/article.cls
Document Class: article 2007/10/19 v1.4h Standard LaTeX document class
(/usr/share/texmf-texlive/tex/latex/base/size10.clo
File: size10.clo 2007/10/19 v1.4h Standard LaTeX file (size option)
)
\c@part=\count79
\c@section=\count80
\c@subsection=\count81
\c@subsubsection=\count82
\c@paragraph=\count83
\c@subparagraph=\count84
\c@figure=\count85
\c@table=\count86
\abovecaptionskip=\skip41
\belowcaptionskip=\skip42
\bibindent=\dimen102
)
(/usr/share/texmf-texlive/tex/latex/preprint/fullpage.sty
Package: fullpage 1999/02/23 1.1 (PWD)
\FP@margin=\skip43
)
(/usr/share/texmf-texlive/tex/latex/graphics/graphicx.sty
Package: graphicx 1999/02/16 v1.0f Enhanced LaTeX Graphics (DPC,SPQR)

(/usr/share/texmf-texlive/tex/latex/graphics/keyval.sty
Package: keyval 1999/03/16 v1.13 key=value parser (DPC)
\KV@toks@=\toks14
)
(/usr/share/texmf-texlive/tex/latex/graphics/graphics.sty
Package: graphics 2009/02/05 v1.0o Standard LaTeX Graphics (DPC,SPQR)

(/usr/share/texmf-texlive/tex/latex/graphics/trig.sty
Package: trig 1999/03/16 v1.09 sin cos tan (DPC)
)
(/etc/texmf/tex/latex/config/graphics.cfg
File: graphics.cfg 2009/08/28 v1.8 graphics configuration of TeX Live
)
Package graphics Info: Driver file: pdftex.def on input line 91.

(/usr/share/texmf-texlive/tex/latex/pdftex-def/pdftex.def
File: pdftex.def 2010/03/12 v0.04p Graphics/color for pdfTeX
\Gread@gobject=\count87
))
\Gin@req@height=\dimen103
\Gin@req@width=\dimen104
)
(/usr/share/texmf-texlive/tex/latex/psnfss/times.sty
Package: times 2005/04/12 PSNFSS-v9.2a (SPQR) 
)
(/usr/share/texmf/tex/latex/xcolor/xcolor.sty
Package: xcolor 2007/01/21 v2.11 LaTeX color extensions (UK)

(/etc/texmf/tex/latex/config/color.cfg
File: color.cfg 2007/01/18 v1.5 color configuration of teTeX/TeXLive
)
Package xcolor Info: Package option `usenames' ignored on input line 216.
Package xcolor Info: Driver file: pdftex.def on input line 225.
Package xcolor Info: Model `cmy' substituted by `cmy0' on input line 1337.
Package xcolor Info: Model `hsb' substituted by `rgb' on input line 1341.
Package xcolor Info: Model `RGB' extended on input line 1353.
Package xcolor Info: Model `HTML' substituted by `rgb' on input line 1355.
Package xcolor Info: Model `Hsb' substituted by `hsb' on input line 1356.
Package xcolor Info: Model `tHsb' substituted by `hsb' on input line 1357.
Package xcolor Info: Model `HSB' substituted by `hsb' on input line 1358.
Package xcolor Info: Model `Gray' substituted by `gray' on input line 1359.
Package xcolor Info: Model `wave' substituted by `hsb' on input line 1360.

(/usr/share/texmf-texlive/tex/latex/graphics/dvipsnam.def
File: dvipsnam.def 1999/02/16 v3.0i Driver-dependant file (DPC,SPQR)
)) (./graphs.aux)
\openout1 = `graphs.aux'.

LaTeX Font Info:    Checking defaults for OML/cmm/m/it on input line 7.
LaTeX Font Info:    ... okay on input line 7.
LaTeX Font Info:    Checking defaults for T1/cmr/m/n on input line 7.
LaTeX Font Info:    ... okay on input line 7.
LaTeX Font Info:    Checking defaults for OT1/cmr/m/n on input line 7.
LaTeX Font Info:    ... okay on input line 7.
LaTeX Font Info:    Checking defaults for OMS/cmsy/m/n on input line 7.
LaTeX Font Info:    ... okay on input line 7.
LaTeX Font Info:    Checking defaults for OMX/cmex/m/n on input line 7.
LaTeX Font Info:    ... okay on input line 7.
LaTeX Font Info:    Checking defaults for U/cmr/m/n on input line 7.
LaTeX Font Info:    ... okay on input line 7.
LaTeX Font Info:    Try loading font information for OT1+ptm on input line 7.

(/usr/share/texmf-texlive/tex/latex/psnfss/ot1ptm.fd
File: ot1ptm.fd 2001/06/04 font definitions for OT1/ptm.
)
(/usr/share/texmf-texlive/tex/context/base/supp-pdf.mkii
[Loading MPS to PDF converter (version 2006.09.02).]
\scratchcounter=\count88
\scratchdimen=\dimen105
\scratchbox=\box26
\nofMPsegments=\count89
\nofMParguments=\count90
\everyMPshowfont=\toks15
\MPscratchCnt=\count91
\MPscratchDim=\dimen106
\MPnumerator=\count92
\everyMPtoPDFconversion=\toks16
)
LaTeX Font Info:    External font `cmex10' loaded for size
(Font)              <5> on input line 13.
 (./VerizonLTE-Downlink.pdf_tex
<VerizonLTE-Downlink.pdf, id=1, 481.8pt x 385.44pt>
File: VerizonLTE-Downlink.pdf Graphic file (type pdf)

<use VerizonLTE-Downlink.pdf>) (./VerizonLTE-Uplink.pdf_tex
<VerizonLTE-Uplink.pdf, id=3, 481.8pt x 385.44pt>
File: VerizonLTE-Uplink.pdf Graphic file (type pdf)
 <use VerizonLTE-Uplink.pdf>)
(./Verizon3G1xEV-DO-Downlink.pdf_tex
<Verizon3G1xEV-DO-Downlink.pdf, id=5, 481.8pt x 385.44pt>
File: Verizon3G1xEV-DO-Downlink.pdf Graphic file (type pdf)

<use Verizon3G1xEV-DO-Downlink.pdf>) (./Verizon3G1xEV-DO-Uplink.pdf_tex
<Verizon3G1xEV-DO-Uplink.pdf, id=7, 481.8pt x 385.44pt>
File: Verizon3G1xEV-DO-Uplink.pdf Graphic file (type pdf)

<use Verizon3G1xEV-DO-Uplink.pdf>) (./ATTLTE-Downlink.pdf_tex
<ATTLTE-Downlink.pdf, id=9, 481.8pt x 385.44pt>
File: ATTLTE-Downlink.pdf Graphic file (type pdf)
 <use ATTLTE-Downlink.pdf>)
(./ATTLTE-Uplink.pdf_tex <ATTLTE-Uplink.pdf, id=11, 481.8pt x 385.44pt>
File: ATTLTE-Uplink.pdf Graphic file (type pdf)

<use ATTLTE-Uplink.pdf>) (./T-Mobile3GUMTS-Downlink.pdf_tex
<T-Mobile3GUMTS-Downlink.pdf, id=13, 481.8pt x 385.44pt>
File: T-Mobile3GUMTS-Downlink.pdf Graphic file (type pdf)

<use T-Mobile3GUMTS-Downlink.pdf>) (./T-Mobile3GUMTS-Uplink.pdf_tex
<T-Mobile3GUMTS-Uplink.pdf, id=15, 481.8pt x 385.44pt>
File: T-Mobile3GUMTS-Uplink.pdf Graphic file (type pdf)

<use T-Mobile3GUMTS-Uplink.pdf>) [1

]
Overfull \vbox (17.74846pt too high) has occurred while \output is active []


[2{/var/lib/texmf/fonts/map/pdftex/updmap/pdftex.map} <./VerizonLTE-Downlink.pd
f> <./VerizonLTE-Uplink.pdf> <./Verizon3G1xEV-DO-Downlink.pdf> <./Verizon3G1xEV
-DO-Uplink.pdf> <./ATTLTE-Downlink.pdf> <./ATTLTE-Uplink.pdf> <./T-Mobile3GUMTS
-Downlink.pdf> <./T-Mobile3GUMTS-Uplink.pdf>] (./graphs.aux) ) 
Here is how much of TeX's memory you used:
 1543 strings out of 495061
 19930 string characters out of 1182572
 88697 words of memory out of 3000000
 4733 multiletter control sequences out of 15000+50000
 5732 words of font info for 17 fonts, out of 3000000 for 9000
 28 hyphenation exceptions out of 8191
 25i,13n,35p,211b,260s stack positions out of 5000i,500n,10000p,200000b,50000s
{/usr/share/texmf
-texlive/fonts/enc/dvips/base/8r.enc}</usr/share/texmf-texlive/fonts/type1/urw/
times/utmr8a.pfb>
Output written on graphs.pdf (2 pages, 30109 bytes).
PDF statistics:
 38 PDF objects out of 1000 (max. 8388607)
 0 named destinations out of 1000 (max. 500000)
 41 words of extra memory for PDF output out of 10000 (max. 10000000)

